[file_runner.Program] [thread-1] [2021-12-18 00:59:08.928]  已接收到主进程id：15072
[file_runner.Program] [thread-1] [2021-12-18 02:13:39.449]  已接收到主进程id：3140
[file_runner.service.Server] [thread-9] [2021-12-18 02:14:25.629]  收到请求：{"reqId":1,"action":"diropenby","data":"{\"url\":\"diropenby://d:\\\\xxx@@code\"}"}
[file_runner.service.Server] [thread-9] [2021-12-18 02:14:25.772]  System.Exception: 目录不存在，无法打开：
d:\xxx
   在 file_runner.service.DirOpenByHandler.handle(BaseReq generalReq)
   在 file_runner.service.Server.<>c__DisplayClass12_0.<handleRequest>b__0()
[file_runner.service.Server] [thread-9] [2021-12-18 02:14:25.773]  返回结果：{ reqId=1, succ=False, msg=目录不存在，无法打开：
d:\xxx, data= }
[file_runner.service.Server] [thread-9] [2021-12-18 02:15:10.001]  收到请求：{"reqId":2,"action":"diropenby","data":"{\"url\":\"diropenby://F:\\\\workspace2\\\\front\\\\ims@@code\"}"}
[file_runner.service.Server] [thread-9] [2021-12-18 02:15:10.223]  返回结果：{ reqId=2, succ=True, msg=, data= }
[file_runner.service.Server] [thread-9] [2021-12-18 02:15:32.512]  收到请求：{"reqId":3,"action":"diropenby","data":"{\"url\":\"diropenby://F:\\\\workspace2\\\\front\\\\ims@@codes\"}"}
[file_runner.service.Server] [thread-9] [2021-12-18 02:15:32.576]  System.Exception: 未找到指定的打开方式：
codes
   在 file_runner.service.DirOpenByHandler.handle(BaseReq generalReq)
   在 file_runner.service.Server.<>c__DisplayClass12_0.<handleRequest>b__0()
[file_runner.service.Server] [thread-9] [2021-12-18 02:15:32.576]  返回结果：{ reqId=3, succ=False, msg=未找到指定的打开方式：
codes, data= }
[file_runner.service.Server] [thread-10] [2021-12-18 02:15:43.824]  收到请求：{"reqId":4,"action":"diropenby","data":"{\"url\":\"diropenby://F:\\\\workspace2\\\\front\\\\imssss@@codes\"}"}
[file_runner.service.Server] [thread-10] [2021-12-18 02:15:43.846]  System.Exception: 目录不存在，无法打开：
F:\workspace2\front\imssss
   在 file_runner.service.DirOpenByHandler.handle(BaseReq generalReq)
   在 file_runner.service.Server.<>c__DisplayClass12_0.<handleRequest>b__0()
[file_runner.service.Server] [thread-10] [2021-12-18 02:15:43.846]  返回结果：{ reqId=4, succ=False, msg=目录不存在，无法打开：
F:\workspace2\front\imssss, data= }
[file_runner.service.Server] [thread-10] [2021-12-18 02:16:13.904]  收到请求：{"reqId":5,"action":"diropenby","data":"{\"url\":\"diropenby://F:\\\\workspace2\\\\front\\\\ims@@code\"}"}
[file_runner.service.Server] [thread-10] [2021-12-18 02:16:13.995]  返回结果：{ reqId=5, succ=True, msg=, data= }
[file_runner.service.Server] [thread-19] [2021-12-18 02:17:54.120]  收到请求：{"reqId":6,"action":"diropenby","data":"{\"url\":\"diropenby://F:\\\\workspace2\\\\front\\\\ims@@code\"}"}
[file_runner.service.Server] [thread-19] [2021-12-18 02:17:54.210]  返回结果：{ reqId=6, succ=True, msg=, data= }
