[file_runner.Program] [thread-1] [2022-02-19 00:35:15.529]  已接收到主进程id：25424
[file_runner.service.Server] [thread-9] [2022-02-19 00:35:52.386]  收到请求：{"reqId":1,"action":"cp","data":"{\"url\":\"cp://https://baidu.com\"}"}
[file_runner.service.Server] [thread-9] [2022-02-19 00:35:52.462]  返回结果：{ reqId=1, succ=True, msg=, data=System.Collections.Hashtable }
[file_runner.service.Server] [thread-9] [2022-02-19 00:35:52.480]  收到请求：{"reqId":2,"action":"notify","data":"{\"pic\":\"F:\\\\workspace2\\\\front\\\\gmap-ui\\\\main\\\\imgs\\\\succ.png\",\"title\":\"内容已复制\",\"body\":\"https://baidu.com\"}"}
[file_runner.service.Server] [thread-9] [2022-02-19 00:35:52.484]  返回结果：{ reqId=2, succ=True, msg=, data= }
[file_runner.Program] [thread-1] [2022-02-19 00:38:18.411]  已接收到主进程id：26008
[file_runner.service.Server] [thread-48] [2022-02-19 00:51:43.347]  收到请求：{"reqId":1,"action":"search","data":"{\"title\":\"\",\"cont\":\"\",\"both\":\"aa\"}"}
[file_runner.service.Server] [thread-48] [2022-02-19 00:51:43.420]  返回结果：{ reqId=1, succ=True, msg=, data=System.Collections.Generic.List`1[file_runner.service.SearchHandler+SearchResultItem] }
[file_runner.service.Server] [thread-52] [2022-02-19 00:51:44.743]  收到请求：{"reqId":2,"action":"search","data":"{\"title\":\"\",\"cont\":\"\",\"both\":\"a\"}"}
[file_runner.service.Server] [thread-52] [2022-02-19 00:51:44.772]  返回结果：{ reqId=2, succ=True, msg=, data=System.Collections.Generic.List`1[file_runner.service.SearchHandler+SearchResultItem] }
[file_runner.service.Server] [thread-48] [2022-02-19 00:51:48.865]  收到请求：{"reqId":3,"action":"search","data":"{\"title\":\"\",\"cont\":\"\",\"both\":\"baidu\"}"}
[file_runner.service.Server] [thread-48] [2022-02-19 00:51:48.871]  返回结果：{ reqId=3, succ=True, msg=, data=System.Collections.Generic.List`1[file_runner.service.SearchHandler+SearchResultItem] }
[file_runner.Program] [thread-1] [2022-02-19 00:54:22.450]  已接收到主进程id：15648
[file_runner.Program] [thread-1] [2022-02-19 14:11:52.304]  已接收到主进程id：22260
[file_runner.Program] [thread-1] [2022-02-19 14:17:40.028]  已接收到主进程id：9532
[file_runner.Program] [thread-1] [2022-02-19 14:56:43.128]  已接收到主进程id：23324
[file_runner.Program] [thread-1] [2022-02-19 22:41:04.258]  已接收到主进程id：18412
[file_runner.Program] [thread-1] [2022-02-19 22:41:32.825]  已接收到主进程id：2936
[file_runner.Program] [thread-1] [2022-02-19 22:45:53.275]  已接收到主进程id：1708
[file_runner.Program] [thread-1] [2022-02-19 22:48:11.278]  已接收到主进程id：18660
[file_runner.Program] [thread-1] [2022-02-19 22:48:45.340]  已接收到主进程id：13140
[file_runner.Program] [thread-1] [2022-02-19 22:52:53.097]  已接收到主进程id：19500
[file_runner.Program] [thread-1] [2022-02-19 22:54:38.559]  已接收到主进程id：4500
[file_runner.Program] [thread-1] [2022-02-19 22:58:38.836]  已接收到主进程id：6628
[file_runner.Program] [thread-1] [2022-02-19 22:59:10.636]  已接收到主进程id：3132
[file_runner.Program] [thread-1] [2022-02-19 22:59:36.531]  已接收到主进程id：7320
[file_runner.Program] [thread-1] [2022-02-19 23:00:28.448]  已接收到主进程id：7376
[file_runner.Program] [thread-1] [2022-02-19 23:01:11.513]  已接收到主进程id：1932
[file_runner.Program] [thread-1] [2022-02-19 23:01:49.756]  已接收到主进程id：4116
[file_runner.Program] [thread-1] [2022-02-19 23:06:56.846]  已接收到主进程id：18576
[file_runner.Program] [thread-1] [2022-02-19 23:11:13.803]  已接收到主进程id：18092
[file_runner.Program] [thread-1] [2022-02-19 23:12:28.545]  已接收到主进程id：6164
[file_runner.Program] [thread-1] [2022-02-19 23:13:25.602]  已接收到主进程id：20088
[file_runner.Program] [thread-1] [2022-02-19 23:17:46.027]  已接收到主进程id：19880
[file_runner.Program] [thread-1] [2022-02-19 23:18:11.852]  已接收到主进程id：22216
[file_runner.Program] [thread-1] [2022-02-19 23:19:36.860]  已接收到主进程id：21008
[file_runner.Program] [thread-1] [2022-02-19 23:20:22.745]  已接收到主进程id：17416
[file_runner.Program] [thread-1] [2022-02-19 23:21:16.007]  已接收到主进程id：24304
[file_runner.Program] [thread-1] [2022-02-19 23:21:36.401]  已接收到主进程id：16740
[file_runner.Program] [thread-1] [2022-02-19 23:23:00.078]  已接收到主进程id：24524
[file_runner.Program] [thread-1] [2022-02-19 23:23:26.187]  已接收到主进程id：24664
[file_runner.Program] [thread-1] [2022-02-19 23:24:17.875]  已接收到主进程id：23716
[file_runner.Program] [thread-1] [2022-02-19 23:24:42.452]  已接收到主进程id：25276
[file_runner.Program] [thread-1] [2022-02-19 23:25:21.982]  已接收到主进程id：25544
[file_runner.Program] [thread-1] [2022-02-19 23:25:44.296]  已接收到主进程id：24888
[file_runner.Program] [thread-1] [2022-02-19 23:29:21.054]  已接收到主进程id：25092
[file_runner.Program] [thread-1] [2022-02-19 23:30:11.044]  已接收到主进程id：26152
[file_runner.Program] [thread-1] [2022-02-19 23:30:37.979]  已接收到主进程id：27164
[file_runner.Program] [thread-1] [2022-02-19 23:32:07.268]  已接收到主进程id：28188
[file_runner.Program] [thread-1] [2022-02-19 23:32:36.588]  已接收到主进程id：28444
[file_runner.Program] [thread-1] [2022-02-19 23:34:11.605]  已接收到主进程id：27004
[file_runner.Program] [thread-1] [2022-02-19 23:35:21.508]  已接收到主进程id：28436
[file_runner.Program] [thread-1] [2022-02-19 23:37:23.913]  已接收到主进程id：29300
[file_runner.Program] [thread-1] [2022-02-19 23:38:35.551]  已接收到主进程id：2396
[file_runner.Program] [thread-1] [2022-02-19 23:40:20.831]  已接收到主进程id：29772
[file_runner.Program] [thread-1] [2022-02-19 23:40:57.533]  已接收到主进程id：29788
[file_runner.Program] [thread-1] [2022-02-19 23:41:24.716]  已接收到主进程id：27552
[file_runner.Program] [thread-1] [2022-02-19 23:41:58.663]  已接收到主进程id：32184
