[file_runner.service.Server] [thread-9] [2021-09-03 21:33:11.798]  收到请求：{"reqId":1,"action":"openby","data":"{\"url\":\"openby://d:\\\\\\\\a.txt@@notepad++\"}"}
[file_runner.service.Server] [thread-9] [2021-09-03 21:33:12.815]  System.Exception: 未找到url对应的处理器 openby
   在 file_runner.service.Server.<>c__DisplayClass14_0.<handleRequest>b__0()
[file_runner.service.Server] [thread-9] [2021-09-03 21:33:12.815]  返回结果：{ reqId=1, succ=False, msg=未找到url对应的处理器 openby, data= }
[file_runner.service.Server] [thread-5] [2021-09-03 21:36:55.699]  收到请求：{"reqId":1,"action":"openby","data":"{\"url\":\"openby://d:\\\\\\\\a.txt@@notepad++\"}"}
[file_runner.service.Server] [thread-5] [2021-09-03 21:36:56.064]  返回结果：{ reqId=1, succ=True, msg=, data= }
[file_runner.service.Server] [thread-5] [2021-09-03 21:37:05.520]  收到请求：{"reqId":2,"action":"openby","data":"{\"url\":\"openby://d:\\\\\\\\a.txt@@notepad++22\"}"}
[file_runner.service.Server] [thread-5] [2021-09-03 21:37:05.557]  System.Exception: 未找到指定的打开方式：
notepad++22
   在 file_runner.service.OpenByHandler.handle(BaseReq generalReq)
   在 file_runner.service.Server.<>c__DisplayClass14_0.<handleRequest>b__0()
[file_runner.service.Server] [thread-5] [2021-09-03 21:37:05.557]  返回结果：{ reqId=2, succ=False, msg=未找到指定的打开方式：
notepad++22, data= }
[file_runner.service.Server] [thread-4] [2021-09-03 21:37:16.369]  收到请求：{"reqId":3,"action":"openby","data":"{\"url\":\"openby://d:\\\\\\\\a.txt@@notepad\"}"}
[file_runner.service.Server] [thread-4] [2021-09-03 21:37:16.537]  返回结果：{ reqId=3, succ=True, msg=, data= }
[file_runner.service.Server] [thread-4] [2021-09-03 21:37:29.703]  收到请求：{"reqId":4,"action":"openby","data":"{\"url\":\"openby://d:\\\\\\\\a.txt@@emeditor\"}"}
[file_runner.service.Server] [thread-4] [2021-09-03 21:37:29.764]  返回结果：{ reqId=4, succ=True, msg=, data= }
[file_runner.service.Server] [thread-5] [2021-09-03 21:37:45.311]  收到请求：{"reqId":5,"action":"openby","data":"{\"url\":\"openby://d:\\\\\\\\a.txt@@360chrome\"}"}
[file_runner.service.Server] [thread-5] [2021-09-03 21:37:45.403]  返回结果：{ reqId=5, succ=True, msg=, data= }
[file_runner.service.Server] [thread-5] [2021-09-03 21:37:53.816]  收到请求：{"reqId":6,"action":"openby","data":"{\"url\":\"openby://d:\\\\\\\\a.txt@@360chrome\"}"}
[file_runner.service.Server] [thread-5] [2021-09-03 21:37:53.899]  返回结果：{ reqId=6, succ=True, msg=, data= }
