[file_runner.service.Server] [thread-6] [2021-08-19 00:00:32.121]  收到心跳请求
[file_runner.service.Server] [thread-6] [2021-08-19 00:00:32.128]  发送心跳响应
[file_runner.service.Server] [thread-6] [2021-08-19 00:21:22.079]  收到心跳请求
[file_runner.service.Server] [thread-6] [2021-08-19 00:21:22.086]  发送心跳响应
[file_runner.service.Server] [thread-9] [2021-08-19 00:21:42.736]  收到请求：{"reqId":1,"action":"zip","data":"{\"srcDir\":\"D:\\\\ws\\\\web\\\\gmap-ui\\\\gmaps\\\\000gant.textbundle\",\"destZipFullpath\":\"C:\\\\Users\\\\Administrator\\\\Desktop\\\\000gant.zip\"}"}
[file_runner.service.Server] [thread-9] [2021-08-19 00:21:42.854]  System.Exception: 不支持的操作
   在 file_runner.service.BaseHandler.handle(BaseReq req)
   在 file_runner.service.Server.<>c__DisplayClass14_0.<handleRequest>b__0()
[file_runner.service.Server] [thread-9] [2021-08-19 00:21:42.855]  返回结果：{ reqId=1, succ=False, msg=不支持的操作, data= }
[file_runner.service.Server] [thread-6] [2021-08-19 00:32:11.621]  收到心跳请求
[file_runner.service.Server] [thread-6] [2021-08-19 00:32:11.628]  发送心跳响应
[file_runner.service.Server] [thread-6] [2021-08-19 00:32:42.164]  收到心跳请求
[file_runner.service.Server] [thread-6] [2021-08-19 00:32:42.164]  发送心跳响应
[file_runner.service.Server] [thread-7] [2021-08-19 00:32:42.165]  收到请求：{"reqId":1,"action":"zip","data":"{\"srcDir\":\"D:\\\\ws\\\\web\\\\gmap-ui\\\\gmaps\\\\000gant.textbundle\",\"destZipFullpath\":\"C:\\\\Users\\\\Administrator\\\\Desktop\\\\mmmm.zip\"}"}
[file_runner.service.Server] [thread-7] [2021-08-19 00:32:42.290]  返回结果：{ reqId=1, succ=True, msg=, data= }
[file_runner.service.Server] [thread-6] [2021-08-19 00:33:12.172]  收到心跳请求
[file_runner.service.Server] [thread-6] [2021-08-19 00:33:12.172]  发送心跳响应
[file_runner.service.Server] [thread-9] [2021-08-19 00:33:18.102]  收到请求：{"reqId":2,"action":"zip","data":"{\"srcDir\":\"D:\\\\ws\\\\web\\\\gmap-ui\\\\gmaps\\\\000gant.textbundle\"}"}
[file_runner.service.Server] [thread-9] [2021-08-19 00:33:18.153]  System.ArgumentNullException: 值不能为 null。
参数名: path
   在 System.IO.Path.GetFullPathInternal(String path)
   在 System.IO.Compression.ZipFile.DoCreateFromDirectory(String sourceDirectoryName, String destinationArchiveFileName, Nullable`1 compressionLevel, Boolean includeBaseDirectory, Encoding entryNameEncoding)
   在 file_runner.service.ZipFileHandler.handle(BaseReq generalReq)
   在 file_runner.service.Server.<>c__DisplayClass14_0.<handleRequest>b__0()
[file_runner.service.Server] [thread-9] [2021-08-19 00:33:18.154]  返回结果：{ reqId=2, succ=False, msg=值不能为 null。
参数名: path, data= }
[file_runner.service.Server] [thread-11] [2021-08-19 00:33:33.515]  收到请求：{"reqId":3,"action":"zip","data":"{\"srcDir\":\"D:\\\\ws\\\\web\\\\gmap-ui\\\\gmaps\\\\22.textbundle\",\"destZipFullpath\":\"C:\\\\Users\\\\Administrator\\\\Desktop\\\\22.zip\"}"}
[file_runner.service.Server] [thread-11] [2021-08-19 00:33:33.543]  返回结果：{ reqId=3, succ=True, msg=, data= }
[file_runner.service.Server] [thread-10] [2021-08-19 00:33:42.179]  收到心跳请求
[file_runner.service.Server] [thread-10] [2021-08-19 00:33:42.179]  发送心跳响应
[file_runner.service.Server] [thread-10] [2021-08-19 00:34:12.179]  收到心跳请求
[file_runner.service.Server] [thread-10] [2021-08-19 00:34:12.179]  发送心跳响应
[file_runner.service.Server] [thread-13] [2021-08-19 00:34:42.183]  收到心跳请求
[file_runner.service.Server] [thread-13] [2021-08-19 00:34:42.183]  发送心跳响应
[file_runner.service.Server] [thread-13] [2021-08-19 00:35:12.185]  收到心跳请求
[file_runner.service.Server] [thread-13] [2021-08-19 00:35:12.185]  发送心跳响应
[file_runner.service.Server] [thread-16] [2021-08-19 00:35:42.187]  收到心跳请求
[file_runner.service.Server] [thread-16] [2021-08-19 00:35:42.187]  发送心跳响应
