[file_runner.Program] [thread-1] [2022-02-02 11:18:55.029]  已接收到主进程id：20340
[file_runner.Program] [thread-1] [2022-02-02 11:25:42.720]  已接收到主进程id：4176
[file_runner.Program] [thread-1] [2022-02-02 16:42:03.805]  已接收到主进程id：16784
[file_runner.Program] [thread-1] [2022-02-02 16:45:23.430]  已接收到主进程id：13840
[file_runner.Program] [thread-1] [2022-02-02 16:57:52.365]  已接收到主进程id：11116
[file_runner.Program] [thread-1] [2022-02-02 17:01:33.162]  已接收到主进程id：18032
[file_runner.Program] [thread-1] [2022-02-02 18:02:48.365]  已接收到主进程id：1552
[file_runner.service.Server] [thread-11] [2022-02-02 18:04:37.817]  收到请求：{"reqId":1,"action":"search","data":"{\"title\":\"\",\"cont\":\"\",\"both\":\"\"}"}
[file_runner.service.Server] [thread-11] [2022-02-02 18:04:37.964]  返回结果：{ reqId=1, succ=True, msg=, data=System.Collections.Generic.List`1[file_runner.service.SearchHandler+SearchResultItem] }
[file_runner.service.Server] [thread-13] [2022-02-02 18:05:48.045]  收到请求：{"reqId":2,"action":"search","data":"{\"title\":\"\",\"cont\":\"\",\"both\":\"\"}"}
[file_runner.service.Server] [thread-13] [2022-02-02 18:05:48.051]  返回结果：{ reqId=2, succ=True, msg=, data=System.Collections.Generic.List`1[file_runner.service.SearchHandler+SearchResultItem] }
[file_runner.service.Server] [thread-14] [2022-02-02 18:05:50.360]  收到请求：{"reqId":3,"action":"search","data":"{\"title\":\" \",\"cont\":\"\",\"both\":\"\"}"}
[file_runner.service.Server] [thread-14] [2022-02-02 18:05:50.364]  返回结果：{ reqId=3, succ=True, msg=, data=System.Collections.Generic.List`1[file_runner.service.SearchHandler+SearchResultItem] }
[file_runner.service.Server] [thread-13] [2022-02-02 18:05:52.660]  收到请求：{"reqId":4,"action":"search","data":"{\"title\":\" \",\"cont\":\"\",\"both\":\"\"}"}
[file_runner.service.Server] [thread-13] [2022-02-02 18:05:52.664]  返回结果：{ reqId=4, succ=True, msg=, data=System.Collections.Generic.List`1[file_runner.service.SearchHandler+SearchResultItem] }
[file_runner.service.Server] [thread-14] [2022-02-02 18:05:53.059]  收到请求：{"reqId":5,"action":"search","data":"{\"title\":\"开会\",\"cont\":\"\",\"both\":\"\"}"}
[file_runner.service.Server] [thread-14] [2022-02-02 18:05:53.069]  返回结果：{ reqId=5, succ=True, msg=, data=System.Collections.Generic.List`1[file_runner.service.SearchHandler+SearchResultItem] }
[file_runner.service.Server] [thread-14] [2022-02-02 18:06:08.329]  收到请求：{"reqId":6,"action":"search","data":"{\"title\":\"开会\",\"cont\":\"\",\"both\":\"\"}"}
[file_runner.service.Server] [thread-14] [2022-02-02 18:06:08.331]  返回结果：{ reqId=6, succ=True, msg=, data=System.Collections.Generic.List`1[file_runner.service.SearchHandler+SearchResultItem] }
[file_runner.service.Server] [thread-13] [2022-02-02 18:06:13.922]  收到请求：{"reqId":7,"action":"search","data":"{\"title\":\"开会\",\"cont\":\"好的的的的的的\",\"both\":\"\"}"}
[file_runner.service.Server] [thread-13] [2022-02-02 18:06:13.927]  返回结果：{ reqId=7, succ=True, msg=, data=System.Collections.Generic.List`1[file_runner.service.SearchHandler+SearchResultItem] }
[file_runner.service.Server] [thread-14] [2022-02-02 18:06:19.204]  收到请求：{"reqId":8,"action":"search","data":"{\"title\":\"开会\",\"cont\":\"\",\"both\":\"\"}"}
[file_runner.service.Server] [thread-14] [2022-02-02 18:06:19.207]  返回结果：{ reqId=8, succ=True, msg=, data=System.Collections.Generic.List`1[file_runner.service.SearchHandler+SearchResultItem] }
[file_runner.service.Server] [thread-13] [2022-02-02 18:06:39.535]  收到请求：{"reqId":9,"action":"search","data":"{\"title\":\"开会\",\"cont\":\"\",\"both\":\"\"}"}
[file_runner.service.Server] [thread-13] [2022-02-02 18:06:39.539]  返回结果：{ reqId=9, succ=True, msg=, data=System.Collections.Generic.List`1[file_runner.service.SearchHandler+SearchResultItem] }
[file_runner.service.Server] [thread-15] [2022-02-02 18:06:44.564]  收到请求：{"reqId":10,"action":"search","data":"{\"title\":\"\",\"cont\":\"\",\"both\":\"\"}"}
[file_runner.service.Server] [thread-15] [2022-02-02 18:06:44.567]  返回结果：{ reqId=10, succ=True, msg=, data=System.Collections.Generic.List`1[file_runner.service.SearchHandler+SearchResultItem] }
[file_runner.service.Server] [thread-13] [2022-02-02 18:06:48.615]  收到请求：{"reqId":11,"action":"search","data":"{\"title\":\"\",\"cont\":\"222\",\"both\":\"\"}"}
[file_runner.service.Server] [thread-13] [2022-02-02 18:06:48.619]  返回结果：{ reqId=11, succ=True, msg=, data=System.Collections.Generic.List`1[file_runner.service.SearchHandler+SearchResultItem] }
[file_runner.service.Server] [thread-25] [2022-02-02 18:10:21.073]  收到请求：{"reqId":12,"action":"search","data":"{\"title\":\"\",\"cont\":\"\",\"both\":\"\"}"}
[file_runner.service.Server] [thread-25] [2022-02-02 18:10:21.079]  返回结果：{ reqId=12, succ=True, msg=, data=System.Collections.Generic.List`1[file_runner.service.SearchHandler+SearchResultItem] }
[file_runner.service.Server] [thread-25] [2022-02-02 18:10:32.613]  收到请求：{"reqId":13,"action":"search","data":"{\"title\":\"\",\"cont\":\"\",\"both\":\"\"}"}
[file_runner.service.Server] [thread-25] [2022-02-02 18:10:32.617]  返回结果：{ reqId=13, succ=True, msg=, data=System.Collections.Generic.List`1[file_runner.service.SearchHandler+SearchResultItem] }
[file_runner.service.Server] [thread-26] [2022-02-02 18:10:35.233]  收到请求：{"reqId":14,"action":"search","data":"{\"title\":\"\",\"cont\":\"222\",\"both\":\"\"}"}
[file_runner.service.Server] [thread-26] [2022-02-02 18:10:35.237]  返回结果：{ reqId=14, succ=True, msg=, data=System.Collections.Generic.List`1[file_runner.service.SearchHandler+SearchResultItem] }
[file_runner.service.Server] [thread-25] [2022-02-02 18:10:59.655]  收到请求：{"reqId":15,"action":"search","data":"{\"title\":\"\",\"cont\":\" \",\"both\":\"\"}"}
[file_runner.service.Server] [thread-25] [2022-02-02 18:10:59.657]  返回结果：{ reqId=15, succ=True, msg=, data=System.Collections.Generic.List`1[file_runner.service.SearchHandler+SearchResultItem] }
[file_runner.service.Server] [thread-28] [2022-02-02 18:11:01.349]  收到请求：{"reqId":16,"action":"search","data":"{\"title\":\"\",\"cont\":\"down\",\"both\":\"\"}"}
[file_runner.service.Server] [thread-28] [2022-02-02 18:11:01.351]  返回结果：{ reqId=16, succ=True, msg=, data=System.Collections.Generic.List`1[file_runner.service.SearchHandler+SearchResultItem] }
[file_runner.service.Server] [thread-29] [2022-02-02 18:11:42.097]  收到请求：{"reqId":17,"action":"search","data":"{\"title\":\"\",\"cont\":\"\",\"both\":\"\"}"}
[file_runner.service.Server] [thread-29] [2022-02-02 18:11:42.098]  返回结果：{ reqId=17, succ=True, msg=, data=System.Collections.Generic.List`1[file_runner.service.SearchHandler+SearchResultItem] }
[file_runner.service.Server] [thread-31] [2022-02-02 18:11:50.650]  收到请求：{"reqId":18,"action":"search","data":"{\"title\":\"\",\"cont\":\"222\",\"both\":\"\"}"}
[file_runner.service.Server] [thread-31] [2022-02-02 18:11:50.653]  返回结果：{ reqId=18, succ=True, msg=, data=System.Collections.Generic.List`1[file_runner.service.SearchHandler+SearchResultItem] }
[file_runner.service.Server] [thread-32] [2022-02-02 18:12:19.330]  收到请求：{"reqId":19,"action":"search","data":"{\"title\":\"\",\"cont\":\"222\",\"both\":\"\"}"}
[file_runner.service.Server] [thread-32] [2022-02-02 18:12:19.335]  返回结果：{ reqId=19, succ=True, msg=, data=System.Collections.Generic.List`1[file_runner.service.SearchHandler+SearchResultItem] }
[file_runner.service.Server] [thread-32] [2022-02-02 18:12:24.697]  收到请求：{"reqId":20,"action":"search","data":"{\"title\":\"\",\"cont\":\"\",\"both\":\"\"}"}
[file_runner.service.Server] [thread-32] [2022-02-02 18:12:24.699]  返回结果：{ reqId=20, succ=True, msg=, data=System.Collections.Generic.List`1[file_runner.service.SearchHandler+SearchResultItem] }
[file_runner.service.Server] [thread-33] [2022-02-02 18:12:26.229]  收到请求：{"reqId":21,"action":"search","data":"{\"title\":\"gant\",\"cont\":\"\",\"both\":\"\"}"}
[file_runner.service.Server] [thread-33] [2022-02-02 18:12:26.233]  返回结果：{ reqId=21, succ=True, msg=, data=System.Collections.Generic.List`1[file_runner.service.SearchHandler+SearchResultItem] }
[file_runner.service.Server] [thread-32] [2022-02-02 18:12:32.676]  收到请求：{"reqId":22,"action":"search","data":"{\"title\":\"gant\",\"cont\":\"emed\",\"both\":\"\"}"}
[file_runner.service.Server] [thread-32] [2022-02-02 18:12:32.681]  返回结果：{ reqId=22, succ=True, msg=, data=System.Collections.Generic.List`1[file_runner.service.SearchHandler+SearchResultItem] }
[file_runner.service.Server] [thread-33] [2022-02-02 18:12:39.147]  收到请求：{"reqId":23,"action":"search","data":"{\"title\":\"gant\",\"cont\":\"\",\"both\":\"\"}"}
[file_runner.service.Server] [thread-33] [2022-02-02 18:12:39.150]  返回结果：{ reqId=23, succ=True, msg=, data=System.Collections.Generic.List`1[file_runner.service.SearchHandler+SearchResultItem] }
[file_runner.service.Server] [thread-32] [2022-02-02 18:12:40.859]  收到请求：{"reqId":24,"action":"search","data":"{\"title\":\"gant\",\"cont\":\" \",\"both\":\"\"}"}
[file_runner.service.Server] [thread-32] [2022-02-02 18:12:40.861]  返回结果：{ reqId=24, succ=True, msg=, data=System.Collections.Generic.List`1[file_runner.service.SearchHandler+SearchResultItem] }
[file_runner.service.Server] [thread-33] [2022-02-02 18:12:41.541]  收到请求：{"reqId":25,"action":"search","data":"{\"title\":\"gant\",\"cont\":\"跳转\",\"both\":\"\"}"}
[file_runner.service.Server] [thread-33] [2022-02-02 18:12:41.544]  返回结果：{ reqId=25, succ=True, msg=, data=System.Collections.Generic.List`1[file_runner.service.SearchHandler+SearchResultItem] }
[file_runner.service.Server] [thread-32] [2022-02-02 18:12:47.347]  收到请求：{"reqId":26,"action":"search","data":"{\"title\":\"gant\",\"cont\":\"跳转\",\"both\":\" \"}"}
[file_runner.service.Server] [thread-32] [2022-02-02 18:12:47.349]  返回结果：{ reqId=26, succ=True, msg=, data=System.Collections.Generic.List`1[file_runner.service.SearchHandler+SearchResultItem] }
[file_runner.service.Server] [thread-33] [2022-02-02 18:12:47.925]  收到请求：{"reqId":27,"action":"search","data":"{\"title\":\"gant\",\"cont\":\"跳转\",\"both\":\"file\"}"}
[file_runner.service.Server] [thread-33] [2022-02-02 18:12:47.927]  返回结果：{ reqId=27, succ=True, msg=, data=System.Collections.Generic.List`1[file_runner.service.SearchHandler+SearchResultItem] }
[file_runner.service.Server] [thread-33] [2022-02-02 18:12:52.477]  收到请求：{"reqId":28,"action":"search","data":"{\"title\":\"\",\"cont\":\"跳转\",\"both\":\"file\"}"}
[file_runner.service.Server] [thread-33] [2022-02-02 18:12:52.480]  返回结果：{ reqId=28, succ=True, msg=, data=System.Collections.Generic.List`1[file_runner.service.SearchHandler+SearchResultItem] }
[file_runner.service.Server] [thread-32] [2022-02-02 18:12:56.614]  收到请求：{"reqId":29,"action":"search","data":"{\"title\":\"\",\"cont\":\"跳转\",\"both\":\"gant\"}"}
[file_runner.service.Server] [thread-32] [2022-02-02 18:12:56.616]  返回结果：{ reqId=29, succ=True, msg=, data=System.Collections.Generic.List`1[file_runner.service.SearchHandler+SearchResultItem] }
[file_runner.service.Server] [thread-19] [2022-02-02 18:17:02.481]  收到请求：{"reqId":30,"action":"search","data":"{\"title\":\"\",\"cont\":\"跳转\",\"both\":\"gant\"}"}
[file_runner.service.Server] [thread-19] [2022-02-02 18:17:02.486]  返回结果：{ reqId=30, succ=True, msg=, data=System.Collections.Generic.List`1[file_runner.service.SearchHandler+SearchResultItem] }
[file_runner.service.Server] [thread-11] [2022-02-02 18:19:36.282]  收到请求：{"reqId":31,"action":"search","data":"{\"title\":\"\",\"cont\":\"\",\"both\":\"\"}"}
[file_runner.service.Server] [thread-11] [2022-02-02 18:19:36.285]  返回结果：{ reqId=31, succ=True, msg=, data=System.Collections.Generic.List`1[file_runner.service.SearchHandler+SearchResultItem] }
[file_runner.service.Server] [thread-9] [2022-02-02 18:19:37.896]  收到请求：{"reqId":32,"action":"search","data":"{\"title\":\"fff\",\"cont\":\"\",\"both\":\"\"}"}
[file_runner.service.Server] [thread-9] [2022-02-02 18:19:37.899]  返回结果：{ reqId=32, succ=True, msg=, data=System.Collections.Generic.List`1[file_runner.service.SearchHandler+SearchResultItem] }
[file_runner.service.Server] [thread-9] [2022-02-02 18:19:57.158]  收到请求：{"reqId":33,"action":"search","data":"{\"title\":\"fff\",\"cont\":\"\",\"both\":\"\"}"}
[file_runner.service.Server] [thread-9] [2022-02-02 18:19:57.162]  返回结果：{ reqId=33, succ=True, msg=, data=System.Collections.Generic.List`1[file_runner.service.SearchHandler+SearchResultItem] }
[file_runner.service.Server] [thread-11] [2022-02-02 18:19:59.810]  收到请求：{"reqId":34,"action":"search","data":"{\"title\":\"ddd\",\"cont\":\"\",\"both\":\"\"}"}
[file_runner.service.Server] [thread-11] [2022-02-02 18:19:59.814]  返回结果：{ reqId=34, succ=True, msg=, data=System.Collections.Generic.List`1[file_runner.service.SearchHandler+SearchResultItem] }
[file_runner.service.Server] [thread-9] [2022-02-02 18:20:01.584]  收到请求：{"reqId":35,"action":"search","data":"{\"title\":\"222\",\"cont\":\"\",\"both\":\"\"}"}
[file_runner.service.Server] [thread-9] [2022-02-02 18:20:01.589]  返回结果：{ reqId=35, succ=True, msg=, data=System.Collections.Generic.List`1[file_runner.service.SearchHandler+SearchResultItem] }
[file_runner.service.Server] [thread-11] [2022-02-02 18:20:05.302]  收到请求：{"reqId":36,"action":"search","data":"{\"title\":\"\",\"cont\":\"\",\"both\":\"\"}"}
[file_runner.service.Server] [thread-11] [2022-02-02 18:20:05.304]  返回结果：{ reqId=36, succ=True, msg=, data=System.Collections.Generic.List`1[file_runner.service.SearchHandler+SearchResultItem] }
[file_runner.service.Server] [thread-11] [2022-02-02 18:20:09.637]  收到请求：{"reqId":37,"action":"search","data":"{\"title\":\"\",\"cont\":\"\",\"both\":\"222\"}"}
[file_runner.service.Server] [thread-11] [2022-02-02 18:20:09.639]  返回结果：{ reqId=37, succ=True, msg=, data=System.Collections.Generic.List`1[file_runner.service.SearchHandler+SearchResultItem] }
[file_runner.service.Server] [thread-9] [2022-02-02 18:20:12.434]  收到请求：{"reqId":38,"action":"search","data":"{\"title\":\"\",\"cont\":\"\",\"both\":\"\"}"}
[file_runner.service.Server] [thread-9] [2022-02-02 18:20:12.436]  返回结果：{ reqId=38, succ=True, msg=, data=System.Collections.Generic.List`1[file_runner.service.SearchHandler+SearchResultItem] }
[file_runner.service.Server] [thread-11] [2022-02-02 18:20:14.231]  收到请求：{"reqId":39,"action":"search","data":"{\"title\":\"\",\"cont\":\"222\",\"both\":\"\"}"}
[file_runner.service.Server] [thread-11] [2022-02-02 18:20:14.233]  返回结果：{ reqId=39, succ=True, msg=, data=System.Collections.Generic.List`1[file_runner.service.SearchHandler+SearchResultItem] }
[file_runner.service.Server] [thread-10] [2022-02-02 18:20:59.485]  收到请求：{"reqId":40,"action":"search","data":"{\"title\":\"\",\"cont\":\"222\",\"both\":\"\"}"}
[file_runner.service.Server] [thread-10] [2022-02-02 18:20:59.489]  返回结果：{ reqId=40, succ=True, msg=, data=System.Collections.Generic.List`1[file_runner.service.SearchHandler+SearchResultItem] }
[file_runner.service.Server] [thread-6] [2022-02-02 18:21:01.870]  收到请求：{"reqId":41,"action":"search","data":"{\"title\":\"\",\"cont\":\"\",\"both\":\"\"}"}
[file_runner.service.Server] [thread-6] [2022-02-02 18:21:01.872]  返回结果：{ reqId=41, succ=True, msg=, data=System.Collections.Generic.List`1[file_runner.service.SearchHandler+SearchResultItem] }
[file_runner.service.Server] [thread-10] [2022-02-02 18:21:05.525]  收到请求：{"reqId":42,"action":"search","data":"{\"title\":\"gant\",\"cont\":\"\",\"both\":\"\"}"}
[file_runner.service.Server] [thread-10] [2022-02-02 18:21:05.528]  返回结果：{ reqId=42, succ=True, msg=, data=System.Collections.Generic.List`1[file_runner.service.SearchHandler+SearchResultItem] }
[file_runner.service.Server] [thread-6] [2022-02-02 18:21:26.669]  收到请求：{"reqId":43,"action":"search","data":"{\"title\":\"gant\",\"cont\":\"\",\"both\":\"\"}"}
[file_runner.service.Server] [thread-6] [2022-02-02 18:21:26.674]  返回结果：{ reqId=43, succ=True, msg=, data=System.Collections.Generic.List`1[file_runner.service.SearchHandler+SearchResultItem] }
[file_runner.service.Server] [thread-5] [2022-02-02 18:21:59.210]  收到请求：{"reqId":44,"action":"search","data":"{\"title\":\"gant\",\"cont\":\"\",\"both\":\"\"}"}
[file_runner.service.Server] [thread-5] [2022-02-02 18:21:59.214]  返回结果：{ reqId=44, succ=True, msg=, data=System.Collections.Generic.List`1[file_runner.service.SearchHandler+SearchResultItem] }
[file_runner.service.Server] [thread-4] [2022-02-02 18:22:00.930]  收到请求：{"reqId":45,"action":"search","data":"{\"title\":\"\",\"cont\":\"\",\"both\":\"\"}"}
[file_runner.service.Server] [thread-4] [2022-02-02 18:22:00.932]  返回结果：{ reqId=45, succ=True, msg=, data=System.Collections.Generic.List`1[file_runner.service.SearchHandler+SearchResultItem] }
[file_runner.service.Server] [thread-4] [2022-02-02 18:22:02.488]  收到请求：{"reqId":46,"action":"search","data":"{\"title\":\" \",\"cont\":\"\",\"both\":\"\"}"}
[file_runner.service.Server] [thread-4] [2022-02-02 18:22:02.490]  返回结果：{ reqId=46, succ=True, msg=, data=System.Collections.Generic.List`1[file_runner.service.SearchHandler+SearchResultItem] }
[file_runner.service.Server] [thread-5] [2022-02-02 18:22:03.413]  收到请求：{"reqId":47,"action":"search","data":"{\"title\":\"积分\",\"cont\":\"\",\"both\":\"\"}"}
[file_runner.service.Server] [thread-5] [2022-02-02 18:22:03.416]  返回结果：{ reqId=47, succ=True, msg=, data=System.Collections.Generic.List`1[file_runner.service.SearchHandler+SearchResultItem] }
[file_runner.service.Server] [thread-4] [2022-02-02 18:22:06.064]  收到请求：{"reqId":48,"action":"search","data":"{\"title\":\"\",\"cont\":\"\",\"both\":\"\"}"}
[file_runner.service.Server] [thread-4] [2022-02-02 18:22:06.066]  返回结果：{ reqId=48, succ=True, msg=, data=System.Collections.Generic.List`1[file_runner.service.SearchHandler+SearchResultItem] }
[file_runner.service.Server] [thread-5] [2022-02-02 18:22:08.105]  收到请求：{"reqId":49,"action":"search","data":"{\"title\":\"\",\"cont\":\" \",\"both\":\"\"}"}
[file_runner.service.Server] [thread-5] [2022-02-02 18:22:08.107]  返回结果：{ reqId=49, succ=True, msg=, data=System.Collections.Generic.List`1[file_runner.service.SearchHandler+SearchResultItem] }
[file_runner.service.Server] [thread-4] [2022-02-02 18:22:08.795]  收到请求：{"reqId":50,"action":"search","data":"{\"title\":\"\",\"cont\":\"积分\",\"both\":\"\"}"}
[file_runner.service.Server] [thread-4] [2022-02-02 18:22:08.798]  返回结果：{ reqId=50, succ=True, msg=, data=System.Collections.Generic.List`1[file_runner.service.SearchHandler+SearchResultItem] }
[file_runner.service.Server] [thread-5] [2022-02-02 18:22:23.071]  收到请求：{"reqId":51,"action":"search","data":"{\"title\":\"\",\"cont\":\"积分\",\"both\":\"\"}"}
[file_runner.service.Server] [thread-5] [2022-02-02 18:22:23.075]  返回结果：{ reqId=51, succ=True, msg=, data=System.Collections.Generic.List`1[file_runner.service.SearchHandler+SearchResultItem] }
[file_runner.service.Server] [thread-5] [2022-02-02 18:22:25.844]  收到请求：{"reqId":52,"action":"search","data":"{\"title\":\"\",\"cont\":\"积分\",\"both\":\"\"}"}
[file_runner.service.Server] [thread-5] [2022-02-02 18:22:25.850]  返回结果：{ reqId=52, succ=True, msg=, data=System.Collections.Generic.List`1[file_runner.service.SearchHandler+SearchResultItem] }
[file_runner.service.Server] [thread-4] [2022-02-02 18:22:36.340]  收到请求：{"reqId":53,"action":"search","data":"{\"title\":\"\",\"cont\":\"积分\",\"both\":\"\"}"}
[file_runner.service.Server] [thread-4] [2022-02-02 18:22:36.346]  返回结果：{ reqId=53, succ=True, msg=, data=System.Collections.Generic.List`1[file_runner.service.SearchHandler+SearchResultItem] }
[file_runner.service.Server] [thread-34] [2022-02-02 18:23:40.421]  收到请求：{"reqId":54,"action":"shot","data":"{\"left\":0,\"top\":163,\"width\":1903,\"height\":860,\"fileName\":\"0_0.jpg\"}"}
[file_runner.service.Server] [thread-34] [2022-02-02 18:23:40.485]  返回结果：{ reqId=54, succ=True, msg=, data= }
[file_runner.service.Server] [thread-36] [2022-02-02 18:23:40.546]  收到请求：{"reqId":55,"action":"shot","data":"{\"left\":0,\"top\":163,\"width\":1903,\"height\":860,\"fileName\":\"0_1.jpg\"}"}
[file_runner.service.Server] [thread-36] [2022-02-02 18:23:40.589]  返回结果：{ reqId=55, succ=True, msg=, data= }
[file_runner.service.Server] [thread-36] [2022-02-02 18:23:40.642]  收到请求：{"reqId":56,"action":"shot","data":"{\"left\":0,\"top\":163,\"width\":1903,\"height\":860,\"fileName\":\"1_0.jpg\"}"}
[file_runner.service.Server] [thread-36] [2022-02-02 18:23:40.691]  返回结果：{ reqId=56, succ=True, msg=, data= }
[file_runner.service.Server] [thread-34] [2022-02-02 18:23:40.754]  收到请求：{"reqId":57,"action":"shot","data":"{\"left\":0,\"top\":163,\"width\":1903,\"height\":860,\"fileName\":\"1_1.jpg\"}"}
[file_runner.service.Server] [thread-34] [2022-02-02 18:23:40.812]  返回结果：{ reqId=57, succ=True, msg=, data= }
[file_runner.service.Server] [thread-36] [2022-02-02 18:23:40.863]  收到请求：{"reqId":58,"action":"shot","data":"{\"left\":0,\"top\":163,\"width\":1903,\"height\":860,\"fileName\":\"2_0.jpg\"}"}
[file_runner.service.Server] [thread-36] [2022-02-02 18:23:40.915]  返回结果：{ reqId=58, succ=True, msg=, data= }
[file_runner.service.Server] [thread-36] [2022-02-02 18:23:40.968]  收到请求：{"reqId":59,"action":"shot","data":"{\"left\":0,\"top\":163,\"width\":1903,\"height\":860,\"fileName\":\"2_1.jpg\"}"}
[file_runner.service.Server] [thread-36] [2022-02-02 18:23:41.027]  返回结果：{ reqId=59, succ=True, msg=, data= }
[file_runner.service.Server] [thread-36] [2022-02-02 18:23:41.029]  收到请求：{"reqId":60,"action":"shotCombine","data":"{\"itemWidth\":1903,\"itemHeight\":860,\"resultFullPath\":\"C:\\\\Users\\\\Administrator\\\\Desktop\\\\111.doc\",\"lines\":[[{\"picName\":\"0_0.jpg\",\"cutLeft\":0,\"cutTop\":0},{\"picName\":\"0_1.jpg\",\"cutLeft\":1814,\"cutTop\":0}],[{\"picName\":\"1_0.jpg\",\"cutLeft\":0,\"cutTop\":0},{\"picName\":\"1_1.jpg\",\"cutLeft\":1814,\"cutTop\":0}],[{\"picName\":\"2_0.jpg\",\"cutLeft\":0,\"cutTop\":35},{\"picName\":\"2_1.jpg\",\"cutLeft\":1814,\"cutTop\":35}]],\"maxW\":1972,\"maxH\":2535}"}
[file_runner.service.Server] [thread-36] [2022-02-02 18:23:55.395]  返回结果：{ reqId=60, succ=True, msg=, data=System.Collections.Hashtable }
[file_runner.service.Server] [thread-34] [2022-02-02 18:23:55.398]  收到请求：{"reqId":61,"action":"notify","data":"{\"pic\":\"D:\\\\ws\\\\web\\\\gmap-ui\\\\main\\\\imgs\\\\succ.png\",\"title\":\"已导出word文档\",\"body\":\"文档已保存在: \\r\\nC:\\\\Users\\\\Administrator\\\\Desktop\\\\111.doc\"}"}
[file_runner.service.Server] [thread-34] [2022-02-02 18:23:55.403]  返回结果：{ reqId=61, succ=True, msg=, data= }
[file_runner.service.Server] [thread-37] [2022-02-02 18:24:12.739]  收到请求：{"reqId":62,"action":"cppath","data":"{\"url\":\"cppath://d:\\\\down\"}"}
[file_runner.service.Server] [thread-37] [2022-02-02 18:24:12.865]  返回结果：{ reqId=62, succ=True, msg=, data=System.Collections.Hashtable }
[file_runner.service.Server] [thread-34] [2022-02-02 18:24:12.866]  收到请求：{"reqId":63,"action":"notify","data":"{\"pic\":\"D:\\\\ws\\\\web\\\\gmap-ui\\\\main\\\\imgs\\\\succ.png\",\"title\":\"内容已复制\",\"body\":\"d:\\\\down\"}"}
[file_runner.service.Server] [thread-34] [2022-02-02 18:24:12.868]  返回结果：{ reqId=63, succ=True, msg=, data= }
[file_runner.service.Server] [thread-36] [2022-02-02 18:24:14.025]  收到请求：{"reqId":64,"action":"cppath","data":"{\"url\":\"cppath://d:\\\\down\"}"}
[file_runner.service.Server] [thread-36] [2022-02-02 18:24:14.035]  返回结果：{ reqId=64, succ=True, msg=, data=System.Collections.Hashtable }
[file_runner.service.Server] [thread-38] [2022-02-02 18:24:14.037]  收到请求：{"reqId":65,"action":"notify","data":"{\"pic\":\"D:\\\\ws\\\\web\\\\gmap-ui\\\\main\\\\imgs\\\\succ.png\",\"title\":\"内容已复制\",\"body\":\"d:\\\\down\"}"}
[file_runner.service.Server] [thread-38] [2022-02-02 18:24:14.038]  返回结果：{ reqId=65, succ=True, msg=, data= }
[file_runner.service.Server] [thread-37] [2022-02-02 18:24:14.651]  收到请求：{"reqId":66,"action":"cppath","data":"{\"url\":\"cppath://d:\\\\down\"}"}
[file_runner.service.Server] [thread-37] [2022-02-02 18:24:14.664]  返回结果：{ reqId=66, succ=True, msg=, data=System.Collections.Hashtable }
[file_runner.service.Server] [thread-34] [2022-02-02 18:24:14.665]  收到请求：{"reqId":67,"action":"notify","data":"{\"pic\":\"D:\\\\ws\\\\web\\\\gmap-ui\\\\main\\\\imgs\\\\succ.png\",\"title\":\"内容已复制\",\"body\":\"d:\\\\down\"}"}
[file_runner.service.Server] [thread-34] [2022-02-02 18:24:14.666]  返回结果：{ reqId=67, succ=True, msg=, data= }
[file_runner.service.Server] [thread-36] [2022-02-02 18:24:15.153]  收到请求：{"reqId":68,"action":"cppath","data":"{\"url\":\"cppath://d:\\\\down\"}"}
[file_runner.service.Server] [thread-36] [2022-02-02 18:24:15.162]  返回结果：{ reqId=68, succ=True, msg=, data=System.Collections.Hashtable }
[file_runner.service.Server] [thread-38] [2022-02-02 18:24:15.164]  收到请求：{"reqId":69,"action":"notify","data":"{\"pic\":\"D:\\\\ws\\\\web\\\\gmap-ui\\\\main\\\\imgs\\\\succ.png\",\"title\":\"内容已复制\",\"body\":\"d:\\\\down\"}"}
[file_runner.service.Server] [thread-38] [2022-02-02 18:24:15.165]  返回结果：{ reqId=69, succ=True, msg=, data= }
[file_runner.service.Server] [thread-37] [2022-02-02 18:24:15.688]  收到请求：{"reqId":70,"action":"cppath","data":"{\"url\":\"cppath://d:\\\\down\"}"}
[file_runner.service.Server] [thread-37] [2022-02-02 18:24:15.699]  返回结果：{ reqId=70, succ=True, msg=, data=System.Collections.Hashtable }
[file_runner.service.Server] [thread-34] [2022-02-02 18:24:15.701]  收到请求：{"reqId":71,"action":"notify","data":"{\"pic\":\"D:\\\\ws\\\\web\\\\gmap-ui\\\\main\\\\imgs\\\\succ.png\",\"title\":\"内容已复制\",\"body\":\"d:\\\\down\"}"}
[file_runner.service.Server] [thread-34] [2022-02-02 18:24:15.701]  返回结果：{ reqId=71, succ=True, msg=, data= }
[file_runner.service.Server] [thread-36] [2022-02-02 18:24:16.201]  收到请求：{"reqId":72,"action":"cppath","data":"{\"url\":\"cppath://d:\\\\down\"}"}
[file_runner.service.Server] [thread-36] [2022-02-02 18:24:16.202]  返回结果：{ reqId=72, succ=True, msg=, data=System.Collections.Hashtable }
[file_runner.service.Server] [thread-38] [2022-02-02 18:24:16.210]  收到请求：{"reqId":73,"action":"notify","data":"{\"pic\":\"D:\\\\ws\\\\web\\\\gmap-ui\\\\main\\\\imgs\\\\succ.png\",\"title\":\"内容已复制\",\"body\":\"d:\\\\down\"}"}
[file_runner.service.Server] [thread-38] [2022-02-02 18:24:16.211]  返回结果：{ reqId=73, succ=True, msg=, data= }
[file_runner.service.Server] [thread-36] [2022-02-02 18:24:25.329]  收到请求：{"reqId":74,"action":"openby","data":"{\"url\":\"openby://D:\\\\c.txt@@emeditor\"}"}
[file_runner.service.Server] [thread-36] [2022-02-02 18:24:25.376]  System.Exception: 文件不存在，无法打开：
D:\c.txt
   在 file_runner.service.OpenByHandler.handle(BaseReq generalReq)
   在 file_runner.service.Server.<>c__DisplayClass12_0.<handleRequest>b__0()
[file_runner.service.Server] [thread-36] [2022-02-02 18:24:25.376]  返回结果：{ reqId=74, succ=False, msg=文件不存在，无法打开：
D:\c.txt, data= }
[file_runner.service.Server] [thread-34] [2022-02-02 18:24:25.377]  收到请求：{"reqId":75,"action":"notify","data":"{\"pic\":\"D:\\\\ws\\\\web\\\\gmap-ui\\\\main\\\\imgs\\\\fail.png\",\"title\":\"操作有误\",\"body\":\"文件不存在，无法打开：\\r\\nD:\\\\c.txt\"}"}
[file_runner.service.Server] [thread-34] [2022-02-02 18:24:25.377]  返回结果：{ reqId=75, succ=True, msg=, data= }
[file_runner.service.Server] [thread-36] [2022-02-02 18:24:27.360]  收到请求：{"reqId":76,"action":"cppath","data":"{\"url\":\"cppath://d:\\\\down\"}"}
[file_runner.service.Server] [thread-36] [2022-02-02 18:24:27.369]  返回结果：{ reqId=76, succ=True, msg=, data=System.Collections.Hashtable }
[file_runner.service.Server] [thread-38] [2022-02-02 18:24:27.371]  收到请求：{"reqId":77,"action":"notify","data":"{\"pic\":\"D:\\\\ws\\\\web\\\\gmap-ui\\\\main\\\\imgs\\\\succ.png\",\"title\":\"内容已复制\",\"body\":\"d:\\\\down\"}"}
[file_runner.service.Server] [thread-38] [2022-02-02 18:24:27.372]  返回结果：{ reqId=77, succ=True, msg=, data= }
[file_runner.service.Server] [thread-37] [2022-02-02 18:24:27.985]  收到请求：{"reqId":78,"action":"dir","data":"{\"url\":\"dir://d:\\\\down\"}"}
[file_runner.service.Server] [thread-37] [2022-02-02 18:24:28.340]  返回结果：{ reqId=78, succ=True, msg=, data= }
[file_runner.service.Server] [thread-38] [2022-02-02 18:24:30.000]  收到请求：{"reqId":79,"action":"file","data":"{\"url\":\"file:///d:\\\\down\"}"}
[file_runner.service.Server] [thread-38] [2022-02-02 18:24:30.075]  返回结果：{ reqId=79, succ=True, msg=, data= }
[file_runner.service.Server] [thread-38] [2022-02-02 18:24:36.634]  收到请求：{"reqId":80,"action":"cppath","data":"{\"url\":\"cppath://d:\\\\down\"}"}
[file_runner.service.Server] [thread-38] [2022-02-02 18:24:36.639]  返回结果：{ reqId=80, succ=True, msg=, data=System.Collections.Hashtable }
[file_runner.service.Server] [thread-34] [2022-02-02 18:24:36.657]  收到请求：{"reqId":81,"action":"notify","data":"{\"pic\":\"D:\\\\ws\\\\web\\\\gmap-ui\\\\main\\\\imgs\\\\succ.png\",\"title\":\"内容已复制\",\"body\":\"d:\\\\down\"}"}
[file_runner.service.Server] [thread-34] [2022-02-02 18:24:36.658]  返回结果：{ reqId=81, succ=True, msg=, data= }
[file_runner.service.Server] [thread-37] [2022-02-02 18:24:37.473]  收到请求：{"reqId":82,"action":"cppath","data":"{\"url\":\"cppath://d:\\\\down\"}"}
[file_runner.service.Server] [thread-37] [2022-02-02 18:24:37.483]  返回结果：{ reqId=82, succ=True, msg=, data=System.Collections.Hashtable }
[file_runner.service.Server] [thread-36] [2022-02-02 18:24:37.485]  收到请求：{"reqId":83,"action":"notify","data":"{\"pic\":\"D:\\\\ws\\\\web\\\\gmap-ui\\\\main\\\\imgs\\\\succ.png\",\"title\":\"内容已复制\",\"body\":\"d:\\\\down\"}"}
[file_runner.service.Server] [thread-36] [2022-02-02 18:24:37.485]  返回结果：{ reqId=83, succ=True, msg=, data= }
[file_runner.service.Server] [thread-38] [2022-02-02 18:24:38.448]  收到请求：{"reqId":84,"action":"openby","data":"{\"url\":\"openby://D:\\\\c.txt@@emeditor\"}"}
[file_runner.service.Server] [thread-38] [2022-02-02 18:24:38.467]  System.Exception: 文件不存在，无法打开：
D:\c.txt
   在 file_runner.service.OpenByHandler.handle(BaseReq generalReq)
   在 file_runner.service.Server.<>c__DisplayClass12_0.<handleRequest>b__0()
[file_runner.service.Server] [thread-38] [2022-02-02 18:24:38.467]  返回结果：{ reqId=84, succ=False, msg=文件不存在，无法打开：
D:\c.txt, data= }
[file_runner.service.Server] [thread-36] [2022-02-02 18:24:38.469]  收到请求：{"reqId":85,"action":"notify","data":"{\"pic\":\"D:\\\\ws\\\\web\\\\gmap-ui\\\\main\\\\imgs\\\\fail.png\",\"title\":\"操作有误\",\"body\":\"文件不存在，无法打开：\\r\\nD:\\\\c.txt\"}"}
[file_runner.service.Server] [thread-36] [2022-02-02 18:24:38.469]  返回结果：{ reqId=85, succ=True, msg=, data= }
[file_runner.service.Server] [thread-34] [2022-02-02 18:24:39.353]  收到请求：{"reqId":86,"action":"cppath","data":"{\"url\":\"cppath://d:\\\\down\"}"}
[file_runner.service.Server] [thread-34] [2022-02-02 18:24:39.363]  返回结果：{ reqId=86, succ=True, msg=, data=System.Collections.Hashtable }
[file_runner.service.Server] [thread-37] [2022-02-02 18:24:39.365]  收到请求：{"reqId":87,"action":"notify","data":"{\"pic\":\"D:\\\\ws\\\\web\\\\gmap-ui\\\\main\\\\imgs\\\\succ.png\",\"title\":\"内容已复制\",\"body\":\"d:\\\\down\"}"}
[file_runner.service.Server] [thread-37] [2022-02-02 18:24:39.365]  返回结果：{ reqId=87, succ=True, msg=, data= }
[file_runner.service.Server] [thread-38] [2022-02-02 18:24:40.129]  收到请求：{"reqId":88,"action":"cppath","data":"{\"url\":\"cppath://d:\\\\down\"}"}
[file_runner.service.Server] [thread-38] [2022-02-02 18:24:40.134]  返回结果：{ reqId=88, succ=True, msg=, data=System.Collections.Hashtable }
[file_runner.service.Server] [thread-36] [2022-02-02 18:24:40.140]  收到请求：{"reqId":89,"action":"notify","data":"{\"pic\":\"D:\\\\ws\\\\web\\\\gmap-ui\\\\main\\\\imgs\\\\succ.png\",\"title\":\"内容已复制\",\"body\":\"d:\\\\down\"}"}
[file_runner.service.Server] [thread-36] [2022-02-02 18:24:40.140]  返回结果：{ reqId=89, succ=True, msg=, data= }
[file_runner.service.Server] [thread-37] [2022-02-02 18:24:53.585]  收到请求：{"reqId":90,"action":"cppath","data":"{\"url\":\"cppath://d:\\\\a.txt\"}"}
[file_runner.service.Server] [thread-37] [2022-02-02 18:24:53.600]  System.Exception: 路径不存在：
d:\a.txt
   在 file_runner.service.CpPathProtocolHandler.handle(BaseReq generalReq)
   在 file_runner.service.Server.<>c__DisplayClass12_0.<handleRequest>b__0()
[file_runner.service.Server] [thread-37] [2022-02-02 18:24:53.600]  返回结果：{ reqId=90, succ=False, msg=路径不存在：
d:\a.txt, data= }
[file_runner.service.Server] [thread-36] [2022-02-02 18:24:53.600]  收到请求：{"reqId":91,"action":"notify","data":"{\"pic\":\"D:\\\\ws\\\\web\\\\gmap-ui\\\\main\\\\imgs\\\\fail.png\",\"title\":\"操作有误\",\"body\":\"路径不存在：\\r\\nd:\\\\a.txt\"}"}
[file_runner.service.Server] [thread-36] [2022-02-02 18:24:53.600]  返回结果：{ reqId=91, succ=True, msg=, data= }
[file_runner.service.Server] [thread-34] [2022-02-02 18:24:55.281]  收到请求：{"reqId":92,"action":"cppath","data":"{\"url\":\"cppath://d:\\\\down\"}"}
[file_runner.service.Server] [thread-34] [2022-02-02 18:24:55.293]  返回结果：{ reqId=92, succ=True, msg=, data=System.Collections.Hashtable }
[file_runner.service.Server] [thread-38] [2022-02-02 18:24:55.295]  收到请求：{"reqId":93,"action":"notify","data":"{\"pic\":\"D:\\\\ws\\\\web\\\\gmap-ui\\\\main\\\\imgs\\\\succ.png\",\"title\":\"内容已复制\",\"body\":\"d:\\\\down\"}"}
[file_runner.service.Server] [thread-38] [2022-02-02 18:24:55.296]  返回结果：{ reqId=93, succ=True, msg=, data= }
[file_runner.service.Server] [thread-37] [2022-02-02 18:24:56.441]  收到请求：{"reqId":94,"action":"openby","data":"{\"url\":\"openby://D:\\\\c.txt@@emeditor\"}"}
[file_runner.service.Server] [thread-37] [2022-02-02 18:24:56.455]  System.Exception: 文件不存在，无法打开：
D:\c.txt
   在 file_runner.service.OpenByHandler.handle(BaseReq generalReq)
   在 file_runner.service.Server.<>c__DisplayClass12_0.<handleRequest>b__0()
[file_runner.service.Server] [thread-37] [2022-02-02 18:24:56.455]  返回结果：{ reqId=94, succ=False, msg=文件不存在，无法打开：
D:\c.txt, data= }
[file_runner.service.Server] [thread-36] [2022-02-02 18:24:56.455]  收到请求：{"reqId":95,"action":"notify","data":"{\"pic\":\"D:\\\\ws\\\\web\\\\gmap-ui\\\\main\\\\imgs\\\\fail.png\",\"title\":\"操作有误\",\"body\":\"文件不存在，无法打开：\\r\\nD:\\\\c.txt\"}"}
[file_runner.service.Server] [thread-36] [2022-02-02 18:24:56.455]  返回结果：{ reqId=95, succ=True, msg=, data= }
[file_runner.service.Server] [thread-38] [2022-02-02 18:25:09.550]  收到请求：{"reqId":96,"action":"search","data":"{\"title\":\"\",\"cont\":\"积分\",\"both\":\"\"}"}
[file_runner.service.Server] [thread-38] [2022-02-02 18:25:09.555]  返回结果：{ reqId=96, succ=True, msg=, data=System.Collections.Generic.List`1[file_runner.service.SearchHandler+SearchResultItem] }
[file_runner.service.Server] [thread-41] [2022-02-02 18:25:56.695]  收到请求：{"reqId":97,"action":"search","data":"{\"title\":\"\",\"cont\":\"积分\",\"both\":\"\"}"}
[file_runner.service.Server] [thread-41] [2022-02-02 18:25:56.701]  返回结果：{ reqId=97, succ=True, msg=, data=System.Collections.Generic.List`1[file_runner.service.SearchHandler+SearchResultItem] }
[file_runner.service.Server] [thread-35] [2022-02-02 18:26:02.674]  收到请求：{"reqId":98,"action":"search","data":"{\"title\":\"\",\"cont\":\" \",\"both\":\"\"}"}
[file_runner.service.Server] [thread-35] [2022-02-02 18:26:02.676]  返回结果：{ reqId=98, succ=True, msg=, data=System.Collections.Generic.List`1[file_runner.service.SearchHandler+SearchResultItem] }
[file_runner.service.Server] [thread-41] [2022-02-02 18:26:03.145]  收到请求：{"reqId":99,"action":"search","data":"{\"title\":\"\",\"cont\":\"極限\",\"both\":\"\"}"}
[file_runner.service.Server] [thread-41] [2022-02-02 18:26:03.147]  返回结果：{ reqId=99, succ=True, msg=, data=System.Collections.Generic.List`1[file_runner.service.SearchHandler+SearchResultItem] }
[file_runner.service.Server] [thread-35] [2022-02-02 18:26:05.235]  收到请求：{"reqId":100,"action":"search","data":"{\"title\":\"\",\"cont\":\"限\",\"both\":\"\"}"}
[file_runner.service.Server] [thread-35] [2022-02-02 18:26:05.240]  返回结果：{ reqId=100, succ=True, msg=, data=System.Collections.Generic.List`1[file_runner.service.SearchHandler+SearchResultItem] }
[file_runner.service.Server] [thread-41] [2022-02-02 18:26:06.250]  收到请求：{"reqId":101,"action":"search","data":"{\"title\":\"\",\"cont\":\" 限\",\"both\":\"\"}"}
[file_runner.service.Server] [thread-41] [2022-02-02 18:26:06.255]  返回结果：{ reqId=101, succ=True, msg=, data=System.Collections.Generic.List`1[file_runner.service.SearchHandler+SearchResultItem] }
[file_runner.service.Server] [thread-35] [2022-02-02 18:26:06.891]  收到请求：{"reqId":102,"action":"search","data":"{\"title\":\"\",\"cont\":\"極限\",\"both\":\"\"}"}
[file_runner.service.Server] [thread-35] [2022-02-02 18:26:06.894]  返回结果：{ reqId=102, succ=True, msg=, data=System.Collections.Generic.List`1[file_runner.service.SearchHandler+SearchResultItem] }
[file_runner.service.Server] [thread-41] [2022-02-02 18:26:09.219]  收到请求：{"reqId":103,"action":"search","data":"{\"title\":\"\",\"cont\":\" 限\",\"both\":\"\"}"}
[file_runner.service.Server] [thread-41] [2022-02-02 18:26:09.224]  返回结果：{ reqId=103, succ=True, msg=, data=System.Collections.Generic.List`1[file_runner.service.SearchHandler+SearchResultItem] }
[file_runner.service.Server] [thread-35] [2022-02-02 18:26:13.312]  收到请求：{"reqId":104,"action":"search","data":"{\"title\":\"\",\"cont\":\"限\",\"both\":\"\"}"}
[file_runner.service.Server] [thread-35] [2022-02-02 18:26:13.316]  返回结果：{ reqId=104, succ=True, msg=, data=System.Collections.Generic.List`1[file_runner.service.SearchHandler+SearchResultItem] }
[file_runner.service.Server] [thread-41] [2022-02-02 18:26:15.036]  收到请求：{"reqId":105,"action":"search","data":"{\"title\":\"\",\"cont\":\" 限\",\"both\":\"\"}"}
[file_runner.service.Server] [thread-41] [2022-02-02 18:26:15.041]  返回结果：{ reqId=105, succ=True, msg=, data=System.Collections.Generic.List`1[file_runner.service.SearchHandler+SearchResultItem] }
[file_runner.service.Server] [thread-35] [2022-02-02 18:26:21.186]  收到请求：{"reqId":106,"action":"search","data":"{\"title\":\"\",\"cont\":\" 限\",\"both\":\"\"}"}
[file_runner.service.Server] [thread-35] [2022-02-02 18:26:21.191]  返回结果：{ reqId=106, succ=True, msg=, data=System.Collections.Generic.List`1[file_runner.service.SearchHandler+SearchResultItem] }
[file_runner.service.Server] [thread-35] [2022-02-02 18:26:24.713]  收到请求：{"reqId":107,"action":"search","data":"{\"title\":\"\",\"cont\":\"限\",\"both\":\"\"}"}
[file_runner.service.Server] [thread-35] [2022-02-02 18:26:24.718]  返回结果：{ reqId=107, succ=True, msg=, data=System.Collections.Generic.List`1[file_runner.service.SearchHandler+SearchResultItem] }
[file_runner.service.Server] [thread-41] [2022-02-02 18:26:25.279]  收到请求：{"reqId":108,"action":"search","data":"{\"title\":\"\",\"cont\":\" 限\",\"both\":\"\"}"}
[file_runner.service.Server] [thread-41] [2022-02-02 18:26:25.284]  返回结果：{ reqId=108, succ=True, msg=, data=System.Collections.Generic.List`1[file_runner.service.SearchHandler+SearchResultItem] }
[file_runner.service.Server] [thread-35] [2022-02-02 18:26:31.020]  收到请求：{"reqId":109,"action":"search","data":"{\"title\":\"\",\"cont\":\"限\",\"both\":\"\"}"}
[file_runner.service.Server] [thread-35] [2022-02-02 18:26:31.025]  返回结果：{ reqId=109, succ=True, msg=, data=System.Collections.Generic.List`1[file_runner.service.SearchHandler+SearchResultItem] }
[file_runner.service.Server] [thread-41] [2022-02-02 18:26:44.939]  收到请求：{"reqId":110,"action":"search","data":"{\"title\":\"\",\"cont\":\"限 \",\"both\":\"\"}"}
[file_runner.service.Server] [thread-41] [2022-02-02 18:26:44.944]  返回结果：{ reqId=110, succ=True, msg=, data=System.Collections.Generic.List`1[file_runner.service.SearchHandler+SearchResultItem] }
[file_runner.service.Server] [thread-35] [2022-02-02 18:26:48.991]  收到请求：{"reqId":111,"action":"search","data":"{\"title\":\"\",\"cont\":\"限\",\"both\":\"\"}"}
[file_runner.service.Server] [thread-35] [2022-02-02 18:26:48.996]  返回结果：{ reqId=111, succ=True, msg=, data=System.Collections.Generic.List`1[file_runner.service.SearchHandler+SearchResultItem] }
[file_runner.service.Server] [thread-41] [2022-02-02 18:26:50.208]  收到请求：{"reqId":112,"action":"search","data":"{\"title\":\"\",\"cont\":\" 限\",\"both\":\"\"}"}
[file_runner.service.Server] [thread-41] [2022-02-02 18:26:50.212]  返回结果：{ reqId=112, succ=True, msg=, data=System.Collections.Generic.List`1[file_runner.service.SearchHandler+SearchResultItem] }
[file_runner.service.Server] [thread-41] [2022-02-02 18:26:53.478]  收到请求：{"reqId":113,"action":"search","data":"{\"title\":\"\",\"cont\":\"限\",\"both\":\"\"}"}
[file_runner.service.Server] [thread-41] [2022-02-02 18:26:53.483]  返回结果：{ reqId=113, succ=True, msg=, data=System.Collections.Generic.List`1[file_runner.service.SearchHandler+SearchResultItem] }
[file_runner.service.Server] [thread-35] [2022-02-02 18:27:01.932]  收到请求：{"reqId":114,"action":"search","data":"{\"title\":\"\",\"cont\":\" 限\",\"both\":\"\"}"}
[file_runner.service.Server] [thread-35] [2022-02-02 18:27:01.937]  返回结果：{ reqId=114, succ=True, msg=, data=System.Collections.Generic.List`1[file_runner.service.SearchHandler+SearchResultItem] }
[file_runner.service.Server] [thread-41] [2022-02-02 18:27:03.642]  收到请求：{"reqId":115,"action":"search","data":"{\"title\":\"\",\"cont\":\"极限\",\"both\":\"\"}"}
[file_runner.service.Server] [thread-41] [2022-02-02 18:27:03.651]  返回结果：{ reqId=115, succ=True, msg=, data=System.Collections.Generic.List`1[file_runner.service.SearchHandler+SearchResultItem] }
[file_runner.service.Server] [thread-35] [2022-02-02 18:27:26.748]  收到请求：{"reqId":116,"action":"search","data":"{\"title\":\"3\",\"cont\":\"极限\",\"both\":\"\"}"}
[file_runner.service.Server] [thread-35] [2022-02-02 18:27:26.751]  返回结果：{ reqId=116, succ=True, msg=, data=System.Collections.Generic.List`1[file_runner.service.SearchHandler+SearchResultItem] }
[file_runner.service.Server] [thread-9] [2022-02-02 18:27:29.105]  收到请求：{"reqId":117,"action":"search","data":"{\"title\":\"222\",\"cont\":\"极限\",\"both\":\"\"}"}
[file_runner.service.Server] [thread-9] [2022-02-02 18:27:29.107]  返回结果：{ reqId=117, succ=True, msg=, data=System.Collections.Generic.List`1[file_runner.service.SearchHandler+SearchResultItem] }
[file_runner.service.Server] [thread-35] [2022-02-02 18:27:30.567]  收到请求：{"reqId":118,"action":"search","data":"{\"title\":\"22\",\"cont\":\"极限\",\"both\":\"\"}"}
[file_runner.service.Server] [thread-35] [2022-02-02 18:27:30.577]  返回结果：{ reqId=118, succ=True, msg=, data=System.Collections.Generic.List`1[file_runner.service.SearchHandler+SearchResultItem] }
[file_runner.service.Server] [thread-44] [2022-02-02 18:36:13.047]  收到请求：{"reqId":119,"action":"search","data":"{\"title\":\"\",\"cont\":\"\",\"both\":\"\"}"}
[file_runner.service.Server] [thread-44] [2022-02-02 18:36:13.051]  返回结果：{ reqId=119, succ=True, msg=, data=System.Collections.Generic.List`1[file_runner.service.SearchHandler+SearchResultItem] }
[file_runner.service.Server] [thread-45] [2022-02-02 18:36:13.453]  收到请求：{"reqId":120,"action":"search","data":"{\"title\":\"\",\"cont\":\"\",\"both\":\"\"}"}
[file_runner.service.Server] [thread-45] [2022-02-02 18:36:13.457]  返回结果：{ reqId=120, succ=True, msg=, data=System.Collections.Generic.List`1[file_runner.service.SearchHandler+SearchResultItem] }
[file_runner.service.Server] [thread-44] [2022-02-02 18:36:13.869]  收到请求：{"reqId":121,"action":"search","data":"{\"title\":\"\",\"cont\":\"\",\"both\":\"\"}"}
[file_runner.service.Server] [thread-44] [2022-02-02 18:36:13.873]  返回结果：{ reqId=121, succ=True, msg=, data=System.Collections.Generic.List`1[file_runner.service.SearchHandler+SearchResultItem] }
[file_runner.service.Server] [thread-45] [2022-02-02 18:36:14.281]  收到请求：{"reqId":122,"action":"search","data":"{\"title\":\"\",\"cont\":\"\",\"both\":\"\"}"}
[file_runner.service.Server] [thread-45] [2022-02-02 18:36:14.285]  返回结果：{ reqId=122, succ=True, msg=, data=System.Collections.Generic.List`1[file_runner.service.SearchHandler+SearchResultItem] }
[file_runner.service.Server] [thread-44] [2022-02-02 18:36:14.688]  收到请求：{"reqId":123,"action":"search","data":"{\"title\":\"\",\"cont\":\"\",\"both\":\"\"}"}
[file_runner.service.Server] [thread-44] [2022-02-02 18:36:14.692]  返回结果：{ reqId=123, succ=True, msg=, data=System.Collections.Generic.List`1[file_runner.service.SearchHandler+SearchResultItem] }
[file_runner.service.Server] [thread-45] [2022-02-02 18:36:15.723]  收到请求：{"reqId":124,"action":"search","data":"{\"title\":\"\",\"cont\":\"222\",\"both\":\"\"}"}
[file_runner.service.Server] [thread-45] [2022-02-02 18:36:15.726]  返回结果：{ reqId=124, succ=True, msg=, data=System.Collections.Generic.List`1[file_runner.service.SearchHandler+SearchResultItem] }
[file_runner.service.Server] [thread-45] [2022-02-02 18:36:16.136]  收到请求：{"reqId":125,"action":"search","data":"{\"title\":\"\",\"cont\":\"222\",\"both\":\"\"}"}
[file_runner.service.Server] [thread-45] [2022-02-02 18:36:16.139]  返回结果：{ reqId=125, succ=True, msg=, data=System.Collections.Generic.List`1[file_runner.service.SearchHandler+SearchResultItem] }
[file_runner.service.Server] [thread-44] [2022-02-02 18:36:16.543]  收到请求：{"reqId":126,"action":"search","data":"{\"title\":\"\",\"cont\":\"222\",\"both\":\"\"}"}
[file_runner.service.Server] [thread-44] [2022-02-02 18:36:16.545]  返回结果：{ reqId=126, succ=True, msg=, data=System.Collections.Generic.List`1[file_runner.service.SearchHandler+SearchResultItem] }
[file_runner.service.Server] [thread-45] [2022-02-02 18:36:16.948]  收到请求：{"reqId":127,"action":"search","data":"{\"title\":\"\",\"cont\":\"222\",\"both\":\"\"}"}
[file_runner.service.Server] [thread-45] [2022-02-02 18:36:16.951]  返回结果：{ reqId=127, succ=True, msg=, data=System.Collections.Generic.List`1[file_runner.service.SearchHandler+SearchResultItem] }
[file_runner.service.Server] [thread-44] [2022-02-02 18:36:17.357]  收到请求：{"reqId":128,"action":"search","data":"{\"title\":\"\",\"cont\":\"222\",\"both\":\"\"}"}
[file_runner.service.Server] [thread-44] [2022-02-02 18:36:17.359]  返回结果：{ reqId=128, succ=True, msg=, data=System.Collections.Generic.List`1[file_runner.service.SearchHandler+SearchResultItem] }
[file_runner.service.Server] [thread-45] [2022-02-02 18:36:17.762]  收到请求：{"reqId":129,"action":"search","data":"{\"title\":\"\",\"cont\":\"222\",\"both\":\"\"}"}
[file_runner.service.Server] [thread-45] [2022-02-02 18:36:17.764]  返回结果：{ reqId=129, succ=True, msg=, data=System.Collections.Generic.List`1[file_runner.service.SearchHandler+SearchResultItem] }
[file_runner.service.Server] [thread-44] [2022-02-02 18:36:18.169]  收到请求：{"reqId":130,"action":"search","data":"{\"title\":\"\",\"cont\":\"222\",\"both\":\"\"}"}
[file_runner.service.Server] [thread-44] [2022-02-02 18:36:18.171]  返回结果：{ reqId=130, succ=True, msg=, data=System.Collections.Generic.List`1[file_runner.service.SearchHandler+SearchResultItem] }
[file_runner.service.Server] [thread-45] [2022-02-02 18:36:18.575]  收到请求：{"reqId":131,"action":"search","data":"{\"title\":\"\",\"cont\":\"222\",\"both\":\"\"}"}
[file_runner.service.Server] [thread-45] [2022-02-02 18:36:18.578]  返回结果：{ reqId=131, succ=True, msg=, data=System.Collections.Generic.List`1[file_runner.service.SearchHandler+SearchResultItem] }
[file_runner.service.Server] [thread-44] [2022-02-02 18:36:19.155]  收到请求：{"reqId":132,"action":"search","data":"{\"title\":\" \",\"cont\":\"222\",\"both\":\"\"}"}
[file_runner.service.Server] [thread-44] [2022-02-02 18:36:19.158]  返回结果：{ reqId=132, succ=True, msg=, data=System.Collections.Generic.List`1[file_runner.service.SearchHandler+SearchResultItem] }
[file_runner.service.Server] [thread-45] [2022-02-02 18:36:19.570]  收到请求：{"reqId":133,"action":"search","data":"{\"title\":\" \",\"cont\":\"222\",\"both\":\"\"}"}
[file_runner.service.Server] [thread-45] [2022-02-02 18:36:19.573]  返回结果：{ reqId=133, succ=True, msg=, data=System.Collections.Generic.List`1[file_runner.service.SearchHandler+SearchResultItem] }
[file_runner.service.Server] [thread-44] [2022-02-02 18:36:20.326]  收到请求：{"reqId":134,"action":"search","data":"{\"title\":\"gant\",\"cont\":\"222\",\"both\":\"\"}"}
[file_runner.service.Server] [thread-44] [2022-02-02 18:36:20.328]  返回结果：{ reqId=134, succ=True, msg=, data=System.Collections.Generic.List`1[file_runner.service.SearchHandler+SearchResultItem] }
[file_runner.service.Server] [thread-45] [2022-02-02 18:36:20.731]  收到请求：{"reqId":135,"action":"search","data":"{\"title\":\"gant\",\"cont\":\"222\",\"both\":\"\"}"}
[file_runner.service.Server] [thread-45] [2022-02-02 18:36:20.736]  返回结果：{ reqId=135, succ=True, msg=, data=System.Collections.Generic.List`1[file_runner.service.SearchHandler+SearchResultItem] }
[file_runner.service.Server] [thread-44] [2022-02-02 18:36:21.139]  收到请求：{"reqId":136,"action":"search","data":"{\"title\":\"gant\",\"cont\":\"222\",\"both\":\"\"}"}
[file_runner.service.Server] [thread-44] [2022-02-02 18:36:21.144]  返回结果：{ reqId=136, succ=True, msg=, data=System.Collections.Generic.List`1[file_runner.service.SearchHandler+SearchResultItem] }
[file_runner.service.Server] [thread-45] [2022-02-02 18:36:21.548]  收到请求：{"reqId":137,"action":"search","data":"{\"title\":\"gant\",\"cont\":\"222\",\"both\":\"\"}"}
[file_runner.service.Server] [thread-45] [2022-02-02 18:36:21.554]  返回结果：{ reqId=137, succ=True, msg=, data=System.Collections.Generic.List`1[file_runner.service.SearchHandler+SearchResultItem] }
[file_runner.service.Server] [thread-44] [2022-02-02 18:36:21.957]  收到请求：{"reqId":138,"action":"search","data":"{\"title\":\"gant\",\"cont\":\"222\",\"both\":\"\"}"}
[file_runner.service.Server] [thread-44] [2022-02-02 18:36:21.962]  返回结果：{ reqId=138, succ=True, msg=, data=System.Collections.Generic.List`1[file_runner.service.SearchHandler+SearchResultItem] }
[file_runner.service.Server] [thread-45] [2022-02-02 18:36:22.372]  收到请求：{"reqId":139,"action":"search","data":"{\"title\":\"gant\",\"cont\":\"222\",\"both\":\"\"}"}
[file_runner.service.Server] [thread-45] [2022-02-02 18:36:22.377]  返回结果：{ reqId=139, succ=True, msg=, data=System.Collections.Generic.List`1[file_runner.service.SearchHandler+SearchResultItem] }
[file_runner.service.Server] [thread-44] [2022-02-02 18:36:23.049]  收到请求：{"reqId":140,"action":"search","data":"{\"title\":\"gant\",\"cont\":\"\",\"both\":\"\"}"}
[file_runner.service.Server] [thread-44] [2022-02-02 18:36:23.053]  返回结果：{ reqId=140, succ=True, msg=, data=System.Collections.Generic.List`1[file_runner.service.SearchHandler+SearchResultItem] }
[file_runner.service.Server] [thread-45] [2022-02-02 18:36:23.459]  收到请求：{"reqId":141,"action":"search","data":"{\"title\":\"gant\",\"cont\":\"\",\"both\":\"\"}"}
[file_runner.service.Server] [thread-45] [2022-02-02 18:36:23.464]  返回结果：{ reqId=141, succ=True, msg=, data=System.Collections.Generic.List`1[file_runner.service.SearchHandler+SearchResultItem] }
[file_runner.service.Server] [thread-44] [2022-02-02 18:36:23.873]  收到请求：{"reqId":142,"action":"search","data":"{\"title\":\"gant\",\"cont\":\"\",\"both\":\"\"}"}
[file_runner.service.Server] [thread-44] [2022-02-02 18:36:23.877]  返回结果：{ reqId=142, succ=True, msg=, data=System.Collections.Generic.List`1[file_runner.service.SearchHandler+SearchResultItem] }
[file_runner.service.Server] [thread-45] [2022-02-02 18:36:24.280]  收到请求：{"reqId":143,"action":"search","data":"{\"title\":\"gant\",\"cont\":\"\",\"both\":\"\"}"}
[file_runner.service.Server] [thread-45] [2022-02-02 18:36:24.285]  返回结果：{ reqId=143, succ=True, msg=, data=System.Collections.Generic.List`1[file_runner.service.SearchHandler+SearchResultItem] }
