[file_runner.service.Server] [thread-4] [2021-08-04 11:30:27.138]  开始请求处理 POST http://localhost:56789/cp
[file_runner.service.Server] [thread-6] [2021-08-04 11:31:16.077]  开始请求处理 POST http://localhost:56789/dir
[file_runner.service.Server] [thread-6] [2021-08-04 11:31:16.116]  指定的路径不存在：
d:\aaaaa.txt
   在 file_runner.service.DirProtocolHandler.handle(BaseReq generalReq)
   在 file_runner.service.Server.handleRequest(HttpListenerContext ctx)
[file_runner.service.Server] [thread-9] [2021-08-04 11:31:20.483]  开始请求处理 POST http://localhost:56789/dir
[file_runner.service.Server] [thread-8] [2021-08-04 11:31:31.194]  开始请求处理 POST http://localhost:56789/file
[file_runner.service.Server] [thread-6] [2021-08-04 11:31:35.349]  开始请求处理 POST http://localhost:56789/file
[file_runner.service.Server] [thread-8] [2021-08-04 11:31:38.317]  开始请求处理 POST http://localhost:56789/file
[file_runner.service.Server] [thread-8] [2021-08-04 11:31:38.317]  指定的路径不存在：
d:\aaaaa.txt
   在 file_runner.service.FileProtocolHandler.handle(BaseReq generalReq)
   在 file_runner.service.Server.handleRequest(HttpListenerContext ctx)
[file_runner.service.Server] [thread-6] [2021-08-04 11:31:46.059]  开始请求处理 POST http://localhost:56789/file
[file_runner.service.Server] [thread-6] [2021-08-04 11:31:46.060]  指定的路径不存在：
d:\aaaaa.txt
   在 file_runner.service.FileProtocolHandler.handle(BaseReq generalReq)
   在 file_runner.service.Server.handleRequest(HttpListenerContext ctx)
[file_runner.service.Server] [thread-13] [2021-08-04 11:32:06.812]  开始请求处理 POST http://localhost:56789/file
[file_runner.service.Server] [thread-13] [2021-08-04 11:32:06.812]  指定的路径不存在：
d:\aaaaa.txt
   在 file_runner.service.FileProtocolHandler.handle(BaseReq generalReq)
   在 file_runner.service.Server.handleRequest(HttpListenerContext ctx)
