[file_runner.Program] [thread-1] [2021-09-06 00:43:27.906]  已接收到主进程id：1200
[file_runner.Program] [thread-1] [2021-09-06 00:45:24.577]  已接收到主进程id：9192
[file_runner.service.Server] [thread-21] [2021-09-06 00:49:21.964]  收到请求：{"reqId":1,"action":"openby","data":"{\"url\":\"openby://D:\\\\c.txt@@notepad\"}"}
[file_runner.service.Server] [thread-21] [2021-09-06 00:49:22.333]  返回结果：{ reqId=1, succ=True, msg=, data= }
[file_runner.service.Server] [thread-22] [2021-09-06 00:49:32.702]  收到请求：{"reqId":2,"action":"openby","data":"{\"url\":\"openby://D:\\\\c.txt@@emeditor\"}"}
[file_runner.service.Server] [thread-22] [2021-09-06 00:49:32.789]  返回结果：{ reqId=2, succ=True, msg=, data= }
[file_runner.service.Server] [thread-20] [2021-09-06 00:50:43.262]  收到请求：{"reqId":3,"action":"openby","data":"{\"url\":\"openby://D:\\\\c.txt@@emeditor\"}"}
[file_runner.service.Server] [thread-20] [2021-09-06 00:50:43.311]  返回结果：{ reqId=3, succ=True, msg=, data= }
[file_runner.service.Server] [thread-20] [2021-09-06 00:50:52.694]  收到请求：{"reqId":4,"action":"openby","data":"{\"url\":\"openby://D:\\\\c.txt@@notepad\"}"}
[file_runner.service.Server] [thread-20] [2021-09-06 00:50:52.791]  返回结果：{ reqId=4, succ=True, msg=, data= }
[file_runner.service.Server] [thread-20] [2021-09-06 00:51:07.862]  收到请求：{"reqId":5,"action":"openby","data":"{\"url\":\"openby://D:\\\\c.txt@@360chrome\"}"}
[file_runner.service.Server] [thread-20] [2021-09-06 00:51:07.935]  返回结果：{ reqId=5, succ=True, msg=, data= }
[file_runner.Program] [thread-1] [2021-09-06 00:54:22.301]  已接收到主进程id：16716
[file_runner.service.Server] [thread-26] [2021-09-06 01:00:41.905]  收到请求：{"reqId":1,"action":"openby","data":"{\"url\":\"openby://D:\\\\c.txt@@notepad\"}"}
[file_runner.service.Server] [thread-26] [2021-09-06 01:00:42.250]  返回结果：{ reqId=1, succ=True, msg=, data= }
[file_runner.service.Server] [thread-26] [2021-09-06 01:01:06.631]  收到请求：{"reqId":2,"action":"openby","data":"{\"url\":\"openby://D:\\\\c.txt@@emeditor\"}"}
[file_runner.service.Server] [thread-26] [2021-09-06 01:01:06.683]  返回结果：{ reqId=2, succ=True, msg=, data= }
[file_runner.service.Server] [thread-26] [2021-09-06 01:01:10.646]  收到请求：{"reqId":3,"action":"openby","data":"{\"url\":\"openby://D:\\\\c.txt@@emeditor\"}"}
[file_runner.service.Server] [thread-26] [2021-09-06 01:01:10.699]  返回结果：{ reqId=3, succ=True, msg=, data= }
[file_runner.service.Server] [thread-28] [2021-09-06 01:01:21.278]  收到请求：{"reqId":4,"action":"openby","data":"{\"url\":\"openby://D:\\\\c.txt@@notepad\"}"}
[file_runner.service.Server] [thread-28] [2021-09-06 01:01:21.378]  返回结果：{ reqId=4, succ=True, msg=, data= }
[file_runner.service.Server] [thread-28] [2021-09-06 01:01:30.886]  收到请求：{"reqId":5,"action":"openby","data":"{\"url\":\"openby://D:\\\\c.txt@@notepad\"}"}
[file_runner.service.Server] [thread-28] [2021-09-06 01:01:30.978]  返回结果：{ reqId=5, succ=True, msg=, data= }
[file_runner.Program] [thread-1] [2021-09-06 01:05:12.993]  已接收到主进程id：5204
[file_runner.Program] [thread-1] [2021-09-06 01:34:12.555]  已接收到主进程id：8824
[file_runner.service.Server] [thread-23] [2021-09-06 01:39:12.411]  收到请求：{"reqId":1,"action":"openby","data":"{\"url\":\"openby://D:\\\\c.txt@@notepad\"}"}
[file_runner.service.Server] [thread-23] [2021-09-06 01:39:12.745]  返回结果：{ reqId=1, succ=True, msg=, data= }
[file_runner.service.Server] [thread-24] [2021-09-06 01:39:25.696]  收到请求：{"reqId":2,"action":"openby","data":"{\"url\":\"openby://D:\\\\c.txt@@emeditor\"}"}
[file_runner.service.Server] [thread-24] [2021-09-06 01:39:25.753]  返回结果：{ reqId=2, succ=True, msg=, data= }
[file_runner.service.Server] [thread-24] [2021-09-06 01:39:35.960]  收到请求：{"reqId":3,"action":"openby","data":"{\"url\":\"openby://D:\\\\c.txt@@notepad\"}"}
[file_runner.service.Server] [thread-24] [2021-09-06 01:39:36.053]  返回结果：{ reqId=3, succ=True, msg=, data= }
