[file_runner.service.Server] [thread-4] [2021-08-03 12:48:48.211]  请求处理线程 4
[file_runner.service.Server] [thread-5] [2021-08-03 12:48:52.356]  请求处理线程 5
[file_runner.service.Server] [thread-4] [2021-08-03 12:48:59.308]  请求处理线程 4
[file_runner.service.Server] [thread-4] [2021-08-03 12:48:59.341]  指定的路径不存在：d:\aaaaa.txt
   在 file_runner.service.FileProtocolHandler.handle(BaseReq generalReq)
   在 file_runner.service.Server.handleRequest(HttpListenerContext ctx)
[file_runner.service.Server] [thread-4] [2021-08-03 12:49:06.588]  请求处理线程 4
[file_runner.service.Server] [thread-4] [2021-08-03 12:49:06.588]  指定的路径不存在：d:\aaaaa.txt
   在 file_runner.service.FileProtocolHandler.handle(BaseReq generalReq)
   在 file_runner.service.Server.handleRequest(HttpListenerContext ctx)
[file_runner.service.Server] [thread-6] [2021-08-03 12:49:17.075]  请求处理线程 6
[file_runner.service.Server] [thread-9] [2021-08-03 12:49:28.886]  请求处理线程 9
[file_runner.service.Server] [thread-9] [2021-08-03 12:49:28.886]  指定的路径不存在：d:\aaaaa.txt
   在 file_runner.service.DirProtocolHandler.handle(BaseReq generalReq)
   在 file_runner.service.Server.handleRequest(HttpListenerContext ctx)
[file_runner.service.Server] [thread-4] [2021-08-03 12:50:32.010]  请求处理线程 4
[file_runner.service.Server] [thread-6] [2021-08-03 12:50:35.510]  请求处理线程 6
[file_runner.service.Server] [thread-4] [2021-08-03 12:50:51.307]  请求处理线程 4
[file_runner.service.Server] [thread-4] [2021-08-03 12:50:51.345]  指定的路径不存在：d:\aaaaa.txt
   在 file_runner.service.DirProtocolHandler.handle(BaseReq generalReq)
   在 file_runner.service.Server.handleRequest(HttpListenerContext ctx)
[file_runner.service.Server] [thread-4] [2021-08-03 12:50:53.372]  请求处理线程 4
[file_runner.service.Server] [thread-4] [2021-08-03 12:50:53.372]  指定的路径不存在：d:\aaaaa.txt
   在 file_runner.service.FileProtocolHandler.handle(BaseReq generalReq)
   在 file_runner.service.Server.handleRequest(HttpListenerContext ctx)
[file_runner.service.Server] [thread-4] [2021-08-03 12:51:04.574]  请求处理线程 4
[file_runner.service.Server] [thread-4] [2021-08-03 12:51:04.574]  指定的路径不存在：d:\aaaaa.txt
   在 file_runner.service.FileProtocolHandler.handle(BaseReq generalReq)
   在 file_runner.service.Server.handleRequest(HttpListenerContext ctx)
[file_runner.service.Server] [thread-5] [2021-08-03 12:51:11.476]  请求处理线程 5
[file_runner.service.Server] [thread-5] [2021-08-03 12:51:11.477]  指定的路径不存在：d:\aaaaa.txt
   在 file_runner.service.DirProtocolHandler.handle(BaseReq generalReq)
   在 file_runner.service.Server.handleRequest(HttpListenerContext ctx)
[file_runner.service.Server] [thread-4] [2021-08-03 12:57:52.340]  请求处理线程 4
[file_runner.service.Server] [thread-4] [2021-08-03 12:57:52.430]  指定的路径不存在：
d:\aaaaa.txt
   在 file_runner.service.DirProtocolHandler.handle(BaseReq generalReq)
   在 file_runner.service.Server.handleRequest(HttpListenerContext ctx)
[file_runner.service.Server] [thread-7] [2021-08-03 12:58:43.781]  请求处理线程 7
[file_runner.service.Server] [thread-7] [2021-08-03 12:58:43.781]  指定的路径不存在：
d:\aaaaa.txt
   在 file_runner.service.DirProtocolHandler.handle(BaseReq generalReq)
   在 file_runner.service.Server.handleRequest(HttpListenerContext ctx)
[file_runner.service.Server] [thread-10] [2021-08-03 12:58:52.373]  请求处理线程 10
[file_runner.service.Server] [thread-10] [2021-08-03 12:58:52.374]  指定的路径不存在：
d:\aaaaa.txt
   在 file_runner.service.FileProtocolHandler.handle(BaseReq generalReq)
   在 file_runner.service.Server.handleRequest(HttpListenerContext ctx)
[file_runner.service.Server] [thread-4] [2021-08-03 12:59:17.377]  请求处理线程 4
[file_runner.service.Server] [thread-4] [2021-08-03 12:59:17.462]  指定的路径不存在：
d:\aaaaa.txt
   在 file_runner.service.DirProtocolHandler.handle(BaseReq generalReq)
   在 file_runner.service.Server.handleRequest(HttpListenerContext ctx)
[file_runner.service.Server] [thread-6] [2021-08-03 12:59:24.011]  请求处理线程 6
[file_runner.service.Server] [thread-6] [2021-08-03 12:59:24.012]  指定的路径不存在：
d:\aaaaa.txt
   在 file_runner.service.FileProtocolHandler.handle(BaseReq generalReq)
   在 file_runner.service.Server.handleRequest(HttpListenerContext ctx)
[file_runner.service.Server] [thread-4] [2021-08-03 06:29:16.652]  请求处理线程 4
[file_runner.service.Server] [thread-6] [2021-08-03 06:29:24.861]  请求处理线程 6
[file_runner.service.Server] [thread-5] [2021-08-03 06:29:35.421]  请求处理线程 5
[file_runner.service.Server] [thread-4] [2021-08-03 06:29:40.549]  请求处理线程 4
[file_runner.service.Server] [thread-4] [2021-08-03 06:29:40.581]  指定的路径不存在：
d:\aaaaa.txt
   在 file_runner.service.FileProtocolHandler.handle(BaseReq generalReq)
   在 file_runner.service.Server.handleRequest(HttpListenerContext ctx)
[file_runner.service.Server] [thread-4] [2021-08-03 06:29:47.331]  请求处理线程 4
[file_runner.service.Server] [thread-4] [2021-08-03 06:29:47.331]  指定的路径不存在：
d:\aaaaa.txt
   在 file_runner.service.DirProtocolHandler.handle(BaseReq generalReq)
   在 file_runner.service.Server.handleRequest(HttpListenerContext ctx)
[file_runner.service.Server] [thread-4] [2021-08-03 06:31:07.955]  请求处理线程 4
[file_runner.service.Server] [thread-4] [2021-08-03 06:31:08.041]  指定的路径不存在：
d:\aaaaa.txt
   在 file_runner.service.FileProtocolHandler.handle(BaseReq generalReq)
   在 file_runner.service.Server.handleRequest(HttpListenerContext ctx)
[file_runner.service.Server] [thread-6] [2021-08-03 06:31:15.357]  请求处理线程 6
[file_runner.service.Server] [thread-6] [2021-08-03 06:31:15.358]  指定的路径不存在：
d:\aaaaa.txt
   在 file_runner.service.DirProtocolHandler.handle(BaseReq generalReq)
   在 file_runner.service.Server.handleRequest(HttpListenerContext ctx)
[file_runner.service.Server] [thread-5] [2021-08-03 06:31:23.715]  请求处理线程 5
[file_runner.service.Server] [thread-5] [2021-08-03 06:31:23.715]  指定的路径不存在：
d:\aaaaa.txt
   在 file_runner.service.DirProtocolHandler.handle(BaseReq generalReq)
   在 file_runner.service.Server.handleRequest(HttpListenerContext ctx)
[file_runner.service.Server] [thread-5] [2021-08-03 06:31:30.844]  请求处理线程 5
[file_runner.service.Server] [thread-5] [2021-08-03 06:31:30.844]  指定的路径不存在：
d:\aaaaa.txt
   在 file_runner.service.DirProtocolHandler.handle(BaseReq generalReq)
   在 file_runner.service.Server.handleRequest(HttpListenerContext ctx)
[file_runner.service.Server] [thread-6] [2021-08-03 06:31:37.173]  请求处理线程 6
[file_runner.service.Server] [thread-4] [2021-08-03 06:31:45.437]  请求处理线程 4
[file_runner.service.Server] [thread-6] [2021-08-03 06:31:52.093]  请求处理线程 6
[file_runner.service.Server] [thread-6] [2021-08-03 06:31:52.093]  指定的路径不存在：
d:\aaaaa.txt
   在 file_runner.service.DirProtocolHandler.handle(BaseReq generalReq)
   在 file_runner.service.Server.handleRequest(HttpListenerContext ctx)
[file_runner.service.Server] [thread-5] [2021-08-03 06:31:58.660]  请求处理线程 5
[file_runner.service.Server] [thread-5] [2021-08-03 06:31:58.661]  指定的路径不存在：
d:\aaaaa.txt
   在 file_runner.service.FileProtocolHandler.handle(BaseReq generalReq)
   在 file_runner.service.Server.handleRequest(HttpListenerContext ctx)
[file_runner.service.Server] [thread-4] [2021-08-03 06:32:10.380]  请求处理线程 4
[file_runner.service.Server] [thread-6] [2021-08-03 06:32:22.091]  请求处理线程 6
[file_runner.service.Server] [thread-4] [2021-08-03 10:48:26.933]  请求处理线程 4
[file_runner.service.Server] [thread-4] [2021-08-03 10:48:27.154]  指定的路径不存在：
d:\aaaaa.txt
   在 file_runner.service.FileProtocolHandler.handle(BaseReq generalReq)
   在 file_runner.service.Server.handleRequest(HttpListenerContext ctx)
[file_runner.service.Server] [thread-6] [2021-08-03 10:48:36.495]  请求处理线程 6
[file_runner.service.Server] [thread-6] [2021-08-03 10:48:36.497]  指定的路径不存在：
d:\aaaaa.txt
   在 file_runner.service.DirProtocolHandler.handle(BaseReq generalReq)
   在 file_runner.service.Server.handleRequest(HttpListenerContext ctx)
[file_runner.service.Server] [thread-7] [2021-08-03 10:49:24.376]  请求处理线程 7
[file_runner.service.Server] [thread-10] [2021-08-03 10:49:27.896]  请求处理线程 10
[file_runner.service.Server] [thread-10] [2021-08-03 10:49:27.897]  指定的路径不存在：
d:\aaaaa.txt
   在 file_runner.service.FileProtocolHandler.handle(BaseReq generalReq)
   在 file_runner.service.Server.handleRequest(HttpListenerContext ctx)
[file_runner.service.Server] [thread-7] [2021-08-03 10:49:36.530]  请求处理线程 7
[file_runner.service.Server] [thread-12] [2021-08-03 10:50:37.544]  请求处理线程 12
[file_runner.service.Server] [thread-14] [2021-08-03 10:50:55.000]  请求处理线程 14
[file_runner.service.Server] [thread-14] [2021-08-03 10:50:55.000]  指定的路径不存在：
d:\aaaaa.txt
   在 file_runner.service.DirProtocolHandler.handle(BaseReq generalReq)
   在 file_runner.service.Server.handleRequest(HttpListenerContext ctx)
[file_runner.service.Server] [thread-4] [2021-08-03 11:21:59.348]  请求处理线程 4
[file_runner.service.Server] [thread-5] [2021-08-03 11:22:09.310]  请求处理线程 5
[file_runner.service.Server] [thread-4] [2021-08-03 11:22:14.670]  请求处理线程 4
[file_runner.service.Server] [thread-4] [2021-08-03 11:33:44.835]  请求处理线程 4
[file_runner.service.Server] [thread-5] [2021-08-03 11:33:45.034]  请求处理线程 5
[file_runner.service.Server] [thread-4] [2021-08-03 11:33:45.134]  请求处理线程 4
[file_runner.service.Server] [thread-6] [2021-08-03 11:33:45.733]  请求处理线程 6
[file_runner.service.Server] [thread-7] [2021-08-03 11:33:45.837]  请求处理线程 7
[file_runner.service.Server] [thread-6] [2021-08-03 11:33:45.951]  请求处理线程 6
[file_runner.service.Server] [thread-5] [2021-08-03 11:33:46.004]  请求处理线程 5
