[file_runner.service.Server] [thread-10] [2021-08-17 04:17:29.873]  收到请求：{"reqId":1,"action":"file","data":"{\"url\":\"file:///D:/ws/web/gmap-ui/gmaps/223.textbundle/assets/mmm.png\"}"}
[file_runner.service.Server] [thread-10] [2021-08-17 04:17:30.055]  System.Exception: 指定的路径不存在：
D:\ws\web\gmap-ui\gmaps\223.textbundle\assets\mmm.png
   在 file_runner.service.FileProtocolHandler.handle(BaseReq generalReq)
   在 file_runner.service.Server.<>c__DisplayClass13_0.<handleRequest>b__0()
[file_runner.service.Server] [thread-10] [2021-08-17 04:17:30.055]  返回结果：{ reqId=1, succ=False, msg=指定的路径不存在：
D:\ws\web\gmap-ui\gmaps\223.textbundle\assets\mmm.png, data= }
[file_runner.service.Server] [thread-10] [2021-08-17 04:17:39.212]  收到请求：{"reqId":2,"action":"file","data":"{\"url\":\"file:///D:/ws/web/gmap-ui/gmaps/223.textbundle/assets/2.txt\"}"}
[file_runner.service.Server] [thread-10] [2021-08-17 04:17:39.213]  System.Exception: 指定的路径不存在：
D:\ws\web\gmap-ui\gmaps\223.textbundle\assets\2.txt
   在 file_runner.service.FileProtocolHandler.handle(BaseReq generalReq)
   在 file_runner.service.Server.<>c__DisplayClass13_0.<handleRequest>b__0()
[file_runner.service.Server] [thread-10] [2021-08-17 04:17:39.213]  返回结果：{ reqId=2, succ=False, msg=指定的路径不存在：
D:\ws\web\gmap-ui\gmaps\223.textbundle\assets\2.txt, data= }
[file_runner.service.Server] [thread-12] [2021-08-17 04:17:46.916]  收到请求：{"reqId":3,"action":"file","data":"{\"url\":\"file:///D:/ws/web/gmap-ui/gmaps/223.textbundle/assets/2.txt\"}"}
[file_runner.service.Server] [thread-12] [2021-08-17 04:17:46.917]  System.Exception: 指定的路径不存在：
D:\ws\web\gmap-ui\gmaps\223.textbundle\assets\2.txt
   在 file_runner.service.FileProtocolHandler.handle(BaseReq generalReq)
   在 file_runner.service.Server.<>c__DisplayClass13_0.<handleRequest>b__0()
[file_runner.service.Server] [thread-12] [2021-08-17 04:17:46.917]  返回结果：{ reqId=3, succ=False, msg=指定的路径不存在：
D:\ws\web\gmap-ui\gmaps\223.textbundle\assets\2.txt, data= }
[file_runner.service.Server] [thread-13] [2021-08-17 04:18:32.621]  收到请求：{"reqId":4,"action":"file","data":"{\"url\":\"file:///D:/ws/web/gmap-ui/gmaps/qq.textbundle/assets/ha图ha.png\"}"}
[file_runner.service.Server] [thread-13] [2021-08-17 04:18:33.237]  返回结果：{ reqId=4, succ=True, msg=, data= }
[file_runner.service.Server] [thread-13] [2021-08-17 04:18:39.805]  收到请求：{"reqId":5,"action":"file","data":"{\"url\":\"file:///D:/ws/web/gmap-ui/gmaps/qq.textbundle/assets/新建Text.txt\"}"}
[file_runner.service.Server] [thread-13] [2021-08-17 04:18:40.124]  返回结果：{ reqId=5, succ=True, msg=, data= }
