[file_runner.service.Server] [thread-11] [2021-08-16 02:44:18.013]  收到请求：{"reqId":1,"action":"file","data":"{\"url\":\"file:///D:/ws/web/gmap-ui/gmaps\"}"}
[file_runner.service.Server] [thread-11] [2021-08-16 02:44:18.248]  返回结果：{ reqId=1, succ=True, msg=, data= }
[file_runner.service.Server] [thread-6] [2021-08-16 03:39:41.098]  收到请求：{"reqId":1,"action":"file","data":"{\"url\":\"file:///D:/ws/web/gmap-ui/gmaps/qq.textbundle/assets/2.txt\"}"}
[file_runner.service.Server] [thread-6] [2021-08-16 03:39:41.855]  返回结果：{ reqId=1, succ=True, msg=, data= }
[file_runner.service.Server] [thread-10] [2021-08-16 03:40:40.609]  收到请求：{"reqId":2,"action":"file","data":"{\"url\":\"file:///D:/ws/web/gmap-ui/gmaps/qq.textbundle/assets/%E6%96%87%E4%BB%B6.txt\"}"}
[file_runner.service.Server] [thread-10] [2021-08-16 03:40:40.637]  System.Exception: 指定的路径不存在：
D:\ws\web\gmap-ui\gmaps\qq.textbundle\assets\%E6%96%87%E4%BB%B6.txt
   在 file_runner.service.FileProtocolHandler.handle(BaseReq generalReq)
   在 file_runner.service.Server.<>c__DisplayClass13_0.<handleRequest>b__0()
[file_runner.service.Server] [thread-10] [2021-08-16 03:40:40.638]  返回结果：{ reqId=2, succ=False, msg=指定的路径不存在：
D:\ws\web\gmap-ui\gmaps\qq.textbundle\assets\%E6%96%87%E4%BB%B6.txt, data= }
[file_runner.service.Server] [thread-9] [2021-08-16 03:43:13.247]  收到请求：{"reqId":1,"action":"file","data":"{\"url\":\"file:///D:/ws/web/gmap-ui/gmaps/qq.textbundle/assets/%E6%96%87%E4%BB%B6.txt\"}"}
[file_runner.service.Server] [thread-9] [2021-08-16 03:43:13.335]  System.Exception: 指定的路径不存在：
D:\ws\web\gmap-ui\gmaps\qq.textbundle\assets\%E6%96%87%E4%BB%B6.txt
   在 file_runner.service.FileProtocolHandler.handle(BaseReq generalReq)
   在 file_runner.service.Server.<>c__DisplayClass13_0.<handleRequest>b__0()
[file_runner.service.Server] [thread-9] [2021-08-16 03:43:13.336]  返回结果：{ reqId=1, succ=False, msg=指定的路径不存在：
D:\ws\web\gmap-ui\gmaps\qq.textbundle\assets\%E6%96%87%E4%BB%B6.txt, data= }
[file_runner.service.Server] [thread-21] [2021-08-16 03:48:37.681]  收到请求：{"reqId":1,"action":"file","data":"{\"url\":\"file:///D:/ws/web/gmap-ui/gmaps/qq.textbundle/assets/文件.txt\"}"}
[file_runner.service.Server] [thread-21] [2021-08-16 03:48:38.275]  返回结果：{ reqId=1, succ=True, msg=, data= }
[file_runner.service.Server] [thread-31] [2021-08-16 03:51:42.702]  收到请求：{"reqId":2,"action":"file","data":"{\"url\":\"file:///D:/ws/web/gmap-ui/gmaps/qq.textbundle/assets/文件.txt\"}"}
[file_runner.service.Server] [thread-31] [2021-08-16 03:51:43.063]  返回结果：{ reqId=2, succ=True, msg=, data= }
[file_runner.service.Server] [thread-37] [2021-08-16 03:53:58.015]  收到请求：{"reqId":3,"action":"file","data":"{\"url\":\"file:///D:/ws/web/gmap-ui/gmaps/qq.textbundle/assets/新建TextDocument.txt\"}"}
[file_runner.service.Server] [thread-37] [2021-08-16 03:53:58.745]  返回结果：{ reqId=3, succ=True, msg=, data= }
[file_runner.service.Server] [thread-37] [2021-08-16 03:54:08.305]  收到请求：{"reqId":4,"action":"file","data":"{\"url\":\"file:///D:/ws/web/gmap-ui/gmaps/qq.textbundle/assets/新建TextDocument.txt\"}"}
[file_runner.service.Server] [thread-37] [2021-08-16 03:54:08.371]  System.Exception: 指定的路径不存在：
D:\ws\web\gmap-ui\gmaps\qq.textbundle\assets\新建TextDocument.txt
   在 file_runner.service.FileProtocolHandler.handle(BaseReq generalReq)
   在 file_runner.service.Server.<>c__DisplayClass13_0.<handleRequest>b__0()
[file_runner.service.Server] [thread-37] [2021-08-16 03:54:08.372]  返回结果：{ reqId=4, succ=False, msg=指定的路径不存在：
D:\ws\web\gmap-ui\gmaps\qq.textbundle\assets\新建TextDocument.txt, data= }
[file_runner.service.Server] [thread-37] [2021-08-16 03:54:16.702]  收到请求：{"reqId":5,"action":"file","data":"{\"url\":\"file:///D:/ws/web/gmap-ui/gmaps/qq.textbundle/assets/新建TextDocument.txt\"}"}
[file_runner.service.Server] [thread-37] [2021-08-16 03:54:16.702]  System.Exception: 指定的路径不存在：
D:\ws\web\gmap-ui\gmaps\qq.textbundle\assets\新建TextDocument.txt
   在 file_runner.service.FileProtocolHandler.handle(BaseReq generalReq)
   在 file_runner.service.Server.<>c__DisplayClass13_0.<handleRequest>b__0()
[file_runner.service.Server] [thread-37] [2021-08-16 03:54:16.702]  返回结果：{ reqId=5, succ=False, msg=指定的路径不存在：
D:\ws\web\gmap-ui\gmaps\qq.textbundle\assets\新建TextDocument.txt, data= }
[file_runner.service.Server] [thread-38] [2021-08-16 03:55:06.307]  收到请求：{"reqId":6,"action":"file","data":"{\"url\":\"file:///D:/ws/web/gmap-ui/gmaps/qq.textbundle/assets/新建TextDocument.txt\"}"}
[file_runner.service.Server] [thread-38] [2021-08-16 03:55:07.052]  返回结果：{ reqId=6, succ=True, msg=, data= }
[file_runner.service.Server] [thread-50] [2021-08-16 03:57:35.894]  收到请求：{"reqId":7,"action":"file","data":"{\"url\":\"file:///D:/ws/web/gmap-ui/gmaps/qq.textbundle/assets/新建TextDocument.txt\"}"}
[file_runner.service.Server] [thread-50] [2021-08-16 03:57:36.288]  返回结果：{ reqId=7, succ=True, msg=, data= }
[file_runner.service.Server] [thread-9] [2021-08-16 04:04:34.079]  收到请求：{"reqId":1,"action":"file","data":"{\"url\":\"file:///D:/ws/web/gmap-ui/gmaps/qq.textbundle/assets/新建TextDocument.txt\"}"}
[file_runner.service.Server] [thread-9] [2021-08-16 04:04:34.682]  返回结果：{ reqId=1, succ=True, msg=, data= }
[file_runner.service.Server] [thread-15] [2021-08-16 04:43:57.887]  收到请求：{"reqId":1,"action":"file","data":"{\"url\":\"file:///D:/ws/web/gmap-ui/gmaps/qq.textbundle/assets/haha.png\"}"}
[file_runner.service.Server] [thread-15] [2021-08-16 04:43:58.560]  返回结果：{ reqId=1, succ=True, msg=, data= }
[file_runner.service.Server] [thread-21] [2021-08-16 04:45:24.852]  收到请求：{"reqId":2,"action":"file","data":"{\"url\":\"file:///D:/ws/web/gmap-ui/gmaps/qq.textbundle/assets/ha图ha.png\"}"}
[file_runner.service.Server] [thread-21] [2021-08-16 04:45:25.079]  返回结果：{ reqId=2, succ=True, msg=, data= }
[file_runner.service.Server] [thread-30] [2021-08-16 04:48:30.267]  收到请求：{"reqId":3,"action":"file","data":"{\"url\":\"file:///D:/ws/web/gmap-ui/gmaps/qq.textbundle/assets/ha图ha.png\"}"}
[file_runner.service.Server] [thread-30] [2021-08-16 04:48:30.478]  返回结果：{ reqId=3, succ=True, msg=, data= }
[file_runner.service.Server] [thread-6] [2021-08-16 05:09:42.643]  收到请求：{"reqId":1,"action":"file","data":"{\"url\":\"file:///D:/ws/web/gmap-ui/gmaps/qq.textbundle/assets/新建Text.txt\"}"}
[file_runner.service.Server] [thread-6] [2021-08-16 05:09:43.145]  返回结果：{ reqId=1, succ=True, msg=, data= }
[file_runner.service.Server] [thread-9] [2021-08-16 05:10:54.540]  收到请求：{"reqId":2,"action":"file","data":"{\"url\":\"file:///D:/ws/web/gmap-ui/gmaps\"}"}
[file_runner.service.Server] [thread-9] [2021-08-16 05:10:54.628]  返回结果：{ reqId=2, succ=True, msg=, data= }
[file_runner.service.Server] [thread-9] [2021-08-16 05:11:02.298]  收到请求：{"reqId":3,"action":"file","data":"{\"url\":\"file:///D:/ws/web/gmap-ui/gmaps\"}"}
[file_runner.service.Server] [thread-9] [2021-08-16 05:11:02.335]  返回结果：{ reqId=3, succ=True, msg=, data= }
[file_runner.service.Server] [thread-9] [2021-08-16 05:35:51.018]  收到请求：{"reqId":1,"action":"file","data":"{\"url\":\"file:///D:/ws/web/gmap-ui/gmaps/qq.textbundle/assets/ha图ha.png\"}"}
[file_runner.service.Server] [thread-9] [2021-08-16 05:35:51.483]  返回结果：{ reqId=1, succ=True, msg=, data= }
[file_runner.service.Server] [thread-9] [2021-08-16 05:35:55.744]  收到请求：{"reqId":2,"action":"file","data":"{\"url\":\"file:///D:/ws/web/gmap-ui/gmaps/qq.textbundle/assets/新建Text.txt\"}"}
[file_runner.service.Server] [thread-9] [2021-08-16 05:35:56.128]  返回结果：{ reqId=2, succ=True, msg=, data= }
[file_runner.service.Server] [thread-6] [2021-08-16 08:42:57.041]  收到请求：{"reqId":1,"action":"file","data":"{\"url\":\"file:///D:\\\\ws\\\\web\\\\gmap-ui\\\\gmaps\\\\qq.textbundle\"}"}
[file_runner.service.Server] [thread-6] [2021-08-16 08:42:57.433]  返回结果：{ reqId=1, succ=True, msg=, data= }
[file_runner.service.Server] [thread-10] [2021-08-16 08:43:14.375]  收到请求：{"reqId":2,"action":"file","data":"{\"url\":\"file:///D:\\\\ws\\\\web\\\\gmap-ui\\\\gmaps\\\\jvm\\\\test\\\\aa.textbundle\"}"}
[file_runner.service.Server] [thread-10] [2021-08-16 08:43:14.415]  返回结果：{ reqId=2, succ=True, msg=, data= }
[file_runner.service.Server] [thread-6] [2021-08-16 08:43:29.807]  收到请求：{"reqId":3,"action":"file","data":"{\"url\":\"file:///D:\\\\ws\\\\web\\\\gmap-ui\\\\gmaps\\\\qq.textbundle\"}"}
[file_runner.service.Server] [thread-6] [2021-08-16 08:43:29.845]  返回结果：{ reqId=3, succ=True, msg=, data= }
[file_runner.service.Server] [thread-10] [2021-08-16 08:43:35.311]  收到请求：{"reqId":4,"action":"file","data":"{\"url\":\"file:///D:\\\\ws\\\\web\\\\gmap-ui\\\\gmaps\\\\jvm\\\\test\\\\aa.textbundle\"}"}
[file_runner.service.Server] [thread-10] [2021-08-16 08:43:35.333]  返回结果：{ reqId=4, succ=True, msg=, data= }
[file_runner.service.Server] [thread-6] [2021-08-16 08:43:45.982]  收到请求：{"reqId":5,"action":"file","data":"{\"url\":\"file:///D:/ws/web/gmap-ui/gmaps\"}"}
[file_runner.service.Server] [thread-6] [2021-08-16 08:43:46.018]  返回结果：{ reqId=5, succ=True, msg=, data= }
[file_runner.service.Server] [thread-9] [2021-08-16 09:02:23.802]  收到请求：{"reqId":1,"action":"file","data":"{\"url\":\"file:///D:/ws/web/gmap-ui/gmaps/qq.textbundle/assets/ha图ha.png\"}"}
[file_runner.service.Server] [thread-9] [2021-08-16 09:02:24.496]  返回结果：{ reqId=1, succ=True, msg=, data= }
[file_runner.service.Server] [thread-6] [2021-08-16 09:02:44.741]  收到请求：{"reqId":2,"action":"file","data":"{\"url\":\"file:///D:/ws/web/gmap-ui/gmaps/qq.textbundle/assets/ha图ha.png\"}"}
[file_runner.service.Server] [thread-6] [2021-08-16 09:02:44.976]  返回结果：{ reqId=2, succ=True, msg=, data= }
[file_runner.service.Server] [thread-9] [2021-08-16 09:09:37.752]  收到请求：{"reqId":1,"action":"file","data":"{\"url\":\"file:///D:/ws/web/gmap-ui/gmaps/qq.textbundle/assets/ha图ha.png\"}"}
[file_runner.service.Server] [thread-9] [2021-08-16 09:09:38.187]  返回结果：{ reqId=1, succ=True, msg=, data= }
[file_runner.service.Server] [thread-9] [2021-08-16 09:09:42.862]  收到请求：{"reqId":2,"action":"file","data":"{\"url\":\"file:///D:/ws/web/gmap-ui/gmaps/qq.textbundle/assets/新建Text.txt\"}"}
[file_runner.service.Server] [thread-9] [2021-08-16 09:09:43.164]  返回结果：{ reqId=2, succ=True, msg=, data= }
[file_runner.service.Server] [thread-10] [2021-08-16 09:10:16.480]  收到请求：{"reqId":3,"action":"file","data":"{\"url\":\"file:///D:/ws/web/gmap-ui/gmaps\"}"}
[file_runner.service.Server] [thread-10] [2021-08-16 09:10:16.548]  返回结果：{ reqId=3, succ=True, msg=, data= }
[file_runner.service.Server] [thread-13] [2021-08-16 09:10:29.342]  收到请求：{"reqId":4,"action":"file","data":"{\"url\":\"file:///D:\\\\ws\\\\web\\\\gmap-ui\\\\gmaps\\\\qq.textbundle\"}"}
[file_runner.service.Server] [thread-13] [2021-08-16 09:10:29.361]  返回结果：{ reqId=4, succ=True, msg=, data= }
