[2021-11-12 22:38:06.429] app started, pid is: 15072
[2021-11-12 22:38:07.469] listener started, pid is 26584, url is ws://localhost:56790/
[2021-11-12 22:38:07.515] 后台websocket服务已连接：ws://localhost:56790/
[2021-11-12 22:38:12.518] 发送心跳
[2021-11-12 22:38:12.522] 收到心跳
[2021-11-12 22:38:42.520] 发送心跳
[2021-11-12 22:38:42.521] 收到心跳
[2021-11-12 22:39:12.525] 发送心跳
[2021-11-12 22:39:12.526] 收到心跳
[2021-11-12 22:39:42.534] 发送心跳
[2021-11-12 22:39:42.534] 收到心跳
[2021-11-12 22:39:42.534] 收到心跳
[2021-11-12 22:40:12.537] 发送心跳
[2021-11-12 22:40:12.538] 收到心跳
[2021-11-12 22:40:12.538] 收到心跳
[2021-11-12 22:40:42.553] 发送心跳
[2021-11-12 22:40:42.554] 收到心跳
[2021-11-12 22:40:42.554] 收到心跳
[2021-11-12 22:58:16.114] app started, pid is: 19512
[2021-11-12 22:58:16.845] listener started, pid is 18680, url is ws://localhost:56790/
[2021-11-12 22:58:16.884] 后台websocket服务已连接：ws://localhost:56790/
[2021-11-12 22:58:21.886] 发送心跳
[2021-11-12 22:58:21.890] 收到心跳
[2021-11-12 22:58:51.899] 发送心跳
[2021-11-12 22:58:51.899] 收到心跳
[2021-11-12 22:58:51.899] 收到心跳
[2021-11-12 22:59:21.911] 发送心跳
[2021-11-12 22:59:21.912] 收到心跳
[2021-11-12 22:59:21.912] 收到心跳
[2021-11-12 22:59:51.921] 发送心跳
[2021-11-12 22:59:51.922] 收到心跳
[2021-11-12 22:59:51.922] 收到心跳
[2021-11-12 23:00:21.933] 发送心跳
[2021-11-12 23:00:21.934] 收到心跳
[2021-11-12 23:00:21.934] 收到心跳
[2021-11-12 23:00:51.938] 发送心跳
[2021-11-12 23:00:51.939] 收到心跳
[2021-11-12 23:00:51.939] 收到心跳
[2021-11-12 23:01:21.941] 发送心跳
[2021-11-12 23:01:21.942] 收到心跳
[2021-11-12 23:01:21.942] 收到心跳
[2021-11-12 23:01:51.957] 发送心跳
[2021-11-12 23:01:51.957] 收到心跳
[2021-11-12 23:01:51.958] 收到心跳
[2021-11-12 23:04:24.581] app started, pid is: 23604
[2021-11-12 23:04:25.289] listener started, pid is 22840, url is ws://localhost:56789/
[2021-11-12 23:04:25.329] 后台websocket服务已连接：ws://localhost:56789/
[2021-11-12 23:04:30.332] 发送心跳
[2021-11-12 23:04:30.336] 收到心跳
[2021-11-12 23:05:00.346] 发送心跳
[2021-11-12 23:05:00.347] 收到心跳
[2021-11-12 23:05:00.347] 收到心跳
[2021-11-12 23:05:30.356] 发送心跳
[2021-11-12 23:05:30.356] 收到心跳
[2021-11-12 23:05:30.357] 收到心跳
[2021-11-12 23:06:00.367] 发送心跳
[2021-11-12 23:06:00.367] 收到心跳
[2021-11-12 23:06:00.367] 收到心跳
[2021-11-12 23:06:30.373] 发送心跳
[2021-11-12 23:06:30.387] 收到心跳
[2021-11-12 23:06:30.388] 收到心跳
[2021-11-12 23:07:00.377] 发送心跳
[2021-11-12 23:07:00.382] 收到心跳
[2021-11-12 23:07:30.383] 发送心跳
[2021-11-12 23:07:30.384] 收到心跳
[2021-11-12 23:08:00.395] 发送心跳
[2021-11-12 23:08:00.395] 收到心跳
[2021-11-12 23:08:00.395] 收到心跳
[2021-11-12 23:08:30.401] 发送心跳
[2021-11-12 23:08:30.401] 收到心跳
[2021-11-12 23:08:30.401] 收到心跳
[2021-11-12 23:09:00.410] 发送心跳
[2021-11-12 23:09:00.410] 收到心跳
[2021-11-12 23:09:00.411] 收到心跳
[2021-11-12 23:09:30.413] 发送心跳
[2021-11-12 23:09:30.414] 收到心跳
[2021-11-12 23:09:30.414] 收到心跳
[2021-11-12 23:10:00.428] 发送心跳
[2021-11-12 23:10:00.428] 收到心跳
[2021-11-12 23:10:00.428] 收到心跳
[2021-11-12 23:10:30.438] 发送心跳
[2021-11-12 23:10:30.438] 收到心跳
[2021-11-12 23:10:30.438] 收到心跳
