[2022-04-16 15:25:37.423] app started, pid is: 15660
[2022-04-16 15:25:38.275] listener started, pid is 13176, url is ws://localhost:56790/
[2022-04-16 15:25:38.315] 后台websocket服务已连接：ws://localhost:56790/
[2022-04-16 15:25:43.316] 发送心跳
[2022-04-16 15:25:43.319] 收到心跳
[2022-04-16 15:26:13.322] 发送心跳
[2022-04-16 15:26:13.323] 收到心跳
[2022-04-16 15:26:13.323] 收到心跳
[2022-04-16 15:26:43.336] 发送心跳
[2022-04-16 15:26:43.336] 收到心跳
[2022-04-16 15:26:43.337] 收到心跳
[2022-04-16 15:27:13.348] 发送心跳
[2022-04-16 15:27:13.349] 收到心跳
[2022-04-16 15:27:13.349] 收到心跳
[2022-04-16 15:27:43.356] 发送心跳
[2022-04-16 15:27:43.356] 收到心跳
[2022-04-16 15:27:43.357] 收到心跳
[2022-04-16 15:28:13.363] 发送心跳
[2022-04-16 15:28:13.364] 收到心跳
[2022-04-16 15:28:13.364] 收到心跳
[2022-04-16 15:28:43.379] 发送心跳
[2022-04-16 15:28:43.381] 收到心跳
[2022-04-16 15:28:43.381] 收到心跳
[2022-04-16 15:29:13.383] 发送心跳
[2022-04-16 15:29:13.384] 收到心跳
[2022-04-16 15:29:13.384] 收到心跳
[2022-04-16 15:29:43.387] 发送心跳
[2022-04-16 15:29:43.388] 收到心跳
[2022-04-16 15:29:43.388] 收到心跳
[2022-04-16 15:30:13.397] 发送心跳
[2022-04-16 15:30:13.398] 收到心跳
[2022-04-16 15:30:13.398] 收到心跳
[2022-04-16 15:30:43.409] 发送心跳
[2022-04-16 15:30:43.410] 收到心跳
[2022-04-16 15:30:43.411] 收到心跳
[2022-04-16 15:31:13.410] 发送心跳
[2022-04-16 15:31:13.411] 收到心跳
[2022-04-16 15:31:13.411] 收到心跳
[2022-04-16 15:31:43.418] 发送心跳
[2022-04-16 15:31:43.419] 收到心跳
[2022-04-16 15:31:43.419] 收到心跳
[2022-04-16 15:32:13.423] 发送心跳
[2022-04-16 15:32:13.424] 收到心跳
[2022-04-16 15:32:13.424] 收到心跳
[2022-04-16 15:32:43.435] 发送心跳
[2022-04-16 15:32:43.436] 收到心跳
[2022-04-16 15:32:43.436] 收到心跳
[2022-04-16 15:33:13.438] 发送心跳
[2022-04-16 15:33:13.439] 收到心跳
[2022-04-16 15:33:13.439] 收到心跳
[2022-04-16 15:33:43.448] 发送心跳
[2022-04-16 15:33:43.449] 收到心跳
[2022-04-16 15:33:43.449] 收到心跳
[2022-04-16 15:34:13.455] 发送心跳
[2022-04-16 15:34:13.455] 收到心跳
[2022-04-16 15:34:13.455] 收到心跳
[2022-04-16 15:34:43.468] 发送心跳
[2022-04-16 15:34:43.468] 收到心跳
[2022-04-16 15:34:43.468] 收到心跳
[2022-04-16 15:35:13.482] 发送心跳
[2022-04-16 15:35:13.482] 收到心跳
[2022-04-16 15:35:13.482] 收到心跳
[2022-04-16 15:35:43.492] 发送心跳
[2022-04-16 15:35:43.493] 收到心跳
[2022-04-16 15:35:43.493] 收到心跳
[2022-04-16 15:36:13.501] 发送心跳
[2022-04-16 15:36:13.501] 收到心跳
[2022-04-16 15:36:13.501] 收到心跳
[2022-04-16 15:36:43.515] 发送心跳
[2022-04-16 15:36:43.516] 收到心跳
[2022-04-16 15:36:43.516] 收到心跳
[2022-04-16 15:37:13.519] 发送心跳
[2022-04-16 15:37:13.520] 收到心跳
[2022-04-16 15:37:13.520] 收到心跳
[2022-04-16 15:37:43.532] 发送心跳
[2022-04-16 15:37:43.533] 收到心跳
[2022-04-16 15:37:43.533] 收到心跳
[2022-04-16 15:38:13.543] 发送心跳
[2022-04-16 15:38:13.544] 收到心跳
[2022-04-16 15:38:13.545] 收到心跳
[2022-04-16 15:38:43.551] 发送心跳
[2022-04-16 15:38:43.552] 收到心跳
[2022-04-16 15:38:43.552] 收到心跳
[2022-04-16 15:39:13.571] 发送心跳
[2022-04-16 15:39:13.571] 收到心跳
[2022-04-16 15:39:13.572] 收到心跳
[2022-04-16 15:39:43.586] 发送心跳
[2022-04-16 15:39:43.587] 收到心跳
[2022-04-16 15:39:43.587] 收到心跳
[2022-04-16 15:40:13.596] 发送心跳
[2022-04-16 15:40:13.597] 收到心跳
[2022-04-16 15:40:13.597] 收到心跳
[2022-04-16 15:40:43.602] 发送心跳
[2022-04-16 15:40:43.603] 收到心跳
[2022-04-16 15:40:43.603] 收到心跳
[2022-04-16 15:41:13.611] 发送心跳
[2022-04-16 15:41:13.612] 收到心跳
[2022-04-16 15:41:13.612] 收到心跳
[2022-04-16 15:41:43.615] 发送心跳
[2022-04-16 15:41:43.616] 收到心跳
[2022-04-16 15:41:43.616] 收到心跳
[2022-04-16 15:42:13.615] 发送心跳
[2022-04-16 15:42:13.616] 收到心跳
[2022-04-16 15:42:43.626] 发送心跳
[2022-04-16 15:42:43.627] 收到心跳
[2022-04-16 15:42:43.627] 收到心跳
[2022-04-16 15:43:13.632] 发送心跳
[2022-04-16 15:43:13.632] 收到心跳
[2022-04-16 15:43:13.632] 收到心跳
[2022-04-16 15:43:43.640] 发送心跳
[2022-04-16 15:43:43.640] 收到心跳
[2022-04-16 15:43:43.641] 收到心跳
[2022-04-16 15:44:13.641] 发送心跳
[2022-04-16 15:44:13.641] 收到心跳
[2022-04-16 15:44:13.642] 收到心跳
[2022-04-16 15:44:43.649] 发送心跳
[2022-04-16 15:44:43.650] 收到心跳
[2022-04-16 15:44:43.650] 收到心跳
[2022-04-16 15:45:13.653] 发送心跳
[2022-04-16 15:45:13.653] 收到心跳
[2022-04-16 15:45:13.654] 收到心跳
[2022-04-16 15:45:43.663] 发送心跳
[2022-04-16 15:45:43.663] 收到心跳
[2022-04-16 15:45:43.663] 收到心跳
[2022-04-16 15:46:13.663] 发送心跳
[2022-04-16 15:46:13.663] 收到心跳
[2022-04-16 15:46:13.664] 收到心跳
[2022-04-16 15:46:43.671] 发送心跳
[2022-04-16 15:46:43.671] 收到心跳
[2022-04-16 15:46:43.672] 收到心跳
[2022-04-16 15:47:13.674] 发送心跳
[2022-04-16 15:47:13.674] 收到心跳
[2022-04-16 15:47:13.675] 收到心跳
[2022-04-16 15:47:43.680] 发送心跳
[2022-04-16 15:47:43.681] 收到心跳
[2022-04-16 15:47:43.681] 收到心跳
[2022-04-16 15:48:13.688] 发送心跳
[2022-04-16 15:48:13.689] 收到心跳
[2022-04-16 15:48:13.689] 收到心跳
[2022-04-16 15:48:43.702] 发送心跳
[2022-04-16 15:48:43.703] 收到心跳
[2022-04-16 15:48:43.703] 收到心跳
[2022-04-16 15:49:13.717] 发送心跳
[2022-04-16 15:49:13.718] 收到心跳
[2022-04-16 15:49:13.718] 收到心跳
[2022-04-16 15:49:43.732] 发送心跳
[2022-04-16 15:49:43.732] 收到心跳
[2022-04-16 15:49:43.732] 收到心跳
[2022-04-16 15:50:13.739] 发送心跳
[2022-04-16 15:50:13.740] 收到心跳
[2022-04-16 15:50:13.740] 收到心跳
[2022-04-16 15:50:43.745] 发送心跳
[2022-04-16 15:50:43.746] 收到心跳
[2022-04-16 15:50:43.746] 收到心跳
[2022-04-16 15:51:13.749] 收到心跳
[2022-04-16 15:51:13.748] 发送心跳
[2022-04-16 15:51:13.749] 收到心跳
[2022-04-16 15:51:43.748] 发送心跳
[2022-04-16 15:51:43.748] 收到心跳
[2022-04-16 15:52:13.764] 发送心跳
[2022-04-16 15:52:13.765] 收到心跳
[2022-04-16 15:52:13.765] 收到心跳
[2022-04-16 15:52:43.780] 发送心跳
[2022-04-16 15:52:43.781] 收到心跳
[2022-04-16 15:52:43.781] 收到心跳
[2022-04-16 15:53:13.790] 发送心跳
[2022-04-16 15:53:13.792] 收到心跳
[2022-04-16 15:53:13.792] 收到心跳
[2022-04-16 15:53:43.800] 发送心跳
[2022-04-16 15:53:43.801] 收到心跳
[2022-04-16 15:53:43.801] 收到心跳
[2022-04-16 15:54:13.808] 发送心跳
[2022-04-16 15:54:13.809] 收到心跳
[2022-04-16 15:54:13.809] 收到心跳
[2022-04-16 15:54:43.819] 发送心跳
[2022-04-16 15:54:43.820] 收到心跳
[2022-04-16 15:54:43.820] 收到心跳
[2022-04-16 15:55:13.826] 发送心跳
[2022-04-16 15:55:13.827] 收到心跳
[2022-04-16 15:55:13.827] 收到心跳
[2022-04-16 15:55:43.840] 发送心跳
[2022-04-16 15:55:43.841] 收到心跳
[2022-04-16 15:55:43.841] 收到心跳
[2022-04-16 15:56:13.845] 发送心跳
[2022-04-16 15:56:13.845] 收到心跳
[2022-04-16 15:56:13.845] 收到心跳
[2022-04-16 15:56:43.857] 发送心跳
[2022-04-16 15:56:43.858] 收到心跳
[2022-04-16 15:56:43.858] 收到心跳
[2022-04-16 15:57:13.859] 发送心跳
[2022-04-16 15:57:13.859] 收到心跳
[2022-04-16 15:57:13.860] 收到心跳
[2022-04-16 15:57:43.870] 发送心跳
[2022-04-16 15:57:43.871] 收到心跳
[2022-04-16 15:57:43.871] 收到心跳
[2022-04-16 15:58:13.878] 发送心跳
[2022-04-16 15:58:13.879] 收到心跳
[2022-04-16 15:58:13.879] 收到心跳
[2022-04-16 15:58:43.884] 发送心跳
[2022-04-16 15:58:43.884] 收到心跳
[2022-04-16 15:58:43.885] 收到心跳
[2022-04-16 15:59:13.886] 发送心跳
[2022-04-16 15:59:13.886] 收到心跳
[2022-04-16 15:59:13.887] 收到心跳
[2022-04-16 15:59:43.897] 发送心跳
[2022-04-16 15:59:43.897] 收到心跳
[2022-04-16 15:59:43.897] 收到心跳
[2022-04-16 16:00:13.903] 发送心跳
[2022-04-16 16:00:13.904] 收到心跳
[2022-04-16 16:00:13.904] 收到心跳
[2022-04-16 16:00:43.912] 发送心跳
[2022-04-16 16:00:43.913] 收到心跳
[2022-04-16 16:00:43.913] 收到心跳
[2022-04-16 16:01:13.939] 发送心跳
[2022-04-16 16:01:13.940] 收到心跳
[2022-04-16 16:01:13.940] 收到心跳
[2022-04-16 16:01:43.951] 发送心跳
[2022-04-16 16:01:43.952] 收到心跳
[2022-04-16 16:01:43.952] 收到心跳
[2022-04-16 16:02:13.963] 发送心跳
[2022-04-16 16:02:13.964] 收到心跳
[2022-04-16 16:02:13.964] 收到心跳
[2022-04-16 16:02:43.975] 发送心跳
[2022-04-16 16:02:43.976] 收到心跳
[2022-04-16 16:02:43.976] 收到心跳
[2022-04-16 16:03:13.988] 发送心跳
[2022-04-16 16:03:13.989] 收到心跳
[2022-04-16 16:03:13.989] 收到心跳
[2022-04-16 16:03:44.001] 发送心跳
[2022-04-16 16:03:44.002] 收到心跳
[2022-04-16 16:03:44.002] 收到心跳
[2022-04-16 16:04:14.007] 发送心跳
[2022-04-16 16:04:14.007] 收到心跳
[2022-04-16 16:04:14.007] 收到心跳
[2022-04-16 16:04:44.021] 发送心跳
[2022-04-16 16:04:44.022] 收到心跳
[2022-04-16 16:04:44.022] 收到心跳
[2022-04-16 16:05:14.034] 发送心跳
[2022-04-16 16:05:14.035] 收到心跳
[2022-04-16 16:05:14.035] 收到心跳
[2022-04-16 16:05:44.043] 发送心跳
[2022-04-16 16:05:44.043] 收到心跳
[2022-04-16 16:05:44.043] 收到心跳
[2022-04-16 16:06:14.053] 发送心跳
[2022-04-16 16:06:14.054] 收到心跳
[2022-04-16 16:06:14.054] 收到心跳
[2022-04-16 16:06:44.061] 发送心跳
[2022-04-16 16:06:44.062] 收到心跳
[2022-04-16 16:06:44.062] 收到心跳
[2022-04-16 16:07:14.070] 发送心跳
[2022-04-16 16:07:14.070] 收到心跳
[2022-04-16 16:07:14.070] 收到心跳
[2022-04-16 16:07:44.082] 发送心跳
[2022-04-16 16:07:44.082] 收到心跳
[2022-04-16 16:07:44.083] 收到心跳
[2022-04-16 16:08:14.086] 发送心跳
[2022-04-16 16:08:14.087] 收到心跳
[2022-04-16 16:08:14.087] 收到心跳
[2022-04-16 16:08:44.098] 收到心跳
[2022-04-16 16:08:44.098] 发送心跳
[2022-04-16 16:08:44.099] 收到心跳
[2022-04-16 16:09:14.108] 发送心跳
[2022-04-16 16:09:14.109] 收到心跳
[2022-04-16 16:09:14.109] 收到心跳
[2022-04-16 16:09:44.121] 发送心跳
[2022-04-16 16:09:44.121] 收到心跳
[2022-04-16 16:09:44.121] 收到心跳
[2022-04-16 16:10:14.135] 发送心跳
[2022-04-16 16:10:14.137] 收到心跳
[2022-04-16 16:10:14.137] 收到心跳
[2022-04-16 16:10:44.137] 发送心跳
[2022-04-16 16:10:44.137] 收到心跳
[2022-04-16 16:11:14.148] 发送心跳
[2022-04-16 16:11:14.148] 收到心跳
[2022-04-16 16:11:14.149] 收到心跳
[2022-04-16 16:11:44.154] 发送心跳
[2022-04-16 16:11:44.155] 收到心跳
[2022-04-16 16:11:44.155] 收到心跳
[2022-04-16 16:12:14.184] 发送心跳
[2022-04-16 16:12:14.184] 收到心跳
[2022-04-16 16:12:14.184] 收到心跳
[2022-04-16 16:12:44.196] 发送心跳
[2022-04-16 16:12:44.197] 收到心跳
[2022-04-16 16:12:44.197] 收到心跳
[2022-04-16 16:13:14.200] 发送心跳
[2022-04-16 16:13:14.201] 收到心跳
[2022-04-16 16:13:14.201] 收到心跳
[2022-04-16 16:13:44.201] 发送心跳
[2022-04-16 16:13:44.202] 收到心跳
[2022-04-16 16:14:14.214] 发送心跳
[2022-04-16 16:14:14.215] 收到心跳
[2022-04-16 16:14:14.215] 收到心跳
[2022-04-16 16:14:44.215] 发送心跳
[2022-04-16 16:14:44.216] 收到心跳
[2022-04-16 16:14:44.216] 收到心跳
[2022-04-16 16:15:14.220] 发送心跳
[2022-04-16 16:15:14.221] 收到心跳
[2022-04-16 16:15:14.221] 收到心跳
[2022-04-16 16:15:44.224] 发送心跳
[2022-04-16 16:15:44.226] 收到心跳
[2022-04-16 16:15:44.226] 收到心跳
[2022-04-16 16:16:14.230] 发送心跳
[2022-04-16 16:16:14.230] 收到心跳
[2022-04-16 16:16:14.230] 收到心跳
[2022-04-16 16:16:44.237] 发送心跳
[2022-04-16 16:16:44.237] 收到心跳
[2022-04-16 16:16:44.237] 收到心跳
[2022-04-16 16:17:14.249] 发送心跳
[2022-04-16 16:17:14.249] 收到心跳
[2022-04-16 16:17:14.249] 收到心跳
[2022-04-16 16:17:44.263] 发送心跳
[2022-04-16 16:17:44.263] 收到心跳
[2022-04-16 16:17:44.263] 收到心跳
[2022-04-16 16:18:14.277] 发送心跳
[2022-04-16 16:18:14.277] 收到心跳
[2022-04-16 16:18:14.277] 收到心跳
[2022-04-16 16:18:44.285] 发送心跳
[2022-04-16 16:18:44.285] 收到心跳
[2022-04-16 16:18:44.285] 收到心跳
[2022-04-16 16:19:14.294] 发送心跳
[2022-04-16 16:19:14.295] 收到心跳
[2022-04-16 16:19:14.295] 收到心跳
[2022-04-16 16:19:44.294] 发送心跳
[2022-04-16 16:19:44.295] 收到心跳
[2022-04-16 16:20:14.308] 发送心跳
[2022-04-16 16:20:14.308] 收到心跳
[2022-04-16 16:20:14.309] 收到心跳
[2022-04-16 16:20:44.318] 发送心跳
[2022-04-16 16:20:44.319] 收到心跳
[2022-04-16 16:20:44.319] 收到心跳
[2022-04-16 16:21:14.329] 发送心跳
[2022-04-16 16:21:14.330] 收到心跳
[2022-04-16 16:21:14.330] 收到心跳
[2022-04-16 16:21:44.341] 发送心跳
[2022-04-16 16:21:44.342] 收到心跳
[2022-04-16 16:21:44.342] 收到心跳
[2022-04-16 16:22:14.345] 发送心跳
[2022-04-16 16:22:14.346] 收到心跳
[2022-04-16 16:22:14.346] 收到心跳
[2022-04-16 16:22:44.346] 发送心跳
[2022-04-16 16:22:44.347] 收到心跳
[2022-04-16 16:23:14.353] 发送心跳
[2022-04-16 16:23:14.353] 收到心跳
[2022-04-16 16:23:44.355] 发送心跳
[2022-04-16 16:23:44.356] 收到心跳
[2022-04-16 16:23:44.356] 收到心跳
[2022-04-16 16:24:14.362] 发送心跳
[2022-04-16 16:24:14.363] 收到心跳
[2022-04-16 16:24:14.363] 收到心跳
[2022-04-16 16:24:44.370] 发送心跳
[2022-04-16 16:24:44.371] 收到心跳
[2022-04-16 16:24:44.371] 收到心跳
[2022-04-16 16:25:14.379] 发送心跳
[2022-04-16 16:25:14.379] 收到心跳
[2022-04-16 16:25:14.379] 收到心跳
[2022-04-16 16:25:44.381] 发送心跳
[2022-04-16 16:25:44.382] 收到心跳
[2022-04-16 16:25:44.382] 收到心跳
[2022-04-16 16:26:14.396] 发送心跳
[2022-04-16 16:26:14.396] 收到心跳
[2022-04-16 16:26:14.397] 收到心跳
[2022-04-16 16:26:44.397] 发送心跳
[2022-04-16 16:26:44.398] 收到心跳
[2022-04-16 16:26:44.398] 收到心跳
[2022-04-16 16:27:14.406] 发送心跳
[2022-04-16 16:27:14.407] 收到心跳
[2022-04-16 16:27:14.407] 收到心跳
[2022-04-16 16:27:44.421] 发送心跳
[2022-04-16 16:27:44.422] 收到心跳
[2022-04-16 16:27:44.422] 收到心跳
[2022-04-16 16:28:14.432] 发送心跳
[2022-04-16 16:28:14.433] 收到心跳
[2022-04-16 16:28:14.433] 收到心跳
[2022-04-16 16:28:44.444] 发送心跳
[2022-04-16 16:28:44.444] 收到心跳
[2022-04-16 16:28:44.445] 收到心跳
[2022-04-16 16:29:14.457] 发送心跳
[2022-04-16 16:29:14.457] 收到心跳
[2022-04-16 16:29:14.457] 收到心跳
[2022-04-16 16:29:44.466] 收到心跳
[2022-04-16 16:29:44.466] 发送心跳
[2022-04-16 16:29:44.466] 收到心跳
[2022-04-16 16:30:14.475] 发送心跳
[2022-04-16 16:30:14.476] 收到心跳
[2022-04-16 16:30:14.476] 收到心跳
[2022-04-16 16:30:44.487] 发送心跳
[2022-04-16 16:30:44.487] 收到心跳
[2022-04-16 16:30:44.488] 收到心跳
[2022-04-16 16:31:14.488] 发送心跳
[2022-04-16 16:31:14.489] 收到心跳
[2022-04-16 16:31:14.489] 收到心跳
[2022-04-16 16:31:44.491] 发送心跳
[2022-04-16 16:31:44.492] 收到心跳
[2022-04-16 16:31:44.492] 收到心跳
[2022-04-16 16:32:14.495] 发送心跳
[2022-04-16 16:32:14.496] 收到心跳
[2022-04-16 16:32:14.496] 收到心跳
[2022-04-16 16:32:44.505] 发送心跳
[2022-04-16 16:32:44.505] 收到心跳
[2022-04-16 16:32:44.505] 收到心跳
[2022-04-16 16:33:14.519] 发送心跳
[2022-04-16 16:33:14.520] 收到心跳
[2022-04-16 16:33:14.520] 收到心跳
[2022-04-16 16:33:44.524] 发送心跳
[2022-04-16 16:33:44.525] 收到心跳
[2022-04-16 16:33:44.525] 收到心跳
[2022-04-16 16:34:14.542] 发送心跳
[2022-04-16 16:34:14.542] 收到心跳
[2022-04-16 16:34:14.542] 收到心跳
[2022-04-16 16:34:44.554] 发送心跳
[2022-04-16 16:34:44.554] 收到心跳
[2022-04-16 16:34:44.555] 收到心跳
[2022-04-16 16:35:14.563] 发送心跳
[2022-04-16 16:35:14.564] 收到心跳
[2022-04-16 16:35:14.564] 收到心跳
[2022-04-16 16:35:44.572] 发送心跳
[2022-04-16 16:35:44.572] 收到心跳
[2022-04-16 16:35:44.572] 收到心跳
[2022-04-16 16:36:14.575] 发送心跳
[2022-04-16 16:36:14.575] 收到心跳
[2022-04-16 16:36:14.575] 收到心跳
[2022-04-16 16:36:44.579] 发送心跳
[2022-04-16 16:36:44.580] 收到心跳
[2022-04-16 16:36:44.580] 收到心跳
[2022-04-16 16:37:14.585] 发送心跳
[2022-04-16 16:37:14.585] 收到心跳
[2022-04-16 16:37:14.586] 收到心跳
[2022-04-16 16:37:44.591] 发送心跳
[2022-04-16 16:37:44.592] 收到心跳
[2022-04-16 16:37:44.592] 收到心跳
[2022-04-16 16:38:14.596] 发送心跳
[2022-04-16 16:38:14.597] 收到心跳
[2022-04-16 16:38:14.597] 收到心跳
[2022-04-16 16:38:44.607] 发送心跳
[2022-04-16 16:38:44.607] 收到心跳
[2022-04-16 16:38:44.607] 收到心跳
[2022-04-16 16:39:14.607] 发送心跳
[2022-04-16 16:39:14.608] 收到心跳
[2022-04-16 16:39:44.608] 发送心跳
[2022-04-16 16:39:44.609] 收到心跳
[2022-04-16 16:40:14.617] 发送心跳
[2022-04-16 16:40:14.617] 收到心跳
[2022-04-16 16:40:14.617] 收到心跳
[2022-04-16 16:40:44.619] 发送心跳
[2022-04-16 16:40:44.619] 收到心跳
[2022-04-16 16:40:44.619] 收到心跳
[2022-04-16 16:41:14.626] 发送心跳
[2022-04-16 16:41:14.626] 收到心跳
[2022-04-16 16:41:14.627] 收到心跳
[2022-04-16 16:41:44.633] 发送心跳
[2022-04-16 16:41:44.633] 收到心跳
[2022-04-16 16:41:44.633] 收到心跳
[2022-04-16 16:42:14.644] 发送心跳
[2022-04-16 16:42:14.644] 收到心跳
[2022-04-16 16:42:14.644] 收到心跳
[2022-04-16 16:42:44.650] 发送心跳
[2022-04-16 16:42:44.651] 收到心跳
[2022-04-16 16:42:44.651] 收到心跳
[2022-04-16 16:43:14.655] 发送心跳
[2022-04-16 16:43:14.656] 收到心跳
[2022-04-16 16:43:14.656] 收到心跳
[2022-04-16 16:43:44.667] 发送心跳
[2022-04-16 16:43:44.668] 收到心跳
[2022-04-16 16:43:44.668] 收到心跳
[2022-04-16 16:44:14.679] 发送心跳
[2022-04-16 16:44:14.680] 收到心跳
[2022-04-16 16:44:14.680] 收到心跳
[2022-04-16 16:44:44.692] 发送心跳
[2022-04-16 16:44:44.693] 收到心跳
[2022-04-16 16:44:44.693] 收到心跳
[2022-04-16 16:45:14.693] 发送心跳
[2022-04-16 16:45:14.693] 收到心跳
[2022-04-16 16:45:44.703] 发送心跳
[2022-04-16 16:45:44.704] 收到心跳
[2022-04-16 16:46:14.715] 发送心跳
[2022-04-16 16:46:14.716] 收到心跳
[2022-04-16 16:46:14.716] 收到心跳
[2022-04-16 16:46:44.730] 发送心跳
[2022-04-16 16:46:44.731] 收到心跳
[2022-04-16 16:46:44.731] 收到心跳
[2022-04-16 16:47:14.738] 发送心跳
[2022-04-16 16:47:14.739] 收到心跳
[2022-04-16 16:47:14.739] 收到心跳
[2022-04-16 16:47:44.739] 发送心跳
[2022-04-16 16:47:44.739] 收到心跳
[2022-04-16 16:47:44.740] 收到心跳
[2022-04-16 16:48:14.747] 发送心跳
[2022-04-16 16:48:14.748] 收到心跳
[2022-04-16 16:48:14.748] 收到心跳
[2022-04-16 16:48:44.751] 发送心跳
[2022-04-16 16:48:44.752] 收到心跳
[2022-04-16 16:48:44.752] 收到心跳
[2022-04-16 16:49:14.758] 收到心跳
[2022-04-16 16:49:14.758] 收到心跳
[2022-04-16 16:49:14.758] 发送心跳
[2022-04-16 16:49:44.770] 发送心跳
[2022-04-16 16:49:44.770] 收到心跳
[2022-04-16 16:49:44.770] 收到心跳
[2022-04-16 16:50:14.772] 发送心跳
[2022-04-16 16:50:14.773] 收到心跳
[2022-04-16 16:50:14.773] 收到心跳
[2022-04-16 16:50:44.777] 发送心跳
[2022-04-16 16:50:44.777] 收到心跳
[2022-04-16 16:50:44.778] 收到心跳
[2022-04-16 16:51:14.790] 发送心跳
[2022-04-16 16:51:14.790] 收到心跳
[2022-04-16 16:51:14.791] 收到心跳
[2022-04-16 16:51:44.798] 发送心跳
[2022-04-16 16:51:44.798] 收到心跳
[2022-04-16 16:51:44.798] 收到心跳
[2022-04-16 16:52:14.805] 发送心跳
[2022-04-16 16:52:14.806] 收到心跳
[2022-04-16 16:52:14.806] 收到心跳
[2022-04-16 16:52:44.815] 发送心跳
[2022-04-16 16:52:44.816] 收到心跳
[2022-04-16 16:52:44.816] 收到心跳
[2022-04-16 16:53:14.821] 发送心跳
[2022-04-16 16:53:14.821] 收到心跳
[2022-04-16 16:53:14.821] 收到心跳
[2022-04-16 16:53:44.823] 收到心跳
[2022-04-16 16:53:44.822] 发送心跳
[2022-04-16 16:53:44.823] 收到心跳
[2022-04-16 16:54:14.835] 发送心跳
[2022-04-16 16:54:14.835] 收到心跳
[2022-04-16 16:54:14.835] 收到心跳
[2022-04-16 16:54:44.839] 发送心跳
[2022-04-16 16:54:44.840] 收到心跳
[2022-04-16 16:54:44.840] 收到心跳
[2022-04-16 16:55:14.841] 发送心跳
[2022-04-16 16:55:14.842] 收到心跳
[2022-04-16 16:55:14.842] 收到心跳
[2022-04-16 16:55:44.849] 发送心跳
[2022-04-16 16:55:44.850] 收到心跳
[2022-04-16 16:55:44.850] 收到心跳
[2022-04-16 16:56:14.852] 发送心跳
[2022-04-16 16:56:14.853] 收到心跳
[2022-04-16 16:56:14.853] 收到心跳
[2022-04-16 16:56:44.856] 发送心跳
[2022-04-16 16:56:44.858] 收到心跳
[2022-04-16 16:56:44.858] 收到心跳
[2022-04-16 16:57:14.858] 收到心跳
[2022-04-16 16:57:14.857] 发送心跳
[2022-04-16 16:57:14.858] 收到心跳
[2022-04-16 16:57:44.859] 发送心跳
[2022-04-16 16:57:44.860] 收到心跳
[2022-04-16 16:57:44.860] 收到心跳
[2022-04-16 16:58:14.876] 发送心跳
[2022-04-16 16:58:14.876] 收到心跳
[2022-04-16 16:58:14.876] 收到心跳
[2022-04-16 16:58:44.876] 发送心跳
[2022-04-16 16:58:44.877] 收到心跳
[2022-04-16 16:58:44.877] 收到心跳
[2022-04-16 16:59:14.887] 发送心跳
[2022-04-16 16:59:14.888] 收到心跳
[2022-04-16 16:59:14.888] 收到心跳
[2022-04-16 16:59:44.895] 发送心跳
[2022-04-16 16:59:44.896] 收到心跳
[2022-04-16 16:59:44.896] 收到心跳
[2022-04-16 17:00:14.910] 发送心跳
[2022-04-16 17:00:14.911] 收到心跳
[2022-04-16 17:00:14.911] 收到心跳
[2022-04-16 17:00:44.910] 发送心跳
[2022-04-16 17:00:44.911] 收到心跳
[2022-04-16 17:01:14.910] 发送心跳
[2022-04-16 17:01:14.911] 收到心跳
[2022-04-16 17:01:44.920] 发送心跳
[2022-04-16 17:01:44.920] 收到心跳
[2022-04-16 17:01:44.921] 收到心跳
[2022-04-16 17:02:14.925] 发送心跳
[2022-04-16 17:02:14.925] 收到心跳
[2022-04-16 17:02:14.925] 收到心跳
[2022-04-16 17:02:44.933] 发送心跳
[2022-04-16 17:02:44.933] 收到心跳
[2022-04-16 17:02:44.934] 收到心跳
[2022-04-16 17:03:14.945] 发送心跳
[2022-04-16 17:03:14.961] 收到心跳
[2022-04-16 17:03:44.951] 发送心跳
[2022-04-16 17:03:44.952] 收到心跳
[2022-04-16 17:04:14.957] 发送心跳
[2022-04-16 17:04:14.957] 收到心跳
[2022-04-16 17:04:14.957] 收到心跳
[2022-04-16 17:04:44.964] 发送心跳
[2022-04-16 17:04:44.965] 收到心跳
[2022-04-16 17:04:44.965] 收到心跳
[2022-04-16 17:05:14.978] 发送心跳
[2022-04-16 17:05:14.978] 收到心跳
[2022-04-16 17:05:14.979] 收到心跳
[2022-04-16 17:25:08.635] app started, pid is: 18100
[2022-04-16 17:25:09.328] listener started, pid is 18292, url is ws://localhost:56790/
[2022-04-16 17:25:09.364] 后台websocket服务已连接：ws://localhost:56790/
[2022-04-16 17:25:14.373] 发送心跳
[2022-04-16 17:25:14.376] 收到心跳
[2022-04-16 17:25:44.378] 发送心跳
[2022-04-16 17:25:44.379] 收到心跳
[2022-04-16 17:25:44.379] 收到心跳
[2022-04-16 17:26:14.393] 发送心跳
[2022-04-16 17:26:14.394] 收到心跳
[2022-04-16 17:26:14.394] 收到心跳
[2022-04-16 17:26:44.400] 发送心跳
[2022-04-16 17:26:44.401] 收到心跳
[2022-04-16 17:26:44.401] 收到心跳
[2022-04-16 17:27:14.404] 发送心跳
[2022-04-16 17:27:14.405] 收到心跳
[2022-04-16 17:27:14.406] 收到心跳
[2022-04-16 17:27:44.411] 发送心跳
[2022-04-16 17:27:44.412] 收到心跳
[2022-04-16 17:27:44.412] 收到心跳
[2022-04-16 17:28:14.422] 发送心跳
[2022-04-16 17:28:14.422] 收到心跳
[2022-04-16 17:28:14.423] 收到心跳
[2022-04-16 17:28:44.433] 发送心跳
[2022-04-16 17:28:44.434] 收到心跳
[2022-04-16 17:28:44.434] 收到心跳
[2022-04-16 17:29:14.437] 发送心跳
[2022-04-16 17:29:14.438] 收到心跳
[2022-04-16 17:29:14.438] 收到心跳
[2022-04-16 17:29:44.445] 发送心跳
[2022-04-16 17:29:44.446] 收到心跳
[2022-04-16 17:29:44.446] 收到心跳
[2022-04-16 17:30:14.454] 发送心跳
[2022-04-16 17:30:14.455] 收到心跳
[2022-04-16 17:30:14.455] 收到心跳
[2022-04-16 17:30:44.456] 发送心跳
[2022-04-16 17:30:44.457] 收到心跳
[2022-04-16 17:30:44.457] 收到心跳
[2022-04-16 17:31:14.465] 发送心跳
[2022-04-16 17:31:14.466] 收到心跳
[2022-04-16 17:31:14.466] 收到心跳
[2022-04-16 17:31:44.476] 发送心跳
[2022-04-16 17:31:44.476] 收到心跳
[2022-04-16 17:31:44.476] 收到心跳
[2022-04-16 17:32:14.482] 发送心跳
[2022-04-16 17:32:14.482] 收到心跳
[2022-04-16 17:32:14.482] 收到心跳
[2022-04-16 17:32:44.505] 发送心跳
[2022-04-16 17:32:44.506] 收到心跳
[2022-04-16 17:32:44.506] 收到心跳
[2022-04-16 17:33:14.520] 发送心跳
[2022-04-16 17:33:14.520] 收到心跳
[2022-04-16 17:33:14.520] 收到心跳
[2022-04-16 17:33:44.522] 发送心跳
[2022-04-16 17:33:44.522] 收到心跳
[2022-04-16 17:33:44.523] 收到心跳
[2022-04-16 17:34:14.526] 发送心跳
[2022-04-16 17:34:14.529] 收到心跳
[2022-04-16 17:34:14.529] 收到心跳
[2022-04-16 17:34:44.536] 发送心跳
[2022-04-16 17:34:44.537] 收到心跳
[2022-04-16 17:34:44.537] 收到心跳
[2022-04-16 17:35:14.542] 发送心跳
[2022-04-16 17:35:14.543] 收到心跳
[2022-04-16 17:35:14.543] 收到心跳
[2022-04-16 17:35:44.553] 发送心跳
[2022-04-16 17:35:44.554] 收到心跳
[2022-04-16 17:35:44.554] 收到心跳
[2022-04-16 17:36:14.561] 发送心跳
[2022-04-16 17:36:14.561] 收到心跳
[2022-04-16 17:36:14.562] 收到心跳
[2022-04-16 17:36:44.569] 发送心跳
[2022-04-16 17:36:44.569] 收到心跳
[2022-04-16 17:36:44.570] 收到心跳
[2022-04-16 17:37:14.577] 发送心跳
[2022-04-16 17:37:14.577] 收到心跳
[2022-04-16 17:37:14.578] 收到心跳
[2022-04-16 17:37:44.584] 发送心跳
[2022-04-16 17:37:44.585] 收到心跳
[2022-04-16 17:37:44.585] 收到心跳
[2022-04-16 17:38:14.599] 发送心跳
[2022-04-16 17:38:14.599] 收到心跳
[2022-04-16 17:38:14.600] 收到心跳
[2022-04-16 17:38:44.600] 发送心跳
[2022-04-16 17:38:44.600] 收到心跳
[2022-04-16 17:38:44.600] 收到心跳
[2022-04-16 17:39:14.602] 发送心跳
[2022-04-16 17:39:14.603] 收到心跳
[2022-04-16 17:39:14.603] 收到心跳
[2022-04-16 17:39:44.614] 发送心跳
[2022-04-16 17:39:44.614] 收到心跳
[2022-04-16 17:39:44.614] 收到心跳
[2022-04-16 17:40:14.615] 发送心跳
[2022-04-16 17:40:14.616] 收到心跳
[2022-04-16 17:40:14.616] 收到心跳
[2022-04-16 17:40:44.624] 发送心跳
[2022-04-16 17:40:44.625] 收到心跳
[2022-04-16 17:40:44.625] 收到心跳
[2022-04-16 17:41:14.632] 发送心跳
[2022-04-16 17:41:14.632] 收到心跳
[2022-04-16 17:41:14.632] 收到心跳
[2022-04-16 17:41:44.640] 发送心跳
[2022-04-16 17:41:44.641] 收到心跳
[2022-04-16 17:41:44.641] 收到心跳
[2022-04-16 17:42:14.643] 发送心跳
[2022-04-16 17:42:14.643] 收到心跳
[2022-04-16 17:42:14.644] 收到心跳
[2022-04-16 17:42:44.649] 发送心跳
[2022-04-16 17:42:44.650] 收到心跳
[2022-04-16 17:42:44.650] 收到心跳
[2022-04-16 17:43:14.664] 发送心跳
[2022-04-16 17:43:14.665] 收到心跳
[2022-04-16 17:43:14.665] 收到心跳
[2022-04-16 17:43:44.677] 发送心跳
[2022-04-16 17:43:44.678] 收到心跳
[2022-04-16 17:43:44.678] 收到心跳
[2022-04-16 17:44:14.683] 发送心跳
[2022-04-16 17:44:14.684] 收到心跳
[2022-04-16 17:44:14.684] 收到心跳
[2022-04-16 17:44:44.684] 发送心跳
[2022-04-16 17:44:44.685] 收到心跳
[2022-04-16 17:45:14.686] 发送心跳
[2022-04-16 17:45:14.686] 收到心跳
[2022-04-16 17:45:44.697] 发送心跳
[2022-04-16 17:45:44.698] 收到心跳
[2022-04-16 17:45:44.698] 收到心跳
[2022-04-16 17:46:14.705] 发送心跳
[2022-04-16 17:46:14.706] 收到心跳
[2022-04-16 17:46:14.706] 收到心跳
[2022-04-16 17:46:44.711] 发送心跳
[2022-04-16 17:46:44.711] 收到心跳
[2022-04-16 17:46:44.712] 收到心跳
[2022-04-16 17:47:14.719] 发送心跳
[2022-04-16 17:47:14.720] 收到心跳
[2022-04-16 17:47:14.720] 收到心跳
[2022-04-16 17:47:44.732] 发送心跳
[2022-04-16 17:47:44.733] 收到心跳
[2022-04-16 17:47:44.733] 收到心跳
[2022-04-16 17:48:14.741] 发送心跳
[2022-04-16 17:48:14.742] 收到心跳
[2022-04-16 17:48:14.742] 收到心跳
[2022-04-16 17:48:44.750] 发送心跳
[2022-04-16 17:48:44.751] 收到心跳
[2022-04-16 17:48:44.751] 收到心跳
[2022-04-16 17:49:14.761] 发送心跳
[2022-04-16 17:49:14.762] 收到心跳
[2022-04-16 17:49:14.762] 收到心跳
[2022-04-16 17:49:44.770] 发送心跳
[2022-04-16 17:49:44.771] 收到心跳
[2022-04-16 17:49:44.771] 收到心跳
[2022-04-16 17:50:14.778] 收到心跳
[2022-04-16 17:50:14.778] 发送心跳
[2022-04-16 17:50:14.778] 收到心跳
[2022-04-16 17:50:44.781] 发送心跳
[2022-04-16 17:50:44.781] 收到心跳
[2022-04-16 17:50:44.781] 收到心跳
[2022-04-16 17:51:14.786] 发送心跳
[2022-04-16 17:51:14.786] 收到心跳
[2022-04-16 17:51:14.787] 收到心跳
[2022-04-16 17:51:44.794] 发送心跳
[2022-04-16 17:51:44.794] 收到心跳
[2022-04-16 17:51:44.795] 收到心跳
[2022-04-16 17:52:14.801] 发送心跳
[2022-04-16 17:52:14.802] 收到心跳
[2022-04-16 17:52:14.802] 收到心跳
[2022-04-16 17:52:44.807] 发送心跳
[2022-04-16 17:52:44.807] 收到心跳
[2022-04-16 17:52:44.807] 收到心跳
[2022-04-16 17:53:14.812] 发送心跳
[2022-04-16 17:53:14.812] 收到心跳
[2022-04-16 17:53:14.812] 收到心跳
[2022-04-16 17:53:44.827] 发送心跳
[2022-04-16 17:53:44.828] 收到心跳
[2022-04-16 17:53:44.828] 收到心跳
[2022-04-16 17:54:14.832] 发送心跳
[2022-04-16 17:54:14.833] 收到心跳
[2022-04-16 17:54:14.833] 收到心跳
[2022-04-16 17:54:44.842] 发送心跳
[2022-04-16 17:54:44.842] 收到心跳
[2022-04-16 17:54:44.842] 收到心跳
[2022-04-16 17:55:14.850] 发送心跳
[2022-04-16 17:55:14.850] 收到心跳
[2022-04-16 17:55:14.850] 收到心跳
[2022-04-16 17:55:44.852] 发送心跳
[2022-04-16 17:55:44.853] 收到心跳
[2022-04-16 17:55:44.853] 收到心跳
