[2022-02-12 16:30:56.149] app started, pid is: 7084
[2022-02-12 16:30:56.882] listener started, pid is 4928, url is ws://localhost:56790/
[2022-02-12 16:30:56.955] 后台websocket服务已连接：ws://localhost:56790/
[2022-02-12 16:31:01.964] 发送心跳
[2022-02-12 16:31:01.968] 收到心跳
[2022-02-12 16:31:31.972] 发送心跳
[2022-02-12 16:31:31.973] 收到心跳
[2022-02-12 16:32:08.360] app started, pid is: 4648
[2022-02-12 16:32:09.150] listener started, pid is 9492, url is ws://localhost:56789/
[2022-02-12 16:32:09.189] 后台websocket服务已连接：ws://localhost:56789/
[2022-02-12 16:32:14.203] 发送心跳
[2022-02-12 16:32:14.206] 收到心跳
[2022-02-12 16:32:44.216] 发送心跳
[2022-02-12 16:32:44.217] 收到心跳
[2022-02-12 16:33:14.230] 发送心跳
[2022-02-12 16:33:14.231] 收到心跳
[2022-02-12 16:33:14.231] 收到心跳
[2022-02-12 16:33:44.244] 发送心跳
[2022-02-12 16:33:44.244] 收到心跳
[2022-02-12 16:33:44.244] 收到心跳
[2022-02-12 16:34:14.245] 发送心跳
[2022-02-12 16:34:14.246] 收到心跳
[2022-02-12 16:34:14.246] 收到心跳
[2022-02-12 16:34:44.248] 发送心跳
[2022-02-12 16:34:44.249] 收到心跳
[2022-02-12 16:34:44.249] 收到心跳
[2022-02-12 16:35:14.255] 发送心跳
[2022-02-12 16:35:14.255] 收到心跳
[2022-02-12 16:35:14.256] 收到心跳
[2022-02-12 16:35:44.256] 发送心跳
[2022-02-12 16:35:44.257] 收到心跳
[2022-02-12 16:35:44.257] 收到心跳
[2022-02-12 16:36:14.266] 发送心跳
[2022-02-12 16:36:14.267] 收到心跳
[2022-02-12 16:36:14.267] 收到心跳
[2022-02-12 16:36:44.278] 发送心跳
[2022-02-12 16:36:44.278] 收到心跳
[2022-02-12 16:36:44.278] 收到心跳
[2022-02-12 16:37:14.279] 发送心跳
[2022-02-12 16:37:14.280] 收到心跳
[2022-02-12 16:37:14.280] 收到心跳
[2022-02-12 16:37:44.293] 发送心跳
[2022-02-12 16:37:44.294] 收到心跳
[2022-02-12 16:37:44.294] 收到心跳
[2022-02-12 16:38:14.302] 发送心跳
[2022-02-12 16:38:14.303] 收到心跳
[2022-02-12 16:38:14.303] 收到心跳
[2022-02-12 16:38:44.316] 发送心跳
[2022-02-12 16:38:44.316] 收到心跳
[2022-02-12 16:38:44.317] 收到心跳
[2022-02-12 16:39:14.330] 发送心跳
[2022-02-12 16:39:14.331] 收到心跳
[2022-02-12 16:39:14.331] 收到心跳
[2022-02-12 16:39:44.339] 发送心跳
[2022-02-12 16:39:44.340] 收到心跳
[2022-02-12 16:39:44.340] 收到心跳
[2022-02-12 16:40:14.353] 发送心跳
[2022-02-12 16:40:14.353] 收到心跳
[2022-02-12 16:40:14.353] 收到心跳
[2022-02-12 16:40:44.360] 发送心跳
[2022-02-12 16:40:44.361] 收到心跳
[2022-02-12 16:40:44.361] 收到心跳
[2022-02-12 16:41:14.374] 收到心跳
[2022-02-12 16:41:14.374] 发送心跳
[2022-02-12 16:41:14.374] 收到心跳
[2022-02-12 16:41:44.378] 发送心跳
[2022-02-12 16:41:44.378] 收到心跳
[2022-02-12 16:41:44.378] 收到心跳
[2022-02-12 16:42:14.380] 发送心跳
[2022-02-12 16:42:14.381] 收到心跳
[2022-02-12 16:42:14.381] 收到心跳
[2022-02-12 16:42:44.394] 发送心跳
[2022-02-12 16:42:44.395] 收到心跳
[2022-02-12 16:42:44.395] 收到心跳
[2022-02-12 16:43:14.406] 发送心跳
[2022-02-12 16:43:14.407] 收到心跳
[2022-02-12 16:43:14.407] 收到心跳
[2022-02-12 16:43:44.408] 发送心跳
[2022-02-12 16:43:44.409] 收到心跳
[2022-02-12 16:43:44.409] 收到心跳
[2022-02-12 16:44:14.420] 发送心跳
[2022-02-12 16:44:14.421] 收到心跳
[2022-02-12 16:44:14.421] 收到心跳
[2022-02-12 16:44:44.422] 发送心跳
[2022-02-12 16:44:44.422] 收到心跳
[2022-02-12 16:44:44.422] 收到心跳
[2022-02-12 16:45:14.430] 发送心跳
[2022-02-12 16:45:14.431] 收到心跳
[2022-02-12 16:45:14.431] 收到心跳
[2022-02-12 16:45:44.443] 发送心跳
[2022-02-12 16:45:44.444] 收到心跳
[2022-02-12 16:45:44.444] 收到心跳
[2022-02-12 16:46:14.447] 发送心跳
[2022-02-12 16:46:14.448] 收到心跳
[2022-02-12 16:46:14.448] 收到心跳
[2022-02-12 16:46:44.456] 发送心跳
[2022-02-12 16:46:44.457] 收到心跳
[2022-02-12 16:46:44.457] 收到心跳
[2022-02-12 16:47:14.470] 发送心跳
[2022-02-12 16:47:14.471] 收到心跳
[2022-02-12 16:47:14.471] 收到心跳
[2022-02-12 16:47:44.473] 发送心跳
[2022-02-12 16:47:44.473] 收到心跳
[2022-02-12 16:47:44.474] 收到心跳
[2022-02-12 16:48:14.482] 发送心跳
[2022-02-12 16:48:14.483] 收到心跳
[2022-02-12 16:48:14.483] 收到心跳
[2022-02-12 16:48:44.497] 收到心跳
[2022-02-12 16:48:44.497] 发送心跳
[2022-02-12 16:48:44.497] 收到心跳
[2022-02-12 16:49:14.507] 发送心跳
[2022-02-12 16:49:14.507] 收到心跳
[2022-02-12 16:49:14.507] 收到心跳
[2022-02-12 16:49:44.517] 发送心跳
[2022-02-12 16:49:44.517] 收到心跳
[2022-02-12 16:49:44.518] 收到心跳
[2022-02-12 16:50:14.520] 发送心跳
[2022-02-12 16:50:14.521] 收到心跳
[2022-02-12 16:50:14.521] 收到心跳
[2022-02-12 16:50:44.522] 发送心跳
[2022-02-12 16:50:44.523] 收到心跳
[2022-02-12 16:50:44.523] 收到心跳
[2022-02-12 16:51:14.526] 发送心跳
[2022-02-12 16:51:14.526] 收到心跳
[2022-02-12 16:51:14.526] 收到心跳
[2022-02-12 16:51:44.539] 发送心跳
[2022-02-12 16:51:44.540] 收到心跳
[2022-02-12 16:51:44.540] 收到心跳
[2022-02-12 16:52:14.542] 发送心跳
[2022-02-12 16:52:14.543] 收到心跳
[2022-02-12 16:52:14.543] 收到心跳
[2022-02-12 16:52:44.555] 发送心跳
[2022-02-12 16:52:44.556] 收到心跳
[2022-02-12 16:52:44.556] 收到心跳
[2022-02-12 16:53:14.567] 发送心跳
[2022-02-12 16:53:14.567] 收到心跳
[2022-02-12 16:53:14.568] 收到心跳
[2022-02-12 16:53:44.573] 发送心跳
[2022-02-12 16:53:44.574] 收到心跳
[2022-02-12 16:53:44.574] 收到心跳
[2022-02-12 16:54:14.582] 发送心跳
[2022-02-12 16:54:14.583] 收到心跳
[2022-02-12 16:54:14.583] 收到心跳
[2022-02-12 16:54:44.596] 发送心跳
[2022-02-12 16:54:44.596] 收到心跳
[2022-02-12 16:54:44.596] 收到心跳
[2022-02-12 16:55:14.598] 发送心跳
[2022-02-12 16:55:14.599] 收到心跳
[2022-02-12 16:55:14.599] 收到心跳
[2022-02-12 16:55:44.609] 发送心跳
[2022-02-12 16:55:44.609] 收到心跳
[2022-02-12 16:55:44.609] 收到心跳
[2022-02-12 16:56:14.616] 收到心跳
[2022-02-12 16:56:14.616] 收到心跳
[2022-02-12 16:56:14.615] 发送心跳
[2022-02-12 16:56:44.618] 发送心跳
[2022-02-12 16:56:44.619] 收到心跳
[2022-02-12 16:57:14.619] 发送心跳
[2022-02-12 16:57:14.620] 收到心跳
[2022-02-12 16:57:44.628] 发送心跳
[2022-02-12 16:57:44.629] 收到心跳
[2022-02-12 16:57:44.629] 收到心跳
[2022-02-12 16:58:14.631] 发送心跳
[2022-02-12 16:58:14.631] 收到心跳
[2022-02-12 16:58:14.632] 收到心跳
[2022-02-12 16:58:44.645] 发送心跳
[2022-02-12 16:58:44.646] 收到心跳
[2022-02-12 16:58:44.645] 收到心跳
[2022-02-12 16:59:14.658] 发送心跳
[2022-02-12 16:59:14.658] 收到心跳
[2022-02-12 16:59:14.659] 收到心跳
[2022-02-12 16:59:44.673] 发送心跳
[2022-02-12 16:59:44.673] 收到心跳
[2022-02-12 16:59:44.673] 收到心跳
[2022-02-12 17:00:14.676] 发送心跳
[2022-02-12 17:00:14.676] 收到心跳
[2022-02-12 17:00:14.677] 收到心跳
[2022-02-12 17:00:44.681] 发送心跳
[2022-02-12 17:00:44.681] 收到心跳
[2022-02-12 17:00:44.681] 收到心跳
[2022-02-12 17:01:14.684] 发送心跳
[2022-02-12 17:01:14.684] 收到心跳
[2022-02-12 17:01:14.685] 收到心跳
[2022-02-12 17:01:44.688] 发送心跳
[2022-02-12 17:01:44.689] 收到心跳
[2022-02-12 17:01:44.689] 收到心跳
[2022-02-12 17:02:14.698] 发送心跳
[2022-02-12 17:02:14.704] 收到心跳
[2022-02-12 17:02:14.704] 收到心跳
[2022-02-12 17:02:44.703] 收到心跳
[2022-02-12 17:02:44.702] 发送心跳
[2022-02-12 17:02:44.703] 收到心跳
[2022-02-12 17:03:14.703] 发送心跳
[2022-02-12 17:03:14.703] 收到心跳
[2022-02-12 17:03:14.704] 收到心跳
[2022-02-12 17:03:44.711] 发送心跳
[2022-02-12 17:03:44.712] 收到心跳
[2022-02-12 17:03:44.712] 收到心跳
[2022-02-12 17:04:14.727] 发送心跳
[2022-02-12 17:04:14.727] 收到心跳
[2022-02-12 17:04:14.728] 收到心跳
[2022-02-12 17:04:44.733] 发送心跳
[2022-02-12 17:04:44.734] 收到心跳
[2022-02-12 17:04:44.734] 收到心跳
[2022-02-12 17:05:14.745] 发送心跳
[2022-02-12 17:05:14.746] 收到心跳
[2022-02-12 17:05:14.746] 收到心跳
[2022-02-12 17:05:44.750] 发送心跳
[2022-02-12 17:05:44.751] 收到心跳
[2022-02-12 17:05:44.751] 收到心跳
[2022-02-12 17:06:14.750] 发送心跳
[2022-02-12 17:06:14.751] 收到心跳
[2022-02-12 17:06:44.766] 发送心跳
[2022-02-12 17:06:44.766] 收到心跳
[2022-02-12 17:06:44.767] 收到心跳
[2022-02-12 17:07:14.781] 发送心跳
[2022-02-12 17:07:14.781] 收到心跳
[2022-02-12 17:07:14.781] 收到心跳
[2022-02-12 17:07:44.786] 发送心跳
[2022-02-12 17:07:44.786] 收到心跳
[2022-02-12 17:07:44.787] 收到心跳
[2022-02-12 17:08:14.786] 发送心跳
[2022-02-12 17:08:14.787] 收到心跳
[2022-02-12 17:08:44.786] 发送心跳
[2022-02-12 17:08:44.787] 收到心跳
[2022-02-12 17:09:14.801] 发送心跳
[2022-02-12 17:09:14.802] 收到心跳
[2022-02-12 17:09:14.802] 收到心跳
[2022-02-12 17:09:44.806] 发送心跳
[2022-02-12 17:09:44.807] 收到心跳
[2022-02-12 17:09:44.807] 收到心跳
[2022-02-12 17:10:14.811] 发送心跳
[2022-02-12 17:10:14.811] 收到心跳
[2022-02-12 17:10:14.812] 收到心跳
[2022-02-12 17:10:44.825] 发送心跳
[2022-02-12 17:10:44.825] 收到心跳
[2022-02-12 17:10:44.825] 收到心跳
[2022-02-12 17:11:14.838] 发送心跳
[2022-02-12 17:11:14.839] 收到心跳
[2022-02-12 17:11:14.839] 收到心跳
[2022-02-12 17:11:44.854] 发送心跳
[2022-02-12 17:11:44.854] 收到心跳
[2022-02-12 17:11:44.854] 收到心跳
[2022-02-12 17:12:14.866] 发送心跳
[2022-02-12 17:12:14.866] 收到心跳
[2022-02-12 17:12:14.866] 收到心跳
[2022-02-12 17:12:44.878] 发送心跳
[2022-02-12 17:12:44.879] 收到心跳
[2022-02-12 17:12:44.879] 收到心跳
[2022-02-12 17:13:14.880] 发送心跳
[2022-02-12 17:13:14.880] 收到心跳
[2022-02-12 17:13:14.880] 收到心跳
[2022-02-12 17:13:44.881] 发送心跳
[2022-02-12 17:13:44.882] 收到心跳
[2022-02-12 17:14:14.882] 发送心跳
[2022-02-12 17:14:14.882] 收到心跳
[2022-02-12 17:14:44.893] 收到心跳
[2022-02-12 17:14:44.892] 发送心跳
[2022-02-12 17:14:44.893] 收到心跳
[2022-02-12 17:15:14.906] 发送心跳
[2022-02-12 17:15:14.906] 收到心跳
[2022-02-12 17:15:14.906] 收到心跳
[2022-02-12 17:15:44.906] 发送心跳
[2022-02-12 17:15:44.907] 收到心跳
[2022-02-12 17:15:44.907] 收到心跳
[2022-02-12 17:16:14.917] 发送心跳
[2022-02-12 17:16:14.917] 收到心跳
[2022-02-12 17:16:14.917] 收到心跳
[2022-02-12 17:16:44.933] 发送心跳
[2022-02-12 17:16:44.933] 收到心跳
[2022-02-12 17:16:44.933] 收到心跳
[2022-02-12 17:17:14.947] 发送心跳
[2022-02-12 17:17:14.947] 收到心跳
[2022-02-12 17:17:14.947] 收到心跳
[2022-02-12 17:17:44.954] 发送心跳
[2022-02-12 17:17:44.954] 收到心跳
[2022-02-12 17:17:44.954] 收到心跳
[2022-02-12 17:18:14.963] 发送心跳
[2022-02-12 17:18:14.963] 收到心跳
[2022-02-12 17:18:14.963] 收到心跳
[2022-02-12 17:18:44.964] 发送心跳
[2022-02-12 17:18:44.964] 收到心跳
[2022-02-12 17:18:44.964] 收到心跳
[2022-02-12 17:19:14.965] 发送心跳
[2022-02-12 17:19:14.966] 收到心跳
[2022-02-12 17:19:14.966] 收到心跳
[2022-02-12 17:19:44.981] 发送心跳
[2022-02-12 17:19:44.981] 收到心跳
[2022-02-12 17:19:44.981] 收到心跳
[2022-02-12 17:20:14.984] 发送心跳
[2022-02-12 17:20:14.985] 收到心跳
[2022-02-12 17:20:14.985] 收到心跳
[2022-02-12 17:20:44.999] 发送心跳
[2022-02-12 17:20:45.000] 收到心跳
[2022-02-12 17:20:45.000] 收到心跳
[2022-02-12 17:21:15.006] 发送心跳
[2022-02-12 17:21:15.006] 收到心跳
[2022-02-12 17:21:15.006] 收到心跳
[2022-02-12 17:21:45.011] 发送心跳
[2022-02-12 17:21:45.012] 收到心跳
[2022-02-12 17:21:45.012] 收到心跳
[2022-02-12 17:22:17.334] 发送心跳
[2022-02-12 17:22:17.335] 收到心跳
[2022-02-12 17:22:17.336] 收到心跳
[2022-02-12 17:22:47.348] 发送心跳
[2022-02-12 17:22:47.349] 收到心跳
[2022-02-12 17:22:47.349] 收到心跳
[2022-02-12 17:23:17.361] 发送心跳
[2022-02-12 17:23:17.362] 收到心跳
[2022-02-12 17:23:17.362] 收到心跳
[2022-02-12 17:23:47.367] 发送心跳
[2022-02-12 17:23:47.368] 收到心跳
[2022-02-12 17:23:47.368] 收到心跳
[2022-02-12 17:24:17.375] 发送心跳
[2022-02-12 17:24:17.376] 收到心跳
[2022-02-12 17:24:17.376] 收到心跳
[2022-02-12 17:24:47.382] 发送心跳
[2022-02-12 17:24:47.383] 收到心跳
[2022-02-12 17:24:47.383] 收到心跳
[2022-02-12 17:25:17.395] 发送心跳
[2022-02-12 17:25:17.396] 收到心跳
[2022-02-12 17:25:17.396] 收到心跳
[2022-02-12 17:25:47.409] 发送心跳
[2022-02-12 17:25:47.410] 收到心跳
[2022-02-12 17:25:47.410] 收到心跳
[2022-02-12 17:26:17.415] 发送心跳
[2022-02-12 17:26:17.416] 收到心跳
[2022-02-12 17:26:17.416] 收到心跳
[2022-02-12 17:26:47.417] 发送心跳
[2022-02-12 17:26:47.418] 收到心跳
[2022-02-12 17:26:47.418] 收到心跳
[2022-02-12 17:27:17.427] 发送心跳
[2022-02-12 17:27:17.428] 收到心跳
[2022-02-12 17:27:17.428] 收到心跳
[2022-02-12 17:27:47.435] 发送心跳
[2022-02-12 17:27:47.436] 收到心跳
[2022-02-12 17:27:47.436] 收到心跳
[2022-02-12 17:28:17.450] 发送心跳
[2022-02-12 17:28:17.451] 收到心跳
[2022-02-12 17:28:17.451] 收到心跳
[2022-02-12 17:28:47.455] 发送心跳
[2022-02-12 17:28:47.455] 收到心跳
[2022-02-12 17:28:47.456] 收到心跳
[2022-02-12 17:29:17.468] 发送心跳
[2022-02-12 17:29:17.469] 收到心跳
[2022-02-12 17:29:17.469] 收到心跳
[2022-02-12 17:29:47.478] 发送心跳
[2022-02-12 17:29:47.478] 收到心跳
[2022-02-12 17:29:47.478] 收到心跳
[2022-02-12 17:30:17.488] 发送心跳
[2022-02-12 17:30:17.489] 收到心跳
[2022-02-12 17:30:17.489] 收到心跳
[2022-02-12 17:30:47.497] 发送心跳
[2022-02-12 17:30:47.498] 收到心跳
[2022-02-12 17:30:47.498] 收到心跳
[2022-02-12 17:31:17.503] 发送心跳
[2022-02-12 17:31:17.504] 收到心跳
[2022-02-12 17:31:17.504] 收到心跳
[2022-02-12 17:31:47.505] 发送心跳
[2022-02-12 17:31:47.505] 收到心跳
[2022-02-12 17:31:47.505] 收到心跳
[2022-02-12 17:32:17.504] 发送心跳
[2022-02-12 17:32:17.505] 收到心跳
[2022-02-12 17:32:47.510] 发送心跳
[2022-02-12 17:32:47.511] 收到心跳
[2022-02-12 17:32:47.511] 收到心跳
[2022-02-12 17:33:17.523] 发送心跳
[2022-02-12 17:33:17.524] 收到心跳
[2022-02-12 17:33:17.524] 收到心跳
[2022-02-12 17:33:47.523] 发送心跳
[2022-02-12 17:33:47.524] 收到心跳
[2022-02-12 17:34:17.525] 发送心跳
[2022-02-12 17:34:17.526] 收到心跳
[2022-02-12 17:34:17.526] 收到心跳
[2022-02-12 17:34:47.539] 发送心跳
[2022-02-12 17:34:47.539] 收到心跳
[2022-02-12 17:34:47.540] 收到心跳
[2022-02-12 17:35:17.548] 发送心跳
[2022-02-12 17:35:17.549] 收到心跳
[2022-02-12 17:35:17.549] 收到心跳
[2022-02-12 17:35:47.551] 发送心跳
[2022-02-12 17:35:47.552] 收到心跳
[2022-02-12 17:35:47.552] 收到心跳
[2022-02-12 17:36:17.566] 发送心跳
[2022-02-12 17:36:17.566] 收到心跳
[2022-02-12 17:36:17.567] 收到心跳
[2022-02-12 17:36:47.579] 收到心跳
[2022-02-12 17:36:47.579] 收到心跳
[2022-02-12 17:36:47.578] 发送心跳
[2022-02-12 17:37:17.593] 发送心跳
[2022-02-12 17:37:17.594] 收到心跳
[2022-02-12 17:37:17.594] 收到心跳
[2022-02-12 17:37:47.598] 发送心跳
[2022-02-12 17:37:47.599] 收到心跳
[2022-02-12 17:37:47.599] 收到心跳
[2022-02-12 17:38:17.612] 发送心跳
[2022-02-12 17:38:17.613] 收到心跳
[2022-02-12 17:38:17.613] 收到心跳
[2022-02-12 17:38:47.617] 收到心跳
[2022-02-12 17:38:47.617] 发送心跳
[2022-02-12 17:38:47.617] 收到心跳
[2022-02-12 17:39:17.622] 发送心跳
[2022-02-12 17:39:17.623] 收到心跳
[2022-02-12 17:39:17.623] 收到心跳
[2022-02-12 17:39:47.636] 发送心跳
[2022-02-12 17:39:47.636] 收到心跳
[2022-02-12 17:39:47.637] 收到心跳
[2022-02-12 17:40:17.643] 发送心跳
[2022-02-12 17:40:17.644] 收到心跳
[2022-02-12 17:40:17.644] 收到心跳
[2022-02-12 17:40:47.657] 发送心跳
[2022-02-12 17:40:47.657] 收到心跳
[2022-02-12 17:40:47.657] 收到心跳
[2022-02-12 17:41:17.659] 发送心跳
[2022-02-12 17:41:17.660] 收到心跳
[2022-02-12 17:41:17.660] 收到心跳
[2022-02-12 17:41:47.664] 收到心跳
[2022-02-12 17:41:47.664] 发送心跳
[2022-02-12 17:41:47.664] 收到心跳
[2022-02-12 17:42:17.678] 发送心跳
[2022-02-12 17:42:17.679] 收到心跳
[2022-02-12 17:42:17.679] 收到心跳
[2022-02-12 17:42:47.689] 发送心跳
[2022-02-12 17:42:47.689] 收到心跳
[2022-02-12 17:42:47.690] 收到心跳
[2022-02-12 17:43:17.699] 发送心跳
[2022-02-12 17:43:17.699] 收到心跳
[2022-02-12 17:43:17.699] 收到心跳
[2022-02-12 17:43:47.711] 发送心跳
[2022-02-12 17:43:47.711] 收到心跳
[2022-02-12 17:43:47.712] 收到心跳
[2022-02-12 17:44:17.725] 发送心跳
[2022-02-12 17:44:17.725] 收到心跳
[2022-02-12 17:44:17.725] 收到心跳
[2022-02-12 17:44:47.736] 发送心跳
[2022-02-12 17:44:47.736] 收到心跳
[2022-02-12 17:44:47.737] 收到心跳
[2022-02-12 17:45:17.740] 发送心跳
[2022-02-12 17:45:17.740] 收到心跳
[2022-02-12 17:45:17.740] 收到心跳
[2022-02-12 17:45:47.747] 发送心跳
[2022-02-12 17:45:47.747] 收到心跳
[2022-02-12 17:45:47.747] 收到心跳
[2022-02-12 17:46:17.747] 发送心跳
[2022-02-12 17:46:17.748] 收到心跳
[2022-02-12 17:46:47.758] 发送心跳
[2022-02-12 17:46:47.759] 收到心跳
[2022-02-12 17:47:17.766] 收到心跳
[2022-02-12 17:47:17.766] 发送心跳
[2022-02-12 17:47:17.766] 收到心跳
[2022-02-12 17:47:47.766] 发送心跳
[2022-02-12 17:47:47.767] 收到心跳
[2022-02-12 17:47:47.767] 收到心跳
[2022-02-12 17:48:17.772] 发送心跳
[2022-02-12 17:48:17.772] 收到心跳
[2022-02-12 17:48:17.772] 收到心跳
[2022-02-12 17:48:47.787] 收到心跳
[2022-02-12 17:48:47.787] 收到心跳
[2022-02-12 17:48:47.787] 发送心跳
[2022-02-12 17:49:17.798] 发送心跳
[2022-02-12 17:49:17.799] 收到心跳
[2022-02-12 17:49:17.799] 收到心跳
[2022-02-12 17:49:47.803] 发送心跳
[2022-02-12 17:49:47.804] 收到心跳
[2022-02-12 17:49:47.804] 收到心跳
[2022-02-12 17:50:17.816] 发送心跳
[2022-02-12 17:50:17.817] 收到心跳
[2022-02-12 17:50:17.817] 收到心跳
[2022-02-12 17:50:47.827] 发送心跳
[2022-02-12 17:50:47.827] 收到心跳
[2022-02-12 17:50:47.827] 收到心跳
[2022-02-12 17:51:17.832] 发送心跳
[2022-02-12 17:51:17.832] 收到心跳
[2022-02-12 17:51:17.832] 收到心跳
[2022-02-12 17:51:47.845] 发送心跳
[2022-02-12 17:51:47.845] 收到心跳
[2022-02-12 17:51:47.845] 收到心跳
[2022-02-12 17:52:17.847] 发送心跳
[2022-02-12 17:52:17.847] 收到心跳
[2022-02-12 17:52:17.848] 收到心跳
[2022-02-12 17:52:47.857] 发送心跳
[2022-02-12 17:52:47.857] 收到心跳
[2022-02-12 17:52:47.857] 收到心跳
[2022-02-12 17:53:17.861] 发送心跳
[2022-02-12 17:53:17.862] 收到心跳
[2022-02-12 17:53:17.862] 收到心跳
[2022-02-12 17:53:47.868] 发送心跳
[2022-02-12 17:53:47.869] 收到心跳
[2022-02-12 17:53:47.869] 收到心跳
[2022-02-12 17:54:17.882] 发送心跳
[2022-02-12 17:54:17.882] 收到心跳
[2022-02-12 17:54:17.882] 收到心跳
[2022-02-12 17:54:47.892] 发送心跳
[2022-02-12 17:54:47.892] 收到心跳
[2022-02-12 17:54:47.893] 收到心跳
[2022-02-12 17:55:17.905] 发送心跳
[2022-02-12 17:55:17.906] 收到心跳
[2022-02-12 17:55:17.906] 收到心跳
[2022-02-12 17:55:47.909] 发送心跳
[2022-02-12 17:55:47.910] 收到心跳
[2022-02-12 17:55:47.910] 收到心跳
[2022-02-12 17:56:17.916] 发送心跳
[2022-02-12 17:56:17.917] 收到心跳
[2022-02-12 17:56:17.917] 收到心跳
[2022-02-12 17:56:47.923] 发送心跳
[2022-02-12 17:56:47.923] 收到心跳
[2022-02-12 17:56:47.924] 收到心跳
[2022-02-12 17:57:17.937] 发送心跳
[2022-02-12 17:57:17.938] 收到心跳
[2022-02-12 17:57:17.938] 收到心跳
[2022-02-12 17:57:47.943] 发送心跳
[2022-02-12 17:57:47.943] 收到心跳
[2022-02-12 17:57:47.944] 收到心跳
[2022-02-12 17:58:17.947] 发送心跳
[2022-02-12 17:58:17.947] 收到心跳
[2022-02-12 17:58:17.947] 收到心跳
[2022-02-12 17:58:47.956] 发送心跳
[2022-02-12 17:58:47.956] 收到心跳
[2022-02-12 17:58:47.956] 收到心跳
[2022-02-12 17:59:17.970] 发送心跳
[2022-02-12 17:59:17.970] 收到心跳
[2022-02-12 17:59:17.970] 收到心跳
[2022-02-12 17:59:47.972] 发送心跳
[2022-02-12 17:59:47.973] 收到心跳
[2022-02-12 17:59:47.973] 收到心跳
[2022-02-12 18:00:17.975] 发送心跳
[2022-02-12 18:00:17.975] 收到心跳
[2022-02-12 18:00:17.976] 收到心跳
[2022-02-12 18:00:47.985] 发送心跳
[2022-02-12 18:00:47.985] 收到心跳
[2022-02-12 18:00:47.985] 收到心跳
[2022-02-12 18:01:18.000] 发送心跳
[2022-02-12 18:01:18.000] 收到心跳
[2022-02-12 18:01:18.001] 收到心跳
[2022-02-12 18:01:48.014] 发送心跳
[2022-02-12 18:01:48.014] 收到心跳
[2022-02-12 18:01:48.014] 收到心跳
[2022-02-12 18:02:18.022] 发送心跳
[2022-02-12 18:02:18.023] 收到心跳
[2022-02-12 18:02:18.023] 收到心跳
[2022-02-12 18:02:48.034] 发送心跳
[2022-02-12 18:02:48.035] 收到心跳
[2022-02-12 18:02:48.035] 收到心跳
[2022-02-12 18:03:18.050] 发送心跳
[2022-02-12 18:03:18.050] 收到心跳
[2022-02-12 18:03:18.050] 收到心跳
[2022-02-12 18:03:48.053] 发送心跳
[2022-02-12 18:03:48.054] 收到心跳
[2022-02-12 18:03:48.054] 收到心跳
[2022-02-12 18:04:18.058] 发送心跳
[2022-02-12 18:04:18.060] 收到心跳
[2022-02-12 18:04:18.059] 收到心跳
[2022-02-12 18:04:48.060] 发送心跳
[2022-02-12 18:04:48.061] 收到心跳
