[2021-12-04 02:08:07.248] app started, pid is: 23276
[2021-12-04 02:08:08.196] listener started, pid is 19540, url is ws://localhost:56790/
[2021-12-04 02:08:08.277] 后台websocket服务已连接：ws://localhost:56790/
[2021-12-04 02:08:13.283] 发送心跳
[2021-12-04 02:08:13.292] 收到心跳
[2021-12-04 02:08:43.303] 发送心跳
[2021-12-04 02:08:43.304] 收到心跳
[2021-12-04 02:08:43.304] 收到心跳
[2021-12-04 02:30:16.635] app started, pid is: 25872
[2021-12-04 02:30:17.538] listener started, pid is 19068, url is ws://localhost:56790/
[2021-12-04 02:30:17.577] 后台websocket服务已连接：ws://localhost:56790/
[2021-12-04 02:30:22.579] 发送心跳
[2021-12-04 02:30:22.583] 收到心跳
[2021-12-04 02:30:52.594] 发送心跳
[2021-12-04 02:30:52.595] 收到心跳
[2021-12-04 02:30:52.595] 收到心跳
[2021-12-04 02:31:22.606] 发送心跳
[2021-12-04 02:31:22.606] 收到心跳
[2021-12-04 02:31:22.607] 收到心跳
[2021-12-04 02:31:52.608] 发送心跳
[2021-12-04 02:31:52.608] 收到心跳
[2021-12-04 02:31:52.608] 收到心跳
[2021-12-04 02:32:22.622] 发送心跳
[2021-12-04 02:32:22.622] 收到心跳
[2021-12-04 02:32:22.622] 收到心跳
[2021-12-04 02:35:40.027] app started, pid is: 17476
[2021-12-04 02:35:40.813] listener started, pid is 11752, url is ws://localhost:56790/
[2021-12-04 02:35:40.857] 后台websocket服务已连接：ws://localhost:56790/
[2021-12-04 02:35:45.867] 发送心跳
[2021-12-04 02:35:45.870] 收到心跳
[2021-12-04 02:36:15.882] 发送心跳
[2021-12-04 02:36:15.883] 收到心跳
[2021-12-04 02:36:15.883] 收到心跳
[2021-12-04 02:36:45.882] 发送心跳
[2021-12-04 02:36:45.883] 收到心跳
[2021-12-04 02:37:15.887] 发送心跳
[2021-12-04 02:37:15.889] 收到心跳
[2021-12-04 02:37:15.888] 收到心跳
[2021-12-04 02:37:52.883] app started, pid is: 20448
[2021-12-04 02:37:53.593] listener started, pid is 20396, url is ws://localhost:56789/
[2021-12-04 02:37:53.634] 后台websocket服务已连接：ws://localhost:56789/
[2021-12-04 02:37:58.642] 发送心跳
[2021-12-04 02:37:58.645] 收到心跳
[2021-12-04 02:38:28.652] 发送心跳
[2021-12-04 02:38:28.653] 收到心跳
[2021-12-04 02:38:58.664] 发送心跳
[2021-12-04 02:38:58.666] 收到心跳
[2021-12-04 02:38:58.666] 收到心跳
[2021-12-04 02:39:28.677] 发送心跳
[2021-12-04 02:39:28.678] 收到心跳
[2021-12-04 02:39:28.678] 收到心跳
[2021-12-04 02:39:58.678] 发送心跳
[2021-12-04 02:39:58.679] 收到心跳
[2021-12-04 02:40:28.697] 发送心跳
[2021-12-04 02:40:28.698] 收到心跳
[2021-12-04 02:40:58.698] 发送心跳
[2021-12-04 02:40:58.699] 收到心跳
[2021-12-04 02:41:42.262] app started, pid is: 20708
[2021-12-04 02:41:43.081] listener started, pid is 20692, url is ws://localhost:56789/
[2021-12-04 02:41:43.121] 后台websocket服务已连接：ws://localhost:56789/
[2021-12-04 02:41:48.122] 发送心跳
[2021-12-04 02:41:48.125] 收到心跳
[2021-12-04 02:42:18.126] 发送心跳
[2021-12-04 02:42:18.127] 收到心跳
[2021-12-04 02:42:18.127] 收到心跳
[2021-12-04 02:42:47.384] app started, pid is: 2656
[2021-12-04 02:42:48.077] listener started, pid is 20712, url is ws://localhost:56789/
[2021-12-04 02:42:48.122] 后台websocket服务已连接：ws://localhost:56789/
[2021-12-04 02:42:53.138] 发送心跳
[2021-12-04 02:42:53.141] 收到心跳
[2021-12-04 02:43:23.145] 发送心跳
[2021-12-04 02:43:23.146] 收到心跳
[2021-12-04 02:43:23.146] 收到心跳
[2021-12-04 02:43:53.156] 发送心跳
[2021-12-04 02:43:53.157] 收到心跳
