[2021-09-07 20:21:15.392] app started, pid is: 6148
[2021-09-07 20:21:17.289] listener started, pid is 11124, url is ws://localhost:56790/
[2021-09-07 20:21:17.835] 后台websocket服务已连接：ws://localhost:56790/
[2021-09-07 20:21:22.837] 发送心跳
[2021-09-07 20:21:22.842] 收到心跳
[2021-09-07 20:21:52.839] 发送心跳
[2021-09-07 20:21:52.840] 收到心跳
[2021-09-07 20:22:22.839] 发送心跳
[2021-09-07 20:22:22.840] 收到心跳
[2021-09-07 20:22:52.840] 发送心跳
[2021-09-07 20:22:52.841] 收到心跳
[2021-09-07 20:23:23.627] app started, pid is: 1676
[2021-09-07 20:23:24.273] listener started, pid is 7412, url is ws://localhost:56790/
[2021-09-07 20:23:24.329] 后台websocket服务已连接：ws://localhost:56790/
[2021-09-07 20:23:29.331] 发送心跳
[2021-09-07 20:23:29.337] 收到心跳
[2021-09-07 20:25:38.534] app started, pid is: 3624
[2021-09-07 20:25:39.116] listener started, pid is 6376, url is ws://localhost:56789/
[2021-09-07 20:25:39.166] 后台websocket服务已连接：ws://localhost:56789/
[2021-09-07 20:25:44.167] 发送心跳
[2021-09-07 20:25:44.170] 收到心跳
[2021-09-07 20:26:14.171] 发送心跳
[2021-09-07 20:26:14.172] 收到心跳
[2021-09-07 20:26:44.172] 发送心跳
[2021-09-07 20:26:44.173] 收到心跳
[2021-09-07 20:27:14.172] 发送心跳
[2021-09-07 20:27:14.173] 收到心跳
[2021-09-07 20:31:16.655] app started, pid is: 15864
[2021-09-07 20:31:17.599] listener started, pid is 17300, url is ws://localhost:56790/
[2021-09-07 20:31:17.670] 后台websocket服务已连接：ws://localhost:56790/
[2021-09-07 20:31:22.670] 发送心跳
[2021-09-07 20:31:22.676] 收到心跳
[2021-09-07 20:36:29.268] app started, pid is: 5604
[2021-09-07 20:36:29.897] listener started, pid is 4188, url is ws://localhost:56790/
[2021-09-07 20:36:29.946] 后台websocket服务已连接：ws://localhost:56790/
[2021-09-07 20:36:34.946] 发送心跳
[2021-09-07 20:36:34.949] 收到心跳
[2021-09-07 20:37:04.947] 发送心跳
[2021-09-07 20:37:04.948] 收到心跳
[2021-09-07 20:37:34.948] 发送心跳
[2021-09-07 20:37:34.949] 收到心跳
[2021-09-07 20:37:48.410] app started, pid is: 11432
[2021-09-07 20:37:48.960] listener started, pid is 14844, url is ws://localhost:56790/
[2021-09-07 20:37:49.015] 后台websocket服务已连接：ws://localhost:56790/
[2021-09-07 20:37:54.016] 发送心跳
[2021-09-07 20:37:54.020] 收到心跳
[2021-09-07 20:38:24.017] 发送心跳
[2021-09-07 20:38:24.018] 收到心跳
[2021-09-07 20:38:54.044] app started, pid is: 15768
[2021-09-07 20:38:54.586] listener started, pid is 12616, url is ws://localhost:56789/
[2021-09-07 20:38:54.638] 后台websocket服务已连接：ws://localhost:56789/
[2021-09-07 20:38:59.638] 发送心跳
[2021-09-07 20:38:59.641] 收到心跳
[2021-09-07 20:39:53.342] app started, pid is: 15452
[2021-09-07 20:39:53.881] listener started, pid is 12688, url is ws://localhost:56789/
[2021-09-07 20:39:53.928] 后台websocket服务已连接：ws://localhost:56789/
[2021-09-07 20:39:58.929] 发送心跳
[2021-09-07 20:39:58.932] 收到心跳
[2021-09-07 20:40:07.780] app started, pid is: 15804
[2021-09-07 20:40:08.663] listener started, pid is 2932, url is ws://localhost:56789/
[2021-09-07 20:40:08.708] 后台websocket服务已连接：ws://localhost:56789/
[2021-09-07 20:40:13.709] 发送心跳
[2021-09-07 20:40:13.712] 收到心跳
[2021-09-07 20:40:43.710] 发送心跳
[2021-09-07 20:40:43.711] 收到心跳
[2021-09-07 20:41:13.710] 发送心跳
[2021-09-07 20:41:13.712] 收到心跳
[2021-09-07 20:41:43.711] 发送心跳
[2021-09-07 20:41:43.712] 收到心跳
[2021-09-07 20:42:13.714] 发送心跳
[2021-09-07 20:42:13.714] 收到心跳
[2021-09-07 20:44:20.845] app started, pid is: 836
[2021-09-07 20:44:21.538] listener started, pid is 7416, url is ws://localhost:56789/
[2021-09-07 20:44:21.602] 后台websocket服务已连接：ws://localhost:56789/
[2021-09-07 20:44:26.602] 发送心跳
[2021-09-07 20:44:26.606] 收到心跳
[2021-09-07 20:44:56.604] 发送心跳
[2021-09-07 20:44:56.605] 收到心跳
[2021-09-07 20:45:26.605] 发送心跳
[2021-09-07 20:45:26.607] 收到心跳
[2021-09-07 20:45:56.607] 发送心跳
[2021-09-07 20:45:56.608] 收到心跳
[2021-09-07 20:46:26.608] 发送心跳
[2021-09-07 20:46:26.609] 收到心跳
[2021-09-07 22:53:19.932] app started, pid is: 13976
[2021-09-07 22:53:20.848] listener started, pid is 24964, url is ws://localhost:56790/
[2021-09-07 22:53:20.906] 后台websocket服务已连接：ws://localhost:56790/
[2021-09-07 22:53:25.911] 发送心跳
[2021-09-07 22:53:25.918] 收到心跳
[2021-09-07 22:53:55.918] 发送心跳
[2021-09-07 22:53:55.919] 收到心跳
[2021-09-07 22:54:25.926] 发送心跳
[2021-09-07 22:54:25.927] 收到心跳
[2021-09-07 22:54:25.927] 收到心跳
[2021-09-07 22:54:55.933] 发送心跳
[2021-09-07 22:54:55.934] 收到心跳
[2021-09-07 22:54:55.934] 收到心跳
[2021-09-07 22:55:25.942] 发送心跳
[2021-09-07 22:55:25.943] 收到心跳
[2021-09-07 22:55:25.943] 收到心跳
[2021-09-07 22:55:55.945] 发送心跳
[2021-09-07 22:55:55.946] 收到心跳
[2021-09-07 22:55:55.946] 收到心跳
[2021-09-07 22:56:25.954] 发送心跳
[2021-09-07 22:56:25.955] 收到心跳
[2021-09-07 22:56:25.955] 收到心跳
[2021-09-07 22:56:55.956] 发送心跳
[2021-09-07 22:56:55.957] 收到心跳
[2021-09-07 22:56:55.957] 收到心跳
[2021-09-07 22:57:25.968] 发送心跳
[2021-09-07 22:57:25.969] 收到心跳
[2021-09-07 22:57:25.969] 收到心跳
[2021-09-07 22:57:55.984] 发送心跳
[2021-09-07 22:57:55.985] 收到心跳
[2021-09-07 22:58:25.988] 发送心跳
[2021-09-07 22:58:25.988] 收到心跳
[2021-09-07 22:58:56.004] 发送心跳
[2021-09-07 22:58:56.004] 收到心跳
[2021-09-07 22:59:26.008] 发送心跳
[2021-09-07 22:59:26.008] 收到心跳
[2021-09-07 22:59:56.010] 发送心跳
[2021-09-07 22:59:56.011] 收到心跳
[2021-09-07 23:00:26.011] 发送心跳
[2021-09-07 23:00:26.012] 收到心跳
[2021-09-07 23:00:56.011] 发送心跳
[2021-09-07 23:00:56.012] 收到心跳
[2021-09-07 23:01:26.024] 发送心跳
[2021-09-07 23:01:26.025] 收到心跳
[2021-09-07 23:01:26.025] 收到心跳
[2021-09-07 23:01:56.024] 发送心跳
[2021-09-07 23:01:56.025] 收到心跳
[2021-09-07 23:01:56.025] 收到心跳
[2021-09-07 23:02:26.032] 发送心跳
[2021-09-07 23:02:26.033] 收到心跳
[2021-09-07 23:02:26.033] 收到心跳
[2021-09-07 23:02:56.035] 发送心跳
[2021-09-07 23:02:56.036] 收到心跳
[2021-09-07 23:02:56.036] 收到心跳
