[2021-09-06 00:43:27.496] app started, pid is: 1200
[2021-09-06 00:43:28.317] listener started, pid is 3280, url is ws://localhost:56790/
[2021-09-06 00:43:28.373] 后台websocket服务已连接：ws://localhost:56790/
[2021-09-06 00:43:33.374] 发送心跳
[2021-09-06 00:43:33.384] 收到心跳
[2021-09-06 00:44:03.385] 发送心跳
[2021-09-06 00:44:03.386] 收到心跳
[2021-09-06 00:44:03.386] 收到心跳
[2021-09-06 00:44:33.387] 发送心跳
[2021-09-06 00:44:33.388] 收到心跳
[2021-09-06 00:44:33.388] 收到心跳
[2021-09-06 00:45:03.400] 发送心跳
[2021-09-06 00:45:03.401] 收到心跳
[2021-09-06 00:45:03.401] 收到心跳
[2021-09-06 00:45:24.272] app started, pid is: 9192
[2021-09-06 00:45:24.999] listener started, pid is 18208, url is ws://localhost:56790/
[2021-09-06 00:45:25.050] 后台websocket服务已连接：ws://localhost:56790/
[2021-09-06 00:45:30.052] 发送心跳
[2021-09-06 00:45:30.055] 收到心跳
[2021-09-06 00:46:00.056] 发送心跳
[2021-09-06 00:46:00.057] 收到心跳
[2021-09-06 00:46:00.057] 收到心跳
[2021-09-06 00:46:30.063] 发送心跳
[2021-09-06 00:46:30.064] 收到心跳
[2021-09-06 00:46:30.064] 收到心跳
[2021-09-06 00:47:00.075] 发送心跳
[2021-09-06 00:47:00.077] 收到心跳
[2021-09-06 00:47:00.077] 收到心跳
[2021-09-06 00:47:30.076] 发送心跳
[2021-09-06 00:47:30.077] 收到心跳
[2021-09-06 00:47:30.077] 收到心跳
[2021-09-06 00:48:00.085] 发送心跳
[2021-09-06 00:48:00.086] 收到心跳
[2021-09-06 00:48:00.086] 收到心跳
[2021-09-06 00:48:30.096] 发送心跳
[2021-09-06 00:48:30.097] 收到心跳
[2021-09-06 00:48:30.097] 收到心跳
[2021-09-06 00:49:00.107] 发送心跳
[2021-09-06 00:49:00.107] 收到心跳
[2021-09-06 00:49:00.107] 收到心跳
[2021-09-06 00:49:30.109] 发送心跳
[2021-09-06 00:49:30.110] 收到心跳
[2021-09-06 00:50:00.114] 发送心跳
[2021-09-06 00:50:00.115] 收到心跳
[2021-09-06 00:50:30.127] 发送心跳
[2021-09-06 00:50:30.128] 收到心跳
[2021-09-06 00:50:30.128] 收到心跳
[2021-09-06 00:51:00.136] 发送心跳
[2021-09-06 00:51:00.138] 收到心跳
[2021-09-06 00:51:30.149] 发送心跳
[2021-09-06 00:51:30.150] 收到心跳
[2021-09-06 00:52:00.155] 发送心跳
[2021-09-06 00:52:00.156] 收到心跳
[2021-09-06 00:52:00.156] 收到心跳
[2021-09-06 00:52:30.167] 发送心跳
[2021-09-06 00:52:30.169] 收到心跳
[2021-09-06 00:52:30.169] 收到心跳
[2021-09-06 00:53:00.168] 发送心跳
[2021-09-06 00:53:00.169] 收到心跳
[2021-09-06 00:53:30.172] 发送心跳
[2021-09-06 00:53:30.173] 收到心跳
[2021-09-06 00:54:01.011] 发送心跳
[2021-09-06 00:54:01.012] 收到心跳
[2021-09-06 00:54:01.012] 收到心跳
[2021-09-06 00:54:22.036] app started, pid is: 16716
[2021-09-06 00:54:22.709] listener started, pid is 18912, url is ws://localhost:56789/
[2021-09-06 00:54:22.748] 后台websocket服务已连接：ws://localhost:56789/
[2021-09-06 00:54:27.763] 发送心跳
[2021-09-06 00:54:27.767] 收到心跳
[2021-09-06 00:54:57.776] 发送心跳
[2021-09-06 00:54:57.776] 收到心跳
[2021-09-06 00:54:57.776] 收到心跳
[2021-09-06 00:55:27.784] 发送心跳
[2021-09-06 00:55:27.784] 收到心跳
[2021-09-06 00:55:27.784] 收到心跳
[2021-09-06 00:55:57.793] 发送心跳
[2021-09-06 00:55:57.794] 收到心跳
[2021-09-06 00:55:57.794] 收到心跳
[2021-09-06 00:56:27.802] 发送心跳
[2021-09-06 00:56:27.803] 收到心跳
[2021-09-06 00:56:27.803] 收到心跳
[2021-09-06 00:56:57.809] 发送心跳
[2021-09-06 00:56:57.809] 收到心跳
[2021-09-06 00:56:57.810] 收到心跳
[2021-09-06 00:57:27.824] 发送心跳
[2021-09-06 00:57:27.825] 收到心跳
[2021-09-06 00:57:27.825] 收到心跳
[2021-09-06 00:57:57.836] 发送心跳
[2021-09-06 00:57:57.837] 收到心跳
[2021-09-06 00:57:57.837] 收到心跳
[2021-09-06 00:58:27.851] 发送心跳
[2021-09-06 00:58:27.852] 收到心跳
[2021-09-06 00:58:27.852] 收到心跳
[2021-09-06 00:58:57.857] 发送心跳
[2021-09-06 00:58:57.858] 收到心跳
[2021-09-06 00:58:57.858] 收到心跳
[2021-09-06 00:59:27.873] 发送心跳
[2021-09-06 00:59:27.873] 收到心跳
[2021-09-06 00:59:27.873] 收到心跳
[2021-09-06 00:59:57.874] 发送心跳
[2021-09-06 00:59:57.874] 收到心跳
[2021-09-06 00:59:57.874] 收到心跳
[2021-09-06 01:00:27.875] 发送心跳
[2021-09-06 01:00:27.875] 收到心跳
[2021-09-06 01:00:27.876] 收到心跳
[2021-09-06 01:00:57.884] 发送心跳
[2021-09-06 01:00:57.885] 收到心跳
[2021-09-06 01:01:27.890] 发送心跳
[2021-09-06 01:01:27.891] 收到心跳
[2021-09-06 01:01:57.893] 发送心跳
[2021-09-06 01:01:57.894] 收到心跳
[2021-09-06 01:05:12.735] app started, pid is: 5204
[2021-09-06 01:05:13.393] listener started, pid is 6148, url is ws://localhost:56789/
[2021-09-06 01:05:13.430] 后台websocket服务已连接：ws://localhost:56789/
[2021-09-06 01:05:18.434] 发送心跳
[2021-09-06 01:05:18.437] 收到心跳
[2021-09-06 01:05:48.436] 发送心跳
[2021-09-06 01:05:48.436] 收到心跳
[2021-09-06 01:06:18.447] 发送心跳
[2021-09-06 01:06:18.448] 收到心跳
[2021-09-06 01:06:18.448] 收到心跳
[2021-09-06 01:06:48.452] 发送心跳
[2021-09-06 01:06:48.452] 收到心跳
[2021-09-06 01:06:48.453] 收到心跳
[2021-09-06 01:34:12.159] app started, pid is: 8824
[2021-09-06 01:34:12.998] listener started, pid is 11548, url is ws://localhost:56789/
[2021-09-06 01:34:13.039] 后台websocket服务已连接：ws://localhost:56789/
[2021-09-06 01:34:18.049] 发送心跳
[2021-09-06 01:34:18.052] 收到心跳
[2021-09-06 01:34:48.061] 发送心跳
[2021-09-06 01:34:48.063] 收到心跳
[2021-09-06 01:34:48.063] 收到心跳
[2021-09-06 01:35:18.070] 发送心跳
[2021-09-06 01:35:18.070] 收到心跳
[2021-09-06 01:35:18.071] 收到心跳
[2021-09-06 01:35:48.079] 发送心跳
[2021-09-06 01:35:48.080] 收到心跳
[2021-09-06 01:35:48.080] 收到心跳
[2021-09-06 01:36:18.094] 发送心跳
[2021-09-06 01:36:18.094] 收到心跳
[2021-09-06 01:36:18.095] 收到心跳
[2021-09-06 01:36:48.106] 发送心跳
[2021-09-06 01:36:48.107] 收到心跳
[2021-09-06 01:36:48.107] 收到心跳
[2021-09-06 01:37:18.108] 发送心跳
[2021-09-06 01:37:18.108] 收到心跳
[2021-09-06 01:37:18.109] 收到心跳
[2021-09-06 01:37:48.124] 发送心跳
[2021-09-06 01:37:48.124] 收到心跳
[2021-09-06 01:37:48.124] 收到心跳
[2021-09-06 01:38:18.125] 发送心跳
[2021-09-06 01:38:18.126] 收到心跳
[2021-09-06 01:38:18.126] 收到心跳
[2021-09-06 01:38:48.135] 发送心跳
[2021-09-06 01:38:48.136] 收到心跳
[2021-09-06 01:38:48.136] 收到心跳
[2021-09-06 01:39:18.143] 发送心跳
[2021-09-06 01:39:18.144] 收到心跳
[2021-09-06 01:39:48.145] 发送心跳
[2021-09-06 01:39:48.146] 收到心跳
[2021-09-06 01:40:18.149] 发送心跳
[2021-09-06 01:40:18.149] 收到心跳
[2021-09-06 01:40:18.149] 收到心跳
[2021-09-06 01:40:48.149] 发送心跳
[2021-09-06 01:40:48.149] 收到心跳
[2021-09-06 01:41:18.150] 发送心跳
[2021-09-06 01:41:18.152] 收到心跳
