[2021-12-11 23:24:32.086] app started, pid is: 25936
[2021-12-11 23:24:32.839] listener started, pid is 26088, url is ws://localhost:56790/
[2021-12-11 23:24:32.893] 后台websocket服务已连接：ws://localhost:56790/
[2021-12-11 23:24:37.909] 发送心跳
[2021-12-11 23:24:37.919] 收到心跳
[2021-12-11 23:25:07.929] 发送心跳
[2021-12-11 23:25:07.930] 收到心跳
[2021-12-11 23:25:07.930] 收到心跳
[2021-12-11 23:25:37.942] 发送心跳
[2021-12-11 23:25:37.943] 收到心跳
[2021-12-11 23:25:37.943] 收到心跳
[2021-12-11 23:26:07.957] 发送心跳
[2021-12-11 23:26:07.957] 收到心跳
[2021-12-11 23:26:07.958] 收到心跳
[2021-12-11 23:26:37.972] 发送心跳
[2021-12-11 23:26:37.972] 收到心跳
[2021-12-11 23:26:37.972] 收到心跳
[2021-12-11 23:27:07.974] 发送心跳
[2021-12-11 23:27:07.975] 收到心跳
[2021-12-11 23:27:07.975] 收到心跳
[2021-12-11 23:27:37.976] 发送心跳
[2021-12-11 23:27:37.977] 收到心跳
[2021-12-11 23:27:37.979] 收到心跳
[2021-12-11 23:28:07.985] 发送心跳
[2021-12-11 23:28:07.986] 收到心跳
[2021-12-11 23:28:07.986] 收到心跳
[2021-12-11 23:28:37.986] 发送心跳
[2021-12-11 23:28:37.987] 收到心跳
[2021-12-11 23:29:08.001] 发送心跳
[2021-12-11 23:29:08.001] 收到心跳
[2021-12-11 23:29:08.001] 收到心跳
[2021-12-11 23:29:38.011] 发送心跳
[2021-12-11 23:29:38.012] 收到心跳
[2021-12-11 23:29:38.013] 收到心跳
[2021-12-11 23:30:08.026] 发送心跳
[2021-12-11 23:30:08.026] 收到心跳
[2021-12-11 23:30:08.027] 收到心跳
[2021-12-11 23:30:38.026] 发送心跳
[2021-12-11 23:30:38.033] 收到心跳
[2021-12-11 23:31:08.035] 发送心跳
[2021-12-11 23:31:08.035] 收到心跳
[2021-12-11 23:31:08.035] 收到心跳
[2021-12-11 23:31:38.049] 发送心跳
[2021-12-11 23:31:38.050] 收到心跳
[2021-12-11 23:31:38.050] 收到心跳
[2021-12-11 23:32:08.051] 发送心跳
[2021-12-11 23:32:08.052] 收到心跳
[2021-12-11 23:32:08.052] 收到心跳
[2021-12-11 23:32:38.054] 发送心跳
[2021-12-11 23:32:38.055] 收到心跳
[2021-12-11 23:32:38.055] 收到心跳
[2021-12-11 23:33:08.057] 发送心跳
[2021-12-11 23:33:08.057] 收到心跳
[2021-12-11 23:33:08.057] 收到心跳
[2021-12-11 23:33:38.066] 发送心跳
[2021-12-11 23:33:38.067] 收到心跳
[2021-12-11 23:33:38.067] 收到心跳
[2021-12-11 23:34:08.075] 发送心跳
[2021-12-11 23:34:08.076] 收到心跳
[2021-12-11 23:34:08.076] 收到心跳
[2021-12-11 23:34:38.086] 发送心跳
[2021-12-11 23:34:38.087] 收到心跳
[2021-12-11 23:34:38.087] 收到心跳
[2021-12-11 23:35:08.088] 发送心跳
[2021-12-11 23:35:08.089] 收到心跳
[2021-12-11 23:35:08.089] 收到心跳
[2021-12-11 23:35:38.096] 收到心跳
[2021-12-11 23:35:38.096] 收到心跳
[2021-12-11 23:35:38.096] 发送心跳
[2021-12-11 23:36:08.097] 发送心跳
[2021-12-11 23:36:08.097] 收到心跳
[2021-12-11 23:36:08.097] 收到心跳
[2021-12-11 23:36:38.112] 发送心跳
[2021-12-11 23:36:38.113] 收到心跳
[2021-12-11 23:36:38.113] 收到心跳
[2021-12-11 23:37:08.113] 发送心跳
[2021-12-11 23:37:08.113] 收到心跳
[2021-12-11 23:37:08.113] 收到心跳
[2021-12-11 23:37:38.118] 发送心跳
[2021-12-11 23:37:38.118] 收到心跳
[2021-12-11 23:37:38.118] 收到心跳
[2021-12-11 23:38:08.129] 发送心跳
[2021-12-11 23:38:08.130] 收到心跳
[2021-12-11 23:38:08.130] 收到心跳
[2021-12-11 23:38:38.135] 发送心跳
[2021-12-11 23:38:38.135] 收到心跳
[2021-12-11 23:38:38.136] 收到心跳
[2021-12-11 23:39:08.148] 发送心跳
[2021-12-11 23:39:08.149] 收到心跳
[2021-12-11 23:39:08.149] 收到心跳
[2021-12-11 23:39:38.163] 发送心跳
[2021-12-11 23:39:38.164] 收到心跳
[2021-12-11 23:39:38.164] 收到心跳
[2021-12-11 23:40:08.178] 发送心跳
[2021-12-11 23:40:08.178] 收到心跳
[2021-12-11 23:40:08.178] 收到心跳
[2021-12-11 23:40:38.180] 发送心跳
[2021-12-11 23:40:38.181] 收到心跳
[2021-12-11 23:40:38.181] 收到心跳
[2021-12-11 23:41:08.182] 收到心跳
[2021-12-11 23:41:08.182] 发送心跳
[2021-12-11 23:41:08.182] 收到心跳
[2021-12-11 23:41:38.184] 发送心跳
[2021-12-11 23:41:38.185] 收到心跳
[2021-12-11 23:41:38.185] 收到心跳
[2021-12-11 23:42:08.193] 发送心跳
[2021-12-11 23:42:08.193] 收到心跳
[2021-12-11 23:42:08.193] 收到心跳
[2021-12-11 23:42:38.194] 发送心跳
[2021-12-11 23:42:38.194] 收到心跳
[2021-12-11 23:42:38.194] 收到心跳
[2021-12-11 23:43:08.202] 发送心跳
[2021-12-11 23:43:08.202] 收到心跳
[2021-12-11 23:43:08.202] 收到心跳
[2021-12-11 23:43:38.214] 发送心跳
[2021-12-11 23:43:38.215] 收到心跳
[2021-12-11 23:43:38.215] 收到心跳
[2021-12-11 23:44:08.220] 发送心跳
[2021-12-11 23:44:08.221] 收到心跳
[2021-12-11 23:44:08.221] 收到心跳
[2021-12-11 23:44:38.224] 发送心跳
[2021-12-11 23:44:38.225] 收到心跳
[2021-12-11 23:44:38.225] 收到心跳
[2021-12-11 23:45:08.240] 发送心跳
[2021-12-11 23:45:08.240] 收到心跳
[2021-12-11 23:45:08.240] 收到心跳
[2021-12-11 23:45:38.254] 发送心跳
[2021-12-11 23:45:38.254] 收到心跳
[2021-12-11 23:45:38.255] 收到心跳
[2021-12-11 23:46:08.269] 发送心跳
[2021-12-11 23:46:08.269] 收到心跳
[2021-12-11 23:46:08.270] 收到心跳
[2021-12-11 23:46:38.275] 发送心跳
[2021-12-11 23:46:38.275] 收到心跳
[2021-12-11 23:46:38.275] 收到心跳
[2021-12-11 23:47:08.285] 发送心跳
[2021-12-11 23:47:08.286] 收到心跳
[2021-12-11 23:47:08.286] 收到心跳
[2021-12-11 23:47:38.286] 收到心跳
[2021-12-11 23:47:38.286] 发送心跳
[2021-12-11 23:47:38.286] 收到心跳
[2021-12-11 23:48:08.290] 发送心跳
[2021-12-11 23:48:08.290] 收到心跳
[2021-12-11 23:48:08.290] 收到心跳
[2021-12-11 23:48:38.304] 发送心跳
[2021-12-11 23:48:38.305] 收到心跳
[2021-12-11 23:48:38.305] 收到心跳
[2021-12-11 23:49:08.304] 发送心跳
[2021-12-11 23:49:08.305] 收到心跳
[2021-12-11 23:49:38.305] 发送心跳
[2021-12-11 23:49:38.306] 收到心跳
[2021-12-11 23:50:08.306] 发送心跳
[2021-12-11 23:50:08.307] 收到心跳
[2021-12-11 23:50:08.307] 收到心跳
[2021-12-11 23:50:38.318] 发送心跳
[2021-12-11 23:50:38.318] 收到心跳
[2021-12-11 23:50:38.319] 收到心跳
[2021-12-11 23:51:08.322] 发送心跳
[2021-12-11 23:51:08.323] 收到心跳
[2021-12-11 23:51:08.323] 收到心跳
[2021-12-11 23:51:38.333] 发送心跳
[2021-12-11 23:51:38.334] 收到心跳
[2021-12-11 23:51:38.334] 收到心跳
[2021-12-11 23:52:08.345] 发送心跳
[2021-12-11 23:52:08.345] 收到心跳
[2021-12-11 23:52:08.346] 收到心跳
[2021-12-11 23:52:38.359] 发送心跳
[2021-12-11 23:52:38.360] 收到心跳
[2021-12-11 23:52:38.360] 收到心跳
[2021-12-11 23:53:08.367] 收到心跳
[2021-12-11 23:53:08.367] 发送心跳
[2021-12-11 23:53:08.367] 收到心跳
[2021-12-11 23:53:38.371] 发送心跳
[2021-12-11 23:53:38.372] 收到心跳
[2021-12-11 23:53:38.371] 收到心跳
[2021-12-11 23:54:08.380] 发送心跳
[2021-12-11 23:54:08.381] 收到心跳
[2021-12-11 23:54:08.381] 收到心跳
[2021-12-11 23:54:38.385] 发送心跳
[2021-12-11 23:54:38.386] 收到心跳
[2021-12-11 23:54:38.386] 收到心跳
[2021-12-11 23:59:54.649] app started, pid is: 12148
[2021-12-11 23:59:55.413] listener started, pid is 18296, url is ws://localhost:56790/
[2021-12-11 23:59:55.458] 后台websocket服务已连接：ws://localhost:56790/
