[2021-09-04 01:08:50.666] app started, pid is: 12628
[2021-09-04 01:08:53.960] listener started, pid is 16052, url is ws://localhost:56789/
[2021-09-04 01:08:53.999] 后台websocket服务已连接：ws://localhost:56789/
[2021-09-04 15:42:35.414] app started, pid is: 16180
[2021-09-04 15:42:38.886] listener started, pid is 5396, url is ws://localhost:56790/
[2021-09-04 15:42:38.966] 后台websocket服务已连接：ws://localhost:56790/
[2021-09-04 15:42:43.978] 发送心跳
[2021-09-04 15:42:44.034] 收到心跳
[2021-09-04 15:43:13.979] 发送心跳
[2021-09-04 15:43:13.981] 收到心跳
[2021-09-04 15:43:43.980] 发送心跳
[2021-09-04 15:43:43.982] 收到心跳
[2021-09-04 15:44:13.982] 发送心跳
[2021-09-04 15:44:13.983] 收到心跳
[2021-09-04 15:44:43.983] 发送心跳
[2021-09-04 15:44:43.984] 收到心跳
[2021-09-04 15:45:13.985] 发送心跳
[2021-09-04 15:45:13.987] 收到心跳
[2021-09-04 15:45:43.987] 发送心跳
[2021-09-04 15:45:43.987] 收到心跳
[2021-09-04 15:46:13.987] 发送心跳
[2021-09-04 15:46:13.990] 收到心跳
[2021-09-04 15:46:43.988] 发送心跳
[2021-09-04 15:46:43.989] 收到心跳
[2021-09-04 15:47:13.988] 发送心跳
[2021-09-04 15:47:13.990] 收到心跳
[2021-09-04 15:47:43.989] 发送心跳
[2021-09-04 15:47:43.991] 收到心跳
[2021-09-04 15:48:13.990] 发送心跳
[2021-09-04 15:48:13.991] 收到心跳
[2021-09-04 15:48:13.991] 收到心跳
[2021-09-04 15:48:43.991] 发送心跳
[2021-09-04 15:48:43.992] 收到心跳
[2021-09-04 15:49:14.013] 发送心跳
[2021-09-04 15:49:14.014] 收到心跳
[2021-09-04 15:49:14.014] 收到心跳
[2021-09-04 15:49:44.015] 发送心跳
[2021-09-04 15:49:44.016] 收到心跳
[2021-09-04 15:50:14.015] 发送心跳
[2021-09-04 15:50:14.016] 收到心跳
[2021-09-04 15:50:44.016] 发送心跳
[2021-09-04 15:50:44.017] 收到心跳
[2021-09-04 15:51:14.016] 发送心跳
[2021-09-04 15:51:14.017] 收到心跳
[2021-09-04 15:51:44.017] 发送心跳
[2021-09-04 15:51:44.018] 收到心跳
[2021-09-04 15:52:14.018] 发送心跳
[2021-09-04 15:52:14.019] 收到心跳
[2021-09-04 15:52:44.019] 发送心跳
[2021-09-04 15:52:44.020] 收到心跳
[2021-09-04 15:53:14.019] 发送心跳
[2021-09-04 15:53:14.020] 收到心跳
[2021-09-04 15:53:44.020] 发送心跳
[2021-09-04 15:53:44.021] 收到心跳
[2021-09-04 15:54:14.022] 发送心跳
[2021-09-04 15:54:14.023] 收到心跳
[2021-09-04 15:54:14.023] 收到心跳
[2021-09-04 15:54:44.022] 发送心跳
[2021-09-04 15:54:44.023] 收到心跳
[2021-09-04 15:54:44.023] 收到心跳
[2021-09-04 15:55:14.023] 发送心跳
[2021-09-04 15:55:14.024] 收到心跳
[2021-09-04 15:55:14.024] 收到心跳
[2021-09-04 15:55:44.025] 发送心跳
[2021-09-04 15:55:44.025] 收到心跳
[2021-09-04 15:55:44.026] 收到心跳
[2021-09-04 15:56:14.026] 发送心跳
[2021-09-04 15:56:14.026] 收到心跳
[2021-09-04 15:56:14.027] 收到心跳
[2021-09-04 15:56:44.026] 发送心跳
[2021-09-04 15:56:44.027] 收到心跳
[2021-09-04 15:57:14.026] 发送心跳
[2021-09-04 15:57:14.027] 收到心跳
[2021-09-04 15:57:14.027] 收到心跳
[2021-09-04 15:57:44.027] 发送心跳
[2021-09-04 15:57:44.028] 收到心跳
[2021-09-04 15:58:14.029] 发送心跳
[2021-09-04 15:58:14.030] 收到心跳
[2021-09-04 15:58:14.030] 收到心跳
[2021-09-04 15:58:44.030] 发送心跳
[2021-09-04 15:58:44.030] 收到心跳
[2021-09-04 15:58:44.031] 收到心跳
[2021-09-04 15:59:14.031] 发送心跳
[2021-09-04 15:59:14.032] 收到心跳
[2021-09-04 15:59:44.031] 发送心跳
[2021-09-04 15:59:44.032] 收到心跳
[2021-09-04 15:59:44.032] 收到心跳
[2021-09-04 16:00:14.032] 发送心跳
[2021-09-04 16:00:14.032] 收到心跳
[2021-09-04 16:00:14.033] 收到心跳
[2021-09-04 16:00:44.034] 发送心跳
[2021-09-04 16:00:44.035] 收到心跳
[2021-09-04 16:00:44.035] 收到心跳
[2021-09-04 16:01:14.035] 发送心跳
[2021-09-04 16:01:14.036] 收到心跳
[2021-09-04 16:01:14.036] 收到心跳
[2021-09-04 16:01:44.036] 发送心跳
[2021-09-04 16:01:44.036] 收到心跳
[2021-09-04 16:01:44.037] 收到心跳
[2021-09-04 16:02:14.038] 发送心跳
[2021-09-04 16:02:14.038] 收到心跳
[2021-09-04 16:02:14.039] 收到心跳
[2021-09-04 16:02:44.039] 发送心跳
[2021-09-04 16:02:44.040] 收到心跳
[2021-09-04 16:02:44.040] 收到心跳
[2021-09-04 16:03:14.040] 发送心跳
[2021-09-04 16:03:14.040] 收到心跳
[2021-09-04 16:03:14.041] 收到心跳
[2021-09-04 16:03:44.040] 发送心跳
[2021-09-04 16:03:44.041] 收到心跳
[2021-09-04 16:04:14.041] 发送心跳
[2021-09-04 16:04:14.042] 收到心跳
[2021-09-04 16:04:14.042] 收到心跳
[2021-09-04 16:04:44.041] 发送心跳
[2021-09-04 16:04:44.043] 收到心跳
[2021-09-04 16:05:14.042] 发送心跳
[2021-09-04 16:05:14.043] 收到心跳
[2021-09-04 16:05:14.043] 收到心跳
[2021-09-04 16:05:44.045] 发送心跳
[2021-09-04 16:05:44.045] 收到心跳
[2021-09-04 16:05:44.045] 收到心跳
[2021-09-04 16:06:14.045] 发送心跳
[2021-09-04 16:06:14.045] 收到心跳
[2021-09-04 16:06:14.046] 收到心跳
[2021-09-04 16:06:44.046] 发送心跳
[2021-09-04 16:06:44.046] 收到心跳
[2021-09-04 16:07:14.046] 发送心跳
[2021-09-04 16:07:14.046] 收到心跳
[2021-09-04 16:07:44.046] 发送心跳
[2021-09-04 16:07:44.047] 收到心跳
[2021-09-04 16:07:44.047] 收到心跳
[2021-09-04 16:08:14.048] 发送心跳
[2021-09-04 16:08:14.049] 收到心跳
[2021-09-04 16:08:14.049] 收到心跳
[2021-09-04 16:08:44.051] 发送心跳
[2021-09-04 16:08:44.051] 收到心跳
[2021-09-04 16:08:44.051] 收到心跳
[2021-09-04 16:09:14.051] 发送心跳
[2021-09-04 16:09:14.052] 收到心跳
[2021-09-04 16:09:14.052] 收到心跳
[2021-09-04 16:09:44.053] 发送心跳
[2021-09-04 16:09:44.053] 收到心跳
[2021-09-04 16:09:44.053] 收到心跳
[2021-09-04 16:10:14.055] 发送心跳
[2021-09-04 16:10:14.055] 收到心跳
[2021-09-04 16:10:44.055] 发送心跳
[2021-09-04 16:10:44.056] 收到心跳
[2021-09-04 16:11:14.055] 发送心跳
[2021-09-04 16:11:14.056] 收到心跳
[2021-09-04 16:11:14.056] 收到心跳
[2021-09-04 16:11:44.056] 发送心跳
[2021-09-04 16:11:44.057] 收到心跳
[2021-09-04 16:12:14.057] 发送心跳
[2021-09-04 16:12:14.060] 收到心跳
[2021-09-04 16:12:14.060] 收到心跳
[2021-09-04 16:12:44.057] 发送心跳
[2021-09-04 16:12:44.060] 收到心跳
[2021-09-04 16:13:14.059] 发送心跳
[2021-09-04 16:13:14.060] 收到心跳
[2021-09-04 16:13:44.059] 发送心跳
[2021-09-04 16:13:44.059] 收到心跳
[2021-09-04 16:13:44.060] 收到心跳
[2021-09-04 16:14:14.059] 发送心跳
[2021-09-04 16:14:14.060] 收到心跳
[2021-09-04 16:14:44.060] 发送心跳
[2021-09-04 16:14:44.060] 收到心跳
[2021-09-04 16:14:44.061] 收到心跳
[2021-09-04 16:15:14.060] 发送心跳
[2021-09-04 16:15:14.061] 收到心跳
[2021-09-04 16:15:44.062] 发送心跳
[2021-09-04 16:15:44.063] 收到心跳
[2021-09-04 16:16:14.062] 发送心跳
[2021-09-04 16:16:14.064] 收到心跳
[2021-09-04 16:16:44.064] 发送心跳
[2021-09-04 16:16:44.066] 收到心跳
[2021-09-04 16:17:14.065] 发送心跳
[2021-09-04 16:17:14.066] 收到心跳
[2021-09-04 16:17:44.066] 发送心跳
[2021-09-04 16:17:44.067] 收到心跳
[2021-09-04 16:18:14.066] 发送心跳
[2021-09-04 16:18:14.067] 收到心跳
[2021-09-04 16:18:44.067] 发送心跳
[2021-09-04 16:18:44.068] 收到心跳
[2021-09-04 16:19:14.068] 发送心跳
[2021-09-04 16:19:14.068] 收到心跳
[2021-09-04 16:19:44.069] 发送心跳
[2021-09-04 16:19:44.071] 收到心跳
[2021-09-04 16:20:14.071] 发送心跳
[2021-09-04 16:20:14.071] 收到心跳
[2021-09-04 16:20:14.072] 收到心跳
[2021-09-04 16:20:44.071] 发送心跳
[2021-09-04 16:20:44.072] 收到心跳
[2021-09-04 16:21:14.072] 发送心跳
[2021-09-04 16:21:14.073] 收到心跳
[2021-09-04 16:21:14.073] 收到心跳
[2021-09-04 16:21:44.073] 发送心跳
[2021-09-04 16:21:44.074] 收到心跳
[2021-09-04 16:21:44.074] 收到心跳
[2021-09-04 16:22:14.074] 发送心跳
[2021-09-04 16:22:14.075] 收到心跳
[2021-09-04 16:22:44.074] 发送心跳
[2021-09-04 16:22:44.074] 收到心跳
[2021-09-04 16:23:14.074] 发送心跳
[2021-09-04 16:23:14.075] 收到心跳
[2021-09-04 16:23:14.075] 收到心跳
[2021-09-04 16:23:44.077] 发送心跳
[2021-09-04 16:23:44.078] 收到心跳
[2021-09-04 16:23:44.079] 收到心跳
[2021-09-04 16:24:14.078] 发送心跳
[2021-09-04 16:24:14.078] 收到心跳
[2021-09-04 16:24:44.079] 发送心跳
[2021-09-04 16:24:44.080] 收到心跳
[2021-09-04 16:25:14.080] 发送心跳
[2021-09-04 16:25:14.081] 收到心跳
[2021-09-04 16:25:44.081] 发送心跳
[2021-09-04 16:25:44.082] 收到心跳
[2021-09-04 16:26:14.082] 发送心跳
[2021-09-04 16:26:14.083] 收到心跳
[2021-09-04 16:26:44.082] 发送心跳
[2021-09-04 16:26:44.083] 收到心跳
[2021-09-04 16:27:14.083] 发送心跳
[2021-09-04 16:27:14.084] 收到心跳
[2021-09-04 16:27:44.084] 发送心跳
[2021-09-04 16:27:44.085] 收到心跳
[2021-09-04 16:28:14.085] 发送心跳
[2021-09-04 16:28:14.085] 收到心跳
[2021-09-04 16:28:44.085] 发送心跳
[2021-09-04 16:28:44.086] 收到心跳
[2021-09-04 16:29:14.085] 发送心跳
[2021-09-04 16:29:14.086] 收到心跳
[2021-09-04 16:29:44.085] 发送心跳
[2021-09-04 16:29:44.086] 收到心跳
[2021-09-04 16:29:44.086] 收到心跳
[2021-09-04 16:30:14.086] 发送心跳
[2021-09-04 16:30:14.086] 收到心跳
[2021-09-04 16:30:44.086] 发送心跳
[2021-09-04 16:30:44.087] 收到心跳
[2021-09-04 16:31:14.088] 发送心跳
[2021-09-04 16:31:14.089] 收到心跳
[2021-09-04 16:31:44.089] 发送心跳
[2021-09-04 16:31:44.090] 收到心跳
[2021-09-04 16:32:14.090] 发送心跳
[2021-09-04 16:32:14.091] 收到心跳
[2021-09-04 16:32:44.090] 发送心跳
[2021-09-04 16:32:44.091] 收到心跳
[2021-09-04 16:33:14.091] 发送心跳
[2021-09-04 16:33:14.092] 收到心跳
[2021-09-04 16:33:44.092] 发送心跳
[2021-09-04 16:33:44.093] 收到心跳
[2021-09-04 16:34:14.092] 发送心跳
[2021-09-04 16:34:14.093] 收到心跳
[2021-09-04 16:34:44.093] 发送心跳
[2021-09-04 16:34:44.093] 收到心跳
[2021-09-04 16:35:14.093] 发送心跳
[2021-09-04 16:35:14.094] 收到心跳
[2021-09-04 16:35:44.094] 发送心跳
[2021-09-04 16:35:44.095] 收到心跳
[2021-09-04 16:36:14.096] 发送心跳
[2021-09-04 16:36:14.097] 收到心跳
[2021-09-04 16:36:44.097] 发送心跳
[2021-09-04 16:36:44.098] 收到心跳
