[2021-12-18 00:59:08.526] app started, pid is: 15072
[2021-12-18 00:59:09.392] listener started, pid is 17080, url is ws://localhost:56790/
[2021-12-18 00:59:09.444] 后台websocket服务已连接：ws://localhost:56790/
[2021-12-18 00:59:14.453] 发送心跳
[2021-12-18 00:59:14.461] 收到心跳
[2021-12-18 00:59:44.462] 发送心跳
[2021-12-18 00:59:44.463] 收到心跳
[2021-12-18 01:00:14.473] 发送心跳
[2021-12-18 01:00:14.474] 收到心跳
[2021-12-18 01:00:14.474] 收到心跳
[2021-12-18 01:00:44.479] 发送心跳
[2021-12-18 01:00:44.480] 收到心跳
[2021-12-18 01:00:44.480] 收到心跳
[2021-12-18 01:01:14.484] 发送心跳
[2021-12-18 01:01:14.485] 收到心跳
[2021-12-18 01:01:14.485] 收到心跳
[2021-12-18 01:01:44.486] 发送心跳
[2021-12-18 01:01:44.486] 收到心跳
[2021-12-18 01:01:44.487] 收到心跳
[2021-12-18 01:02:14.488] 发送心跳
[2021-12-18 01:02:14.489] 收到心跳
[2021-12-18 01:02:14.489] 收到心跳
[2021-12-18 01:02:44.490] 发送心跳
[2021-12-18 01:02:44.491] 收到心跳
[2021-12-18 01:02:44.491] 收到心跳
[2021-12-18 01:03:14.494] 发送心跳
[2021-12-18 01:03:14.494] 收到心跳
[2021-12-18 01:03:14.494] 收到心跳
[2021-12-18 01:03:44.499] 发送心跳
[2021-12-18 01:03:44.499] 收到心跳
[2021-12-18 01:03:44.499] 收到心跳
[2021-12-18 01:04:14.500] 发送心跳
[2021-12-18 01:04:14.501] 收到心跳
[2021-12-18 01:04:14.501] 收到心跳
[2021-12-18 01:04:44.505] 发送心跳
[2021-12-18 01:04:44.506] 收到心跳
[2021-12-18 01:04:44.506] 收到心跳
[2021-12-18 01:05:14.516] 发送心跳
[2021-12-18 01:05:14.523] 收到心跳
[2021-12-18 01:05:14.523] 收到心跳
