[2021-09-05 16:59:18.395] app started, pid is: 14440
[2021-09-05 16:59:54.304] app started, pid is: 18872
[2021-09-05 17:01:32.409] app started, pid is: 18704
[2021-09-05 17:02:33.996] app started, pid is: 20448
[2021-09-05 17:03:19.317] app started, pid is: 15276
[2021-09-05 17:03:56.571] app started, pid is: 20124
[2021-09-05 17:04:30.504] app started, pid is: 19952
[2021-09-05 17:05:58.620] app started, pid is: 18628
[2021-09-05 17:05:59.634] listener started, pid is 13120, url is ws://localhost:56789/
[2021-09-05 17:05:59.681] 后台websocket服务已连接：ws://localhost:56789/
[2021-09-05 17:06:04.683] 发送心跳
[2021-09-05 17:06:04.686] 收到心跳
[2021-09-05 17:14:01.308] app started, pid is: 1384
[2021-09-05 17:14:02.509] listener started, pid is 7080, url is ws://localhost:56789/
[2021-09-05 17:14:02.558] 后台websocket服务已连接：ws://localhost:56789/
[2021-09-05 17:14:57.458] app started, pid is: 15380
[2021-09-05 17:14:58.411] listener started, pid is 15860, url is ws://localhost:56789/
[2021-09-05 17:14:58.456] 后台websocket服务已连接：ws://localhost:56789/
[2021-09-05 17:15:03.456] 发送心跳
[2021-09-05 17:15:03.459] 收到心跳
[2021-09-05 17:20:03.674] app started, pid is: 16304
[2021-09-05 17:20:04.432] listener started, pid is 19328, url is ws://localhost:56789/
[2021-09-05 17:20:04.488] 后台websocket服务已连接：ws://localhost:56789/
[2021-09-05 17:20:49.829] app started, pid is: 12832
[2021-09-05 17:20:50.568] listener started, pid is 19000, url is ws://localhost:56789/
[2021-09-05 17:20:50.627] 后台websocket服务已连接：ws://localhost:56789/
[2021-09-05 17:25:10.841] app started, pid is: 14972
[2021-09-05 17:25:11.538] listener started, pid is 15704, url is ws://localhost:56789/
[2021-09-05 17:25:11.598] 后台websocket服务已连接：ws://localhost:56789/
[2021-09-05 17:28:58.056] app started, pid is: 6988
[2021-09-05 17:28:58.803] listener started, pid is 12156, url is ws://localhost:56789/
[2021-09-05 17:28:58.865] 后台websocket服务已连接：ws://localhost:56789/
[2021-09-05 17:29:59.167] app started, pid is: 14888
[2021-09-05 17:29:59.852] listener started, pid is 13524, url is ws://localhost:56789/
[2021-09-05 17:29:59.909] 后台websocket服务已连接：ws://localhost:56789/
