[2022-02-19 00:35:15.175] app started, pid is: 25424
[2022-02-19 00:35:15.908] listener started, pid is 25244, url is ws://localhost:56790/
[2022-02-19 00:35:15.970] 后台websocket服务已连接：ws://localhost:56790/
[2022-02-19 00:35:20.976] 发送心跳
[2022-02-19 00:35:20.984] 收到心跳
[2022-02-19 00:35:50.996] 发送心跳
[2022-02-19 00:35:50.997] 收到心跳
[2022-02-19 00:35:50.997] 收到心跳
[2022-02-19 00:38:18.123] app started, pid is: 26008
[2022-02-19 00:38:18.814] listener started, pid is 29568, url is ws://localhost:56790/
[2022-02-19 00:38:18.853] 后台websocket服务已连接：ws://localhost:56790/
[2022-02-19 00:38:23.859] 发送心跳
[2022-02-19 00:38:23.862] 收到心跳
[2022-02-19 00:38:53.866] 发送心跳
[2022-02-19 00:38:53.867] 收到心跳
[2022-02-19 00:38:53.867] 收到心跳
[2022-02-19 00:39:23.880] 发送心跳
[2022-02-19 00:39:23.881] 收到心跳
[2022-02-19 00:39:23.881] 收到心跳
[2022-02-19 00:39:53.885] 发送心跳
[2022-02-19 00:39:53.885] 收到心跳
[2022-02-19 00:39:53.885] 收到心跳
[2022-02-19 00:40:23.893] 发送心跳
[2022-02-19 00:40:23.894] 收到心跳
[2022-02-19 00:40:23.894] 收到心跳
[2022-02-19 00:40:53.903] 发送心跳
[2022-02-19 00:40:53.904] 收到心跳
[2022-02-19 00:40:53.904] 收到心跳
[2022-02-19 00:41:23.919] 发送心跳
[2022-02-19 00:41:23.919] 收到心跳
[2022-02-19 00:41:23.920] 收到心跳
[2022-02-19 00:41:53.923] 发送心跳
[2022-02-19 00:41:53.923] 收到心跳
[2022-02-19 00:41:53.924] 收到心跳
[2022-02-19 00:42:23.926] 发送心跳
[2022-02-19 00:42:23.927] 收到心跳
[2022-02-19 00:42:23.927] 收到心跳
[2022-02-19 00:42:53.936] 发送心跳
[2022-02-19 00:42:53.937] 收到心跳
[2022-02-19 00:42:53.937] 收到心跳
[2022-02-19 00:43:23.938] 发送心跳
[2022-02-19 00:43:23.939] 收到心跳
[2022-02-19 00:43:23.939] 收到心跳
[2022-02-19 00:43:53.952] 发送心跳
[2022-02-19 00:43:53.953] 收到心跳
[2022-02-19 00:43:53.953] 收到心跳
[2022-02-19 00:44:23.957] 发送心跳
[2022-02-19 00:44:23.958] 收到心跳
[2022-02-19 00:44:23.959] 收到心跳
[2022-02-19 00:44:53.967] 发送心跳
[2022-02-19 00:44:53.968] 收到心跳
[2022-02-19 00:44:53.968] 收到心跳
[2022-02-19 00:45:23.973] 发送心跳
[2022-02-19 00:45:23.974] 收到心跳
[2022-02-19 00:45:23.974] 收到心跳
[2022-02-19 00:45:53.978] 发送心跳
[2022-02-19 00:45:53.979] 收到心跳
[2022-02-19 00:45:53.979] 收到心跳
[2022-02-19 00:46:23.980] 发送心跳
[2022-02-19 00:46:23.980] 收到心跳
[2022-02-19 00:46:23.981] 收到心跳
[2022-02-19 00:46:53.990] 发送心跳
[2022-02-19 00:46:53.990] 收到心跳
[2022-02-19 00:46:53.990] 收到心跳
[2022-02-19 00:47:23.996] 收到心跳
[2022-02-19 00:47:23.995] 发送心跳
[2022-02-19 00:47:23.996] 收到心跳
[2022-02-19 00:47:54.007] 发送心跳
[2022-02-19 00:47:54.008] 收到心跳
[2022-02-19 00:47:54.008] 收到心跳
[2022-02-19 00:48:24.009] 发送心跳
[2022-02-19 00:48:24.010] 收到心跳
[2022-02-19 00:48:24.010] 收到心跳
[2022-02-19 00:48:54.023] 发送心跳
[2022-02-19 00:48:54.024] 收到心跳
[2022-02-19 00:48:54.024] 收到心跳
[2022-02-19 00:49:24.035] 发送心跳
[2022-02-19 00:49:24.036] 收到心跳
[2022-02-19 00:49:24.036] 收到心跳
[2022-02-19 00:49:54.041] 发送心跳
[2022-02-19 00:49:54.042] 收到心跳
[2022-02-19 00:49:54.042] 收到心跳
[2022-02-19 00:50:24.043] 发送心跳
[2022-02-19 00:50:24.044] 收到心跳
[2022-02-19 00:50:54.044] 发送心跳
[2022-02-19 00:50:54.045] 收到心跳
[2022-02-19 00:51:24.045] 发送心跳
[2022-02-19 00:51:24.046] 收到心跳
[2022-02-19 00:51:54.055] 发送心跳
[2022-02-19 00:51:54.055] 收到心跳
