[2021-08-24 23:27:05.154] 后台websocket服务已连接：ws://localhost:56789/
[2021-08-24 23:27:10.155] 向服务端发送心跳
[2021-08-24 23:27:10.157] 发心跳
[2021-08-24 23:27:10.165] 从服务端接收到心跳
[2021-08-24 23:27:10.166] 收到心跳
[2021-08-24 23:27:40.158] 向服务端发送心跳
[2021-08-24 23:27:40.160] 发心跳
[2021-08-24 23:27:40.161] 从服务端接收到心跳
[2021-08-24 23:27:40.161] 收到心跳
[2021-08-24 23:32:45.816] 后台websocket服务已连接：ws://localhost:56789/
[2021-08-24 23:32:50.818] 发送心跳
[2021-08-24 23:32:50.823] 收到心跳
[2021-08-24 23:33:20.822] 发送心跳
[2021-08-24 23:33:20.824] 收到心跳
[2021-08-24 23:33:50.823] 发送心跳
[2021-08-24 23:33:50.825] 收到心跳
[2021-08-24 23:34:20.825] 发送心跳
[2021-08-24 23:34:20.922] 收到心跳
[2021-08-24 23:34:20.923] 收到心跳
[2021-08-24 23:34:50.924] 发送心跳
[2021-08-24 23:34:50.926] 收到心跳
[2021-08-24 23:35:20.925] 发送心跳
[2021-08-24 23:35:20.927] 收到心跳
[2021-08-24 23:35:20.927] 收到心跳
[2021-08-24 23:35:50.928] 发送心跳
[2021-08-24 23:35:50.929] 收到心跳
[2021-08-24 23:35:50.930] 收到心跳
[2021-08-24 23:36:20.930] 发送心跳
[2021-08-24 23:36:20.931] 收到心跳
[2021-08-24 23:36:20.932] 收到心跳
[2021-08-24 23:36:50.931] 发送心跳
[2021-08-24 23:36:50.932] 收到心跳
[2021-08-24 23:36:50.933] 收到心跳
[2021-08-24 23:37:20.933] 发送心跳
[2021-08-24 23:37:20.934] 收到心跳
[2021-08-24 23:37:20.935] 收到心跳
[2021-08-24 23:37:50.934] 发送心跳
[2021-08-24 23:37:50.935] 收到心跳
[2021-08-24 23:37:50.936] 收到心跳
[2021-08-24 23:38:20.936] 发送心跳
[2021-08-24 23:38:20.937] 收到心跳
[2021-08-24 23:38:20.938] 收到心跳
[2021-08-24 23:38:50.938] 发送心跳
[2021-08-24 23:38:50.939] 收到心跳
[2021-08-24 23:38:50.940] 收到心跳
[2021-08-24 23:39:20.940] 发送心跳
[2021-08-24 23:39:20.941] 收到心跳
[2021-08-24 23:39:20.941] 收到心跳
[2021-08-24 23:39:50.940] 发送心跳
[2021-08-24 23:39:50.942] 收到心跳
[2021-08-24 23:39:50.942] 收到心跳
[2021-08-24 23:40:20.941] 发送心跳
[2021-08-24 23:40:20.943] 收到心跳
[2021-08-24 23:40:20.943] 收到心跳
[2021-08-24 23:40:50.943] 发送心跳
[2021-08-24 23:40:50.944] 收到心跳
[2021-08-24 23:40:50.945] 收到心跳
[2021-08-24 23:41:20.944] 发送心跳
[2021-08-24 23:41:20.945] 收到心跳
[2021-08-24 23:41:20.946] 收到心跳
