[2022-02-02 11:18:54.475] app started, pid is: 20340
[2022-02-02 11:18:55.438] listener started, pid is 18600, url is ws://localhost:56790/
[2022-02-02 11:18:55.491] 后台websocket服务已连接：ws://localhost:56790/
[2022-02-02 11:19:00.504] 发送心跳
[2022-02-02 11:19:00.509] 收到心跳
[2022-02-02 11:19:30.507] 发送心跳
[2022-02-02 11:19:30.510] 收到心跳
[2022-02-02 11:20:00.509] 发送心跳
[2022-02-02 11:20:00.510] 收到心跳
[2022-02-02 11:20:30.513] 发送心跳
[2022-02-02 11:20:30.514] 收到心跳
[2022-02-02 11:20:30.514] 收到心跳
[2022-02-02 11:21:00.518] 发送心跳
[2022-02-02 11:21:00.519] 收到心跳
[2022-02-02 11:21:00.519] 收到心跳
[2022-02-02 11:21:30.519] 发送心跳
[2022-02-02 11:21:30.519] 收到心跳
[2022-02-02 11:22:00.532] 发送心跳
[2022-02-02 11:22:00.533] 收到心跳
[2022-02-02 11:22:00.533] 收到心跳
[2022-02-02 11:22:30.540] 发送心跳
[2022-02-02 11:22:30.541] 收到心跳
[2022-02-02 11:22:30.541] 收到心跳
[2022-02-02 11:23:00.553] 发送心跳
[2022-02-02 11:23:00.554] 收到心跳
[2022-02-02 11:23:00.554] 收到心跳
[2022-02-02 11:23:30.564] 发送心跳
[2022-02-02 11:23:30.564] 收到心跳
[2022-02-02 11:23:30.564] 收到心跳
[2022-02-02 11:24:00.567] 发送心跳
[2022-02-02 11:24:00.567] 收到心跳
[2022-02-02 11:24:00.567] 收到心跳
[2022-02-02 11:24:30.571] 发送心跳
[2022-02-02 11:24:30.572] 收到心跳
[2022-02-02 11:24:30.572] 收到心跳
[2022-02-02 11:25:00.585] 发送心跳
[2022-02-02 11:25:00.585] 收到心跳
[2022-02-02 11:25:00.585] 收到心跳
[2022-02-02 11:25:42.452] app started, pid is: 4176
[2022-02-02 11:25:43.087] listener started, pid is 7324, url is ws://localhost:56790/
[2022-02-02 11:25:43.125] 后台websocket服务已连接：ws://localhost:56790/
[2022-02-02 11:25:48.134] 发送心跳
[2022-02-02 11:25:48.137] 收到心跳
[2022-02-02 11:26:18.135] 发送心跳
[2022-02-02 11:26:18.136] 收到心跳
[2022-02-02 11:26:48.150] 发送心跳
[2022-02-02 11:26:48.151] 收到心跳
[2022-02-02 11:26:48.151] 收到心跳
[2022-02-02 11:27:18.158] 发送心跳
[2022-02-02 11:27:18.159] 收到心跳
[2022-02-02 11:27:18.159] 收到心跳
[2022-02-02 11:27:48.169] 发送心跳
[2022-02-02 11:27:48.170] 收到心跳
[2022-02-02 11:27:48.170] 收到心跳
[2022-02-02 11:28:18.176] 发送心跳
[2022-02-02 11:28:18.177] 收到心跳
[2022-02-02 11:28:18.177] 收到心跳
[2022-02-02 11:28:48.192] 发送心跳
[2022-02-02 11:28:48.192] 收到心跳
[2022-02-02 11:28:48.193] 收到心跳
[2022-02-02 11:29:18.200] 发送心跳
[2022-02-02 11:29:18.201] 收到心跳
[2022-02-02 11:29:18.201] 收到心跳
[2022-02-02 11:29:48.210] 发送心跳
[2022-02-02 11:29:48.211] 收到心跳
[2022-02-02 11:29:48.211] 收到心跳
[2022-02-02 11:30:18.216] 发送心跳
[2022-02-02 11:30:18.217] 收到心跳
[2022-02-02 11:30:18.217] 收到心跳
[2022-02-02 11:30:48.226] 发送心跳
[2022-02-02 11:30:48.227] 收到心跳
[2022-02-02 11:30:48.227] 收到心跳
[2022-02-02 11:31:18.243] 发送心跳
[2022-02-02 11:31:18.243] 收到心跳
[2022-02-02 11:31:18.243] 收到心跳
[2022-02-02 11:31:48.246] 发送心跳
[2022-02-02 11:31:48.253] 收到心跳
[2022-02-02 11:31:48.253] 收到心跳
[2022-02-02 11:32:18.249] 发送心跳
[2022-02-02 11:32:18.249] 收到心跳
[2022-02-02 11:32:18.249] 收到心跳
[2022-02-02 11:32:48.250] 发送心跳
[2022-02-02 11:32:48.250] 收到心跳
[2022-02-02 11:32:48.250] 收到心跳
[2022-02-02 11:33:18.260] 发送心跳
[2022-02-02 11:33:18.260] 收到心跳
[2022-02-02 11:33:18.260] 收到心跳
[2022-02-02 11:33:48.261] 发送心跳
[2022-02-02 11:33:48.262] 收到心跳
[2022-02-02 11:33:48.262] 收到心跳
[2022-02-02 11:34:18.271] 发送心跳
[2022-02-02 11:34:18.271] 收到心跳
[2022-02-02 11:34:18.272] 收到心跳
[2022-02-02 11:34:48.280] 发送心跳
[2022-02-02 11:34:48.281] 收到心跳
[2022-02-02 11:34:48.281] 收到心跳
[2022-02-02 11:35:18.293] 发送心跳
[2022-02-02 11:35:18.293] 收到心跳
[2022-02-02 11:35:18.293] 收到心跳
[2022-02-02 11:35:48.300] 发送心跳
[2022-02-02 11:35:48.301] 收到心跳
[2022-02-02 11:35:48.301] 收到心跳
[2022-02-02 11:36:18.304] 发送心跳
[2022-02-02 11:36:18.305] 收到心跳
[2022-02-02 11:36:18.305] 收到心跳
[2022-02-02 11:36:48.305] 发送心跳
[2022-02-02 11:36:48.306] 收到心跳
[2022-02-02 11:37:18.309] 发送心跳
[2022-02-02 11:37:18.310] 收到心跳
[2022-02-02 11:37:48.314] 发送心跳
[2022-02-02 11:37:48.314] 收到心跳
[2022-02-02 11:37:48.314] 收到心跳
[2022-02-02 11:38:18.321] 收到心跳
[2022-02-02 11:38:18.321] 发送心跳
[2022-02-02 11:38:18.321] 收到心跳
[2022-02-02 11:38:48.334] 发送心跳
[2022-02-02 11:38:48.334] 收到心跳
[2022-02-02 11:38:48.334] 收到心跳
[2022-02-02 11:39:18.342] 发送心跳
[2022-02-02 11:39:18.343] 收到心跳
[2022-02-02 11:39:18.343] 收到心跳
[2022-02-02 11:39:48.355] 发送心跳
[2022-02-02 11:39:48.356] 收到心跳
[2022-02-02 11:39:48.356] 收到心跳
[2022-02-02 11:40:18.371] 发送心跳
[2022-02-02 11:40:18.372] 收到心跳
[2022-02-02 11:40:18.372] 收到心跳
[2022-02-02 11:40:48.380] 收到心跳
[2022-02-02 11:40:48.379] 发送心跳
[2022-02-02 11:40:48.380] 收到心跳
[2022-02-02 11:41:18.394] 发送心跳
[2022-02-02 11:41:18.394] 收到心跳
[2022-02-02 11:41:18.395] 收到心跳
[2022-02-02 11:41:48.397] 发送心跳
[2022-02-02 11:41:48.397] 收到心跳
[2022-02-02 11:41:48.398] 收到心跳
[2022-02-02 11:42:18.407] 发送心跳
[2022-02-02 11:42:18.407] 收到心跳
[2022-02-02 11:42:18.407] 收到心跳
[2022-02-02 11:42:48.416] 收到心跳
[2022-02-02 11:42:48.416] 发送心跳
[2022-02-02 11:42:48.417] 收到心跳
[2022-02-02 11:43:18.423] 收到心跳
[2022-02-02 11:43:18.423] 发送心跳
[2022-02-02 11:43:18.423] 收到心跳
[2022-02-02 11:43:48.437] 收到心跳
[2022-02-02 11:43:48.436] 发送心跳
[2022-02-02 11:43:48.437] 收到心跳
[2022-02-02 11:44:18.438] 发送心跳
[2022-02-02 11:44:18.438] 收到心跳
[2022-02-02 11:44:18.438] 收到心跳
[2022-02-02 11:44:48.447] 发送心跳
[2022-02-02 11:44:48.448] 收到心跳
[2022-02-02 11:44:48.448] 收到心跳
[2022-02-02 11:45:18.456] 发送心跳
[2022-02-02 11:45:18.457] 收到心跳
[2022-02-02 11:45:18.457] 收到心跳
[2022-02-02 11:45:48.464] 发送心跳
[2022-02-02 11:45:48.465] 收到心跳
[2022-02-02 11:45:48.465] 收到心跳
[2022-02-02 11:46:18.473] 发送心跳
[2022-02-02 11:46:18.473] 收到心跳
[2022-02-02 11:46:18.474] 收到心跳
[2022-02-02 11:46:48.481] 发送心跳
[2022-02-02 11:46:48.481] 收到心跳
[2022-02-02 11:46:48.482] 收到心跳
[2022-02-02 11:47:18.491] 发送心跳
[2022-02-02 11:47:18.492] 收到心跳
[2022-02-02 11:47:18.492] 收到心跳
[2022-02-02 11:47:48.495] 发送心跳
[2022-02-02 11:47:48.496] 收到心跳
[2022-02-02 11:47:48.496] 收到心跳
[2022-02-02 11:48:18.499] 发送心跳
[2022-02-02 11:48:18.500] 收到心跳
[2022-02-02 11:48:18.500] 收到心跳
[2022-02-02 11:48:48.503] 发送心跳
[2022-02-02 11:48:48.503] 收到心跳
[2022-02-02 11:48:48.504] 收到心跳
[2022-02-02 11:49:18.517] 发送心跳
[2022-02-02 11:49:18.517] 收到心跳
[2022-02-02 11:49:18.517] 收到心跳
[2022-02-02 11:49:48.525] 发送心跳
[2022-02-02 11:49:48.525] 收到心跳
[2022-02-02 11:49:48.525] 收到心跳
[2022-02-02 11:50:18.529] 发送心跳
[2022-02-02 11:50:18.530] 收到心跳
[2022-02-02 11:50:18.530] 收到心跳
[2022-02-02 11:50:48.542] 发送心跳
[2022-02-02 11:50:48.542] 收到心跳
[2022-02-02 11:50:48.543] 收到心跳
[2022-02-02 11:51:18.548] 发送心跳
[2022-02-02 11:51:18.548] 收到心跳
[2022-02-02 11:51:18.548] 收到心跳
[2022-02-02 11:51:48.549] 发送心跳
[2022-02-02 11:51:48.550] 收到心跳
[2022-02-02 11:52:18.552] 发送心跳
[2022-02-02 11:52:18.552] 收到心跳
[2022-02-02 11:52:48.558] 发送心跳
[2022-02-02 11:52:48.559] 收到心跳
[2022-02-02 11:52:48.560] 收到心跳
[2022-02-02 11:53:18.565] 发送心跳
[2022-02-02 11:53:18.565] 收到心跳
[2022-02-02 11:53:18.565] 收到心跳
[2022-02-02 11:53:48.575] 发送心跳
[2022-02-02 11:53:48.576] 收到心跳
[2022-02-02 11:53:48.576] 收到心跳
[2022-02-02 11:54:18.578] 发送心跳
[2022-02-02 11:54:18.579] 收到心跳
[2022-02-02 11:54:18.579] 收到心跳
[2022-02-02 11:54:48.579] 发送心跳
[2022-02-02 11:54:48.579] 收到心跳
[2022-02-02 11:54:48.580] 收到心跳
[2022-02-02 11:55:18.592] 发送心跳
[2022-02-02 11:55:18.593] 收到心跳
[2022-02-02 11:55:18.593] 收到心跳
[2022-02-02 11:55:48.599] 发送心跳
[2022-02-02 11:55:48.600] 收到心跳
[2022-02-02 11:55:48.600] 收到心跳
[2022-02-02 11:56:18.613] 发送心跳
[2022-02-02 11:56:18.614] 收到心跳
[2022-02-02 11:56:18.614] 收到心跳
[2022-02-02 11:56:48.616] 发送心跳
[2022-02-02 11:56:48.616] 收到心跳
[2022-02-02 11:56:48.617] 收到心跳
[2022-02-02 11:57:18.624] 发送心跳
[2022-02-02 11:57:18.625] 收到心跳
[2022-02-02 11:57:18.625] 收到心跳
[2022-02-02 11:57:48.633] 发送心跳
[2022-02-02 11:57:48.634] 收到心跳
[2022-02-02 11:57:48.634] 收到心跳
[2022-02-02 11:58:18.640] 发送心跳
[2022-02-02 11:58:18.641] 收到心跳
[2022-02-02 11:58:18.641] 收到心跳
