[2021-11-13 00:02:41.506] app started, pid is: 21816
[2021-11-13 00:02:42.258] listener started, pid is 20476, url is ws://localhost:56789/
[2021-11-13 00:02:42.302] 后台websocket服务已连接：ws://localhost:56789/
[2021-11-13 00:02:47.314] 发送心跳
[2021-11-13 00:02:47.317] 收到心跳
[2021-11-13 00:03:17.322] 发送心跳
[2021-11-13 00:03:17.323] 收到心跳
[2021-11-13 00:03:47.330] 发送心跳
[2021-11-13 00:03:47.331] 收到心跳
[2021-11-13 00:03:47.331] 收到心跳
[2021-11-13 00:04:17.333] 发送心跳
[2021-11-13 00:04:17.333] 收到心跳
[2021-11-13 00:04:17.334] 收到心跳
[2021-11-13 00:04:47.343] 发送心跳
[2021-11-13 00:04:47.344] 收到心跳
[2021-11-13 00:04:47.344] 收到心跳
[2021-11-13 00:05:17.349] 发送心跳
[2021-11-13 00:05:17.350] 收到心跳
[2021-11-13 00:05:17.350] 收到心跳
[2021-11-13 00:05:47.353] 发送心跳
[2021-11-13 00:05:47.353] 收到心跳
[2021-11-13 00:05:47.353] 收到心跳
[2021-11-13 00:06:17.364] 发送心跳
[2021-11-13 00:06:17.365] 收到心跳
[2021-11-13 00:06:17.365] 收到心跳
[2021-11-13 00:06:47.366] 发送心跳
[2021-11-13 00:06:47.366] 收到心跳
[2021-11-13 00:06:47.367] 收到心跳
[2021-11-13 00:07:17.370] 发送心跳
[2021-11-13 00:07:17.371] 收到心跳
[2021-11-13 00:07:17.371] 收到心跳
[2021-11-13 00:07:47.386] 发送心跳
[2021-11-13 00:07:47.386] 收到心跳
[2021-11-13 00:07:47.386] 收到心跳
[2021-11-13 00:08:17.399] 发送心跳
[2021-11-13 00:08:17.400] 收到心跳
[2021-11-13 00:08:17.400] 收到心跳
[2021-11-13 00:08:47.411] 发送心跳
[2021-11-13 00:08:47.412] 收到心跳
[2021-11-13 00:08:47.412] 收到心跳
[2021-11-13 00:09:17.411] 发送心跳
[2021-11-13 00:09:17.412] 收到心跳
[2021-11-13 00:09:47.421] 发送心跳
[2021-11-13 00:09:47.422] 收到心跳
[2021-11-13 00:09:47.422] 收到心跳
[2021-11-13 00:10:17.429] 发送心跳
[2021-11-13 00:10:17.429] 收到心跳
[2021-11-13 00:10:17.429] 收到心跳
[2021-11-13 00:10:47.429] 发送心跳
[2021-11-13 00:10:47.429] 收到心跳
[2021-11-13 00:11:17.437] 发送心跳
[2021-11-13 00:11:17.438] 收到心跳
[2021-11-13 00:11:17.439] 收到心跳
[2021-11-13 00:11:47.439] 发送心跳
[2021-11-13 00:11:47.439] 收到心跳
[2021-11-13 00:11:47.439] 收到心跳
[2021-11-13 00:12:17.449] 发送心跳
[2021-11-13 00:12:17.449] 收到心跳
[2021-11-13 00:12:17.449] 收到心跳
[2021-11-13 00:12:47.450] 发送心跳
[2021-11-13 00:12:47.451] 收到心跳
[2021-11-13 00:12:47.451] 收到心跳
[2021-11-13 00:13:17.462] 发送心跳
[2021-11-13 00:13:17.463] 收到心跳
[2021-11-13 00:13:17.463] 收到心跳
[2021-11-13 00:13:47.474] 发送心跳
[2021-11-13 00:13:47.474] 收到心跳
[2021-11-13 00:13:47.474] 收到心跳
[2021-11-13 00:14:17.487] 发送心跳
[2021-11-13 00:14:17.488] 收到心跳
[2021-11-13 00:14:17.488] 收到心跳
[2021-11-13 00:14:47.490] 发送心跳
[2021-11-13 00:14:47.491] 收到心跳
[2021-11-13 00:14:47.491] 收到心跳
[2021-11-13 00:15:17.492] 发送心跳
[2021-11-13 00:15:17.492] 收到心跳
[2021-11-13 00:15:17.492] 收到心跳
[2021-11-13 00:15:47.492] 发送心跳
[2021-11-13 00:15:47.493] 收到心跳
[2021-11-13 00:16:17.494] 发送心跳
[2021-11-13 00:16:17.494] 收到心跳
[2021-11-13 00:16:17.495] 收到心跳
[2021-11-13 00:16:47.508] 发送心跳
[2021-11-13 00:16:47.509] 收到心跳
[2021-11-13 00:16:47.509] 收到心跳
[2021-11-13 00:17:17.510] 发送心跳
[2021-11-13 00:17:17.510] 收到心跳
[2021-11-13 00:17:17.510] 收到心跳
[2021-11-13 00:17:47.519] 发送心跳
[2021-11-13 00:17:47.520] 收到心跳
[2021-11-13 00:17:47.520] 收到心跳
[2021-11-13 00:18:17.524] 发送心跳
[2021-11-13 00:18:17.525] 收到心跳
[2021-11-13 00:18:17.525] 收到心跳
[2021-11-13 00:18:47.539] 发送心跳
[2021-11-13 00:18:47.540] 收到心跳
[2021-11-13 00:18:47.540] 收到心跳
[2021-11-13 00:19:17.552] 发送心跳
[2021-11-13 00:19:17.553] 收到心跳
[2021-11-13 00:19:17.553] 收到心跳
[2021-11-13 00:19:47.554] 发送心跳
[2021-11-13 00:19:47.555] 收到心跳
[2021-11-13 00:19:47.555] 收到心跳
[2021-11-13 00:20:17.561] 发送心跳
[2021-11-13 00:20:17.562] 收到心跳
[2021-11-13 00:20:17.562] 收到心跳
[2021-11-13 00:20:47.566] 发送心跳
[2021-11-13 00:20:47.567] 收到心跳
[2021-11-13 00:20:47.567] 收到心跳
[2021-11-13 00:21:17.568] 发送心跳
[2021-11-13 00:21:17.569] 收到心跳
[2021-11-13 00:21:17.569] 收到心跳
[2021-11-13 00:21:47.574] 发送心跳
[2021-11-13 00:21:47.574] 收到心跳
[2021-11-13 00:21:47.574] 收到心跳
